Log file open, 08/15/18 04:40:46
LogWindows: Failed to load 'aqProf.dll' (GetLastError=126)
LogWindows: File 'aqProf.dll' does not exist
LogWindows: Failed to load 'VtuneApi.dll' (GetLastError=126)
LogWindows: File 'VtuneApi.dll' does not exist
LogWindows: Failed to load 'VtuneApi32e.dll' (GetLastError=126)
LogWindows: File 'VtuneApi32e.dll' does not exist
LogInit: Display: Running engine for game: Ai_Robo_Game
LogPlatformFile: Not using cached read wrapper
LogInit: Display: RandInit(1892049197) SRandInit(1892049197).
LogInit: Read version file with build ID '3944462'
LogInit: Overriding engine version to CL 4033788, compatible CL 3944462
LogInit: Registered custom module enumerator with build ID '3944462'
LogTaskGraph: Started task graph with 5 named threads and 14 total threads with 3 sets of task threads.
LogStats: Stats thread started at 0.182546
LogD3D11RHI: Aftermath initialized
LogICUInternationalization: Display: ICU TimeZone Detection - Raw Offset: -6:00, Platform Override: ''
LogModuleManager: Display: Found up-to-date module file ../../../Engine/Plugins/2D/Paper2D/Binaries/Win64/UE4Editor-Paper2D.dll (API version 3944462).
LogModuleManager: Display: Found up-to-date module file ../../../Engine/Plugins/2D/Paper2D/Binaries/Win64/UE4Editor-Paper2DEditor.dll (API version 3944462).
LogModuleManager: Display: Found up-to-date module file ../../../Engine/Plugins/2D/Paper2D/Binaries/Win64/UE4Editor-PaperSpriteSheetImporter.dll (API version 3944462).
LogModuleManager: Display: Found up-to-date module file ../../../Engine/Plugins/2D/Paper2D/Binaries/Win64/UE4Editor-PaperTiledImporter.dll (API version 3944462).
LogModuleManager: Display: Found up-to-date module file ../../../Engine/Plugins/2D/Paper2D/Binaries/Win64/UE4Editor-SmartSnapping.dll (API version 3944462).
LogModuleManager: Display: Found up-to-date module file ../../../Engine/Plugins/Blendables/LightPropagationVolume/Binaries/Win64/UE4Editor-LightPropagationVolumeRuntime.dll (API version 3944462).
LogModuleManager: Display: Found up-to-date module file ../../../Engine/Plugins/Blendables/LightPropagationVolume/Binaries/Win64/UE4Editor-LightPropagationVolumeEditor.dll (API version 3944462).
LogModuleManager: Display: Found up-to-date module file ../../../Engine/Plugins/Developer/CLionSourceCodeAccess/Binaries/Win64/UE4Editor-CLionSourceCodeAccess.dll (API version 3944462).
LogModuleManager: Display: Found up-to-date module file ../../../Engine/Plugins/Developer/GitSourceControl/Binaries/Win64/UE4Editor-GitSourceControl.dll (API version 3944462).
LogModuleManager: Display: Found up-to-date module file ../../../Engine/Plugins/Developer/PerforceSourceControl/Binaries/Win64/UE4Editor-PerforceSourceControl.dll (API version 3944462).
LogModuleManager: Display: Found up-to-date module file ../../../Engine/Plugins/Developer/SubversionSourceControl/Binaries/Win64/UE4Editor-SubversionSourceControl.dll (API version 3944462).
LogModuleManager: Display: Found up-to-date module file ../../../Engine/Plugins/Developer/UObjectPlugin/Binaries/Win64/UE4Editor-UObjectPlugin.dll (API version 3944462).
LogModuleManager: Display: Found up-to-date module file ../../../Engine/Plugins/Developer/VisualStudioCodeSourceCodeAccess/Binaries/Win64/UE4Editor-VisualStudioCodeSourceCodeAccess.dll (API version 3944462).
LogModuleManager: Display: Found up-to-date module file ../../../Engine/Plugins/Developer/VisualStudioSourceCodeAccess/Binaries/Win64/UE4Editor-VisualStudioSourceCodeAccess.dll (API version 3944462).
LogModuleManager: Display: Found up-to-date module file ../../../Engine/Plugins/Editor/AssetManagerEditor/Binaries/Win64/UE4Editor-AssetManagerEditor.dll (API version 3944462).
LogModuleManager: Display: Found up-to-date module file ../../../Engine/Plugins/Editor/CryptoKeys/Binaries/Win64/UE4Editor-CryptoKeys.dll (API version 3944462).
LogModuleManager: Display: Found up-to-date module file ../../../Engine/Plugins/Editor/CryptoKeys/Binaries/Win64/UE4Editor-CryptoKeysOpenSSL.dll (API version 3944462).
LogModuleManager: Display: Found up-to-date module file ../../../Engine/Plugins/Editor/DataValidation/Binaries/Win64/UE4Editor-DataValidation.dll (API version 3944462).
LogModuleManager: Display: Found up-to-date module file ../../../Engine/Plugins/Editor/FacialAnimation/Binaries/Win64/UE4Editor-FacialAnimation.dll (API version 3944462).
LogModuleManager: Display: Found up-to-date module file ../../../Engine/Plugins/Editor/FacialAnimation/Binaries/Win64/UE4Editor-FacialAnimationEditor.dll (API version 3944462).
LogModuleManager: Display: Found up-to-date module file ../../../Engine/Plugins/Editor/GameplayTagsEditor/Binaries/Win64/UE4Editor-GameplayTagsEditor.dll (API version 3944462).
LogModuleManager: Display: Found up-to-date module file ../../../Engine/Plugins/Editor/MobileLauncherProfileWizard/Binaries/Win64/UE4Editor-MobileLauncherProfileWizard.dll (API version 3944462).
LogModuleManager: Display: Found up-to-date module file ../../../Engine/Plugins/Editor/PluginBrowser/Binaries/Win64/UE4Editor-PluginBrowser.dll (API version 3944462).
LogModuleManager: Display: Found up-to-date module file ../../../Engine/Plugins/Editor/SpeedTreeImporter/Binaries/Win64/UE4Editor-SpeedTreeImporter.dll (API version 3944462).
LogModuleManager: Display: Found up-to-date module file ../../../Engine/Plugins/Enterprise/DatasmithContent/Binaries/Win64/UE4Editor-DatasmithContent.dll (API version 3944462).
LogModuleManager: Display: Found up-to-date module file ../../../Engine/Plugins/Experimental/AlembicImporter/Binaries/Win64/UE4Editor-AlembicImporter.dll (API version 3944462).
LogModuleManager: Display: Found up-to-date module file ../../../Engine/Plugins/Experimental/AlembicImporter/Binaries/Win64/UE4Editor-AlembicLibrary.dll (API version 3944462).
LogModuleManager: Display: Found up-to-date module file ../../../Engine/Plugins/Experimental/CharacterAI/Binaries/Win64/UE4Editor-CharacterAI.dll (API version 3944462).
LogModuleManager: Display: Found up-to-date module file ../../../Engine/Plugins/Experimental/HTML5Networking/Binaries/Win64/UE4Editor-HTML5Networking.dll (API version 3944462).
LogModuleManager: Display: Found up-to-date module file ../../../Engine/Plugins/Media/AndroidMedia/Binaries/Win64/UE4Editor-AndroidMediaEditor.dll (API version 3944462).
LogModuleManager: Display: Found up-to-date module file ../../../Engine/Plugins/Media/AndroidMedia/Binaries/Win64/UE4Editor-AndroidMediaFactory.dll (API version 3944462).
LogModuleManager: Display: Found up-to-date module file ../../../Engine/Plugins/Media/AvfMedia/Binaries/Win64/UE4Editor-AvfMediaEditor.dll (API version 3944462).
LogModuleManager: Display: Found up-to-date module file ../../../Engine/Plugins/Media/AvfMedia/Binaries/Win64/UE4Editor-AvfMediaFactory.dll (API version 3944462).
LogModuleManager: Display: Found up-to-date module file ../../../Engine/Plugins/Media/AvfMedia/Binaries/Win64/UE4Editor-AvfMediaFactory.dll (API version 3944462).
LogModuleManager: Display: Found up-to-date module file ../../../Engine/Plugins/Media/ImgMedia/Binaries/Win64/UE4Editor-ImgMedia.dll (API version 3944462).
LogModuleManager: Display: Found up-to-date module file ../../../Engine/Plugins/Media/ImgMedia/Binaries/Win64/UE4Editor-ImgMediaEditor.dll (API version 3944462).
LogModuleManager: Display: Found up-to-date module file ../../../Engine/Plugins/Media/ImgMedia/Binaries/Win64/UE4Editor-ImgMediaFactory.dll (API version 3944462).
LogModuleManager: Display: Found up-to-date module file ../../../Engine/Plugins/Media/ImgMedia/Binaries/Win64/UE4Editor-ImgMediaFactory.dll (API version 3944462).
LogModuleManager: Display: Found up-to-date module file ../../../Engine/Plugins/Media/ImgMedia/Binaries/Win64/UE4Editor-OpenExrWrapper.dll (API version 3944462).
LogModuleManager: Display: Found up-to-date module file ../../../Engine/Plugins/Media/LinearTimecode/Binaries/Win64/UE4Editor-LinearTimecode.dll (API version 3944462).
LogModuleManager: Display: Found up-to-date module file ../../../Engine/Plugins/Media/MediaCompositing/Binaries/Win64/UE4Editor-MediaCompositing.dll (API version 3944462).
LogModuleManager: Display: Found up-to-date module file ../../../Engine/Plugins/Media/MediaCompositing/Binaries/Win64/UE4Editor-MediaCompositingEditor.dll (API version 3944462).
LogModuleManager: Display: Found up-to-date module file ../../../Engine/Plugins/Media/MediaPlayerEditor/Binaries/Win64/UE4Editor-MediaPlayerEditor.dll (API version 3944462).
LogModuleManager: Display: Found up-to-date module file ../../../Engine/Plugins/Media/WmfMedia/Binaries/Win64/UE4Editor-WmfMedia.dll (API version 3944462).
LogModuleManager: Display: Found up-to-date module file ../../../Engine/Plugins/Media/WmfMedia/Binaries/Win64/UE4Editor-WmfMediaEditor.dll (API version 3944462).
LogModuleManager: Display: Found up-to-date module file ../../../Engine/Plugins/Media/WmfMedia/Binaries/Win64/UE4Editor-WmfMediaFactory.dll (API version 3944462).
LogModuleManager: Display: Found up-to-date module file ../../../Engine/Plugins/Media/WmfMedia/Binaries/Win64/UE4Editor-WmfMediaFactory.dll (API version 3944462).
LogModuleManager: Display: Found up-to-date module file ../../../Engine/Plugins/Messaging/TcpMessaging/Binaries/Win64/UE4Editor-TcpMessaging.dll (API version 3944462).
LogModuleManager: Display: Found up-to-date module file ../../../Engine/Plugins/Messaging/UdpMessaging/Binaries/Win64/UE4Editor-UdpMessaging.dll (API version 3944462).
LogModuleManager: Display: Found up-to-date module file ../../../Engine/Plugins/MovieScene/ActorSequence/Binaries/Win64/UE4Editor-ActorSequence.dll (API version 3944462).
LogModuleManager: Display: Found up-to-date module file ../../../Engine/Plugins/MovieScene/LevelSequenceEditor/Binaries/Win64/UE4Editor-LevelSequenceEditor.dll (API version 3944462).
LogModuleManager: Display: Found up-to-date module file ../../../Engine/Plugins/MovieScene/MatineeToLevelSequence/Binaries/Win64/UE4Editor-MatineeToLevelSequence.dll (API version 3944462).
LogModuleManager: Display: Found up-to-date module file ../../../Engine/Plugins/NetcodeUnitTest/NetcodeUnitTest/Binaries/Win64/UE4Editor-NetcodeUnitTest.dll (API version 3944462).
LogModuleManager: Display: Found up-to-date module file ../../../Engine/Plugins/NetcodeUnitTest/NUTUnrealEngine4/Binaries/Win64/UE4Editor-NUTUnrealEngine4.dll (API version 3944462).
LogModuleManager: Display: Found up-to-date module file ../../../Engine/Plugins/Online/OnlineSubsystem/Binaries/Win64/UE4Editor-OnlineSubsystem.dll (API version 3944462).
LogModuleManager: Display: Found up-to-date module file ../../../Engine/Plugins/Runtime/AndroidPermission/Binaries/Win64/UE4Editor-AndroidPermission.dll (API version 3944462).
LogModuleManager: Display: Found up-to-date module file ../../../Engine/Plugins/Online/OnlineSubsystemNull/Binaries/Win64/UE4Editor-OnlineSubsystemNull.dll (API version 3944462).
LogModuleManager: Display: Found up-to-date module file ../../../Engine/Plugins/Online/OnlineSubsystemUtils/Binaries/Win64/UE4Editor-OnlineSubsystemUtils.dll (API version 3944462).
LogModuleManager: Display: Found up-to-date module file ../../../Engine/Plugins/Online/OnlineSubsystemUtils/Binaries/Win64/UE4Editor-OnlineBlueprintSupport.dll (API version 3944462).
LogModuleManager: Display: Found up-to-date module file ../../../Engine/Plugins/Runtime/AndroidDeviceProfileSelector/Binaries/Win64/UE4Editor-AndroidDeviceProfileSelector.dll (API version 3944462).
LogModuleManager: Display: Found up-to-date module file ../../../Engine/Plugins/Runtime/AppleARKit/Binaries/Win64/UE4Editor-AppleARKit.dll (API version 3944462).
LogModuleManager: Display: Found up-to-date module file ../../../Engine/Plugins/Runtime/ProceduralMeshComponent/Binaries/Win64/UE4Editor-ProceduralMeshComponent.dll (API version 3944462).
LogModuleManager: Display: Found up-to-date module file ../../../Engine/Plugins/Runtime/ProceduralMeshComponent/Binaries/Win64/UE4Editor-ProceduralMeshComponentEditor.dll (API version 3944462).
LogModuleManager: Display: Found up-to-date module file ../../../Engine/Plugins/Animation/LiveLink/Binaries/Win64/UE4Editor-LiveLink.dll (API version 3944462).
LogModuleManager: Display: Found up-to-date module file ../../../Engine/Plugins/Animation/LiveLink/Binaries/Win64/UE4Editor-LiveLinkEditor.dll (API version 3944462).
LogModuleManager: Display: Found up-to-date module file ../../../Engine/Plugins/Runtime/ArchVisCharacter/Binaries/Win64/UE4Editor-ArchVisCharacter.dll (API version 3944462).
LogModuleManager: Display: Found up-to-date module file ../../../Engine/Plugins/Runtime/AudioCapture/Binaries/Win64/UE4Editor-AudioCapture.dll (API version 3944462).
LogModuleManager: Display: Found up-to-date module file ../../../Engine/Plugins/Runtime/AudioCapture/Binaries/Win64/UE4Editor-AudioCaptureEditor.dll (API version 3944462).
LogModuleManager: Display: Found up-to-date module file ../../../Engine/Plugins/Runtime/CableComponent/Binaries/Win64/UE4Editor-CableComponent.dll (API version 3944462).
LogModuleManager: Display: Found up-to-date module file ../../../Engine/Plugins/Runtime/CustomMeshComponent/Binaries/Win64/UE4Editor-CustomMeshComponent.dll (API version 3944462).
LogModuleManager: Display: Found up-to-date module file ../../../Engine/Plugins/Runtime/ExampleDeviceProfileSelector/Binaries/Win64/UE4Editor-ExampleDeviceProfileSelector.dll (API version 3944462).
LogModuleManager: Display: Found up-to-date module file ../../../Engine/Plugins/Runtime/ImmediatePhysics/Binaries/Win64/UE4Editor-ImmediatePhysics.dll (API version 3944462).
LogModuleManager: Display: Found up-to-date module file ../../../Engine/Plugins/Runtime/ImmediatePhysics/Binaries/Win64/UE4Editor-ImmediatePhysicsEditor.dll (API version 3944462).
LogModuleManager: Display: Found up-to-date module file ../../../Engine/Plugins/Runtime/LocationServicesBPLibrary/Binaries/Win64/UE4Editor-LocationServicesBPLibrary.dll (API version 3944462).
LogModuleManager: Display: Found up-to-date module file ../../../Engine/Plugins/Runtime/MobilePatchingUtils/Binaries/Win64/UE4Editor-MobilePatchingUtils.dll (API version 3944462).
LogModuleManager: Display: Found up-to-date module file ../../../Engine/Plugins/Runtime/Oculus/OculusVR/Binaries/Win64/UE4Editor-OculusHMD.dll (API version 3944462).
LogModuleManager: Display: Found up-to-date module file ../../../Engine/Plugins/Runtime/Oculus/OculusVR/Binaries/Win64/UE4Editor-OculusInput.dll (API version 3944462).
LogModuleManager: Display: Found up-to-date module file ../../../Engine/Plugins/Runtime/Oculus/OculusVR/Binaries/Win64/UE4Editor-OculusEditor.dll (API version 3944462).
LogModuleManager: Display: Found up-to-date module file ../../../Engine/Plugins/Runtime/PhysXVehicles/Binaries/Win64/UE4Editor-PhysXVehicles.dll (API version 3944462).
LogModuleManager: Display: Found up-to-date module file ../../../Engine/Plugins/Runtime/PhysXVehicles/Binaries/Win64/UE4Editor-PhysXVehiclesEditor.dll (API version 3944462).
LogModuleManager: Display: Found up-to-date module file ../../../Engine/Plugins/Runtime/RuntimePhysXCooking/Binaries/Win64/UE4Editor-RuntimePhysXCooking.dll (API version 3944462).
LogModuleManager: Display: Found up-to-date module file ../../../Engine/Plugins/Runtime/Steam/SteamVR/Binaries/Win64/UE4Editor-SteamVR.dll (API version 3944462).
LogModuleManager: Display: Found up-to-date module file ../../../Engine/Plugins/Runtime/Steam/SteamVR/Binaries/Win64/UE4Editor-SteamVRController.dll (API version 3944462).
LogModuleManager: Display: Found up-to-date module file ../../../Engine/Plugins/Runtime/WindowsMoviePlayer/Binaries/Win64/UE4Editor-WindowsMoviePlayer.dll (API version 3944462).
LogPluginManager: Mounting plugin Paper2D
LogPluginManager: Mounting plugin LiveLink
LogPluginManager: Mounting plugin LightPropagationVolume
LogPluginManager: Mounting plugin CLionSourceCodeAccess
LogPluginManager: Mounting plugin CodeLiteSourceCodeAccess
LogPluginManager: Mounting plugin GitSourceControl
LogPluginManager: Mounting plugin KDevelopSourceCodeAccess
LogPluginManager: Mounting plugin NullSourceCodeAccess
LogPluginManager: Mounting plugin PerforceSourceControl
LogPluginManager: Mounting plugin SubversionSourceControl
LogPluginManager: Mounting plugin UObjectPlugin
LogPluginManager: Mounting plugin VisualStudioCodeSourceCodeAccess
LogPluginManager: Mounting plugin VisualStudioSourceCodeAccess
LogPluginManager: Mounting plugin XCodeSourceCodeAccess
LogPluginManager: Mounting plugin AssetManagerEditor
LogPluginManager: Mounting plugin CryptoKeys
LogPluginManager: Mounting plugin DataValidation
LogPluginManager: Mounting plugin FacialAnimation
LogPluginManager: Mounting plugin GameplayTagsEditor
LogPluginManager: Mounting plugin MobileLauncherProfileWizard
LogPluginManager: Mounting plugin PluginBrowser
LogPluginManager: Mounting plugin SpeedTreeImporter
LogPluginManager: Mounting plugin DatasmithContent
LogPluginManager: Mounting plugin AlembicImporter
LogPluginManager: Mounting plugin CharacterAI
LogPluginManager: Mounting plugin HTML5Networking
LogPluginManager: Mounting plugin AndroidMedia
LogPluginManager: Mounting plugin AvfMedia
LogPluginManager: Mounting plugin ImgMedia
LogPluginManager: Mounting plugin LinearTimecode
LogPluginManager: Mounting plugin MediaCompositing
LogPluginManager: Mounting plugin MediaPlayerEditor
LogPluginManager: Mounting plugin WmfMedia
LogPluginManager: Mounting plugin TcpMessaging
LogPluginManager: Mounting plugin UdpMessaging
LogPluginManager: Mounting plugin ActorSequence
LogPluginManager: Mounting plugin LevelSequenceEditor
LogPluginManager: Mounting plugin MatineeToLevelSequence
LogPluginManager: Mounting plugin NetcodeUnitTest
LogPluginManager: Mounting plugin NUTUnrealEngine4
LogPluginManager: Mounting plugin OnlineSubsystemGooglePlay
LogPluginManager: Mounting plugin OnlineSubsystemIOS
LogPluginManager: Mounting plugin OnlineSubsystem
LogPluginManager: Mounting plugin OnlineSubsystemNull
LogPluginManager: Mounting plugin OnlineSubsystemUtils
LogPluginManager: Mounting plugin AndroidDeviceProfileSelector
LogPluginManager: Mounting plugin AndroidMoviePlayer
LogPluginManager: Mounting plugin AndroidPermission
LogPluginManager: Mounting plugin AppleARKit
LogPluginManager: Mounting plugin AppleMoviePlayer
LogPluginManager: Mounting plugin ArchVisCharacter
LogPluginManager: Mounting plugin AudioCapture
LogPluginManager: Mounting plugin CableComponent
LogPluginManager: Mounting plugin CustomMeshComponent
LogPluginManager: Mounting plugin ExampleDeviceProfileSelector
LogPluginManager: Mounting plugin GoogleCloudMessaging
LogPluginManager: Mounting plugin ImmediatePhysics
LogPluginManager: Mounting plugin IOSDeviceProfileSelector
LogPluginManager: Mounting plugin LinuxDeviceProfileSelector
LogPluginManager: Mounting plugin LocationServicesBPLibrary
LogPluginManager: Mounting plugin MobilePatchingUtils
LogPluginManager: Mounting plugin OculusVR
LogPluginManager: Plugin shader directory ../../../Engine/Plugins/Runtime/Oculus/OculusVR/Shaders found
LogPluginManager: Mapping shader source directory ../../../Engine/Plugins/Runtime/Oculus/OculusVR/Shaders to virtual directory /Plugin/OculusVR
LogPluginManager: Mounting plugin PhysXVehicles
LogPluginManager: Mounting plugin ProceduralMeshComponent
LogPluginManager: Mounting plugin RuntimePhysXCooking
LogPluginManager: Mounting plugin SteamVR
LogPluginManager: Mounting plugin WindowsMoviePlayer
LogStreaming: Display: Took  0.840s to configure plugins.
LogInit: Using libcurl 7.47.1
LogInit:  - built for x86_64-pc-win32
LogInit:  - supports SSL with OpenSSL/1.0.2g
LogInit:  - supports HTTP deflate (compression) using libz 1.2.8
LogInit:  - other features:
LogInit:      CURL_VERSION_SSL
LogInit:      CURL_VERSION_LIBZ
LogInit:      CURL_VERSION_IPV6
LogInit:      CURL_VERSION_ASYNCHDNS
LogInit:      CURL_VERSION_LARGEFILE
LogInit:      CURL_VERSION_IDN
LogInit:  CurlRequestOptions (configurable via config and command line):
LogInit:  - bVerifyPeer = false  - Libcurl will NOT verify peer certificate
LogInit:  - bUseHttpProxy = false  - Libcurl will NOT use HTTP proxy
LogInit:  - bDontReuseConnections = false  - Libcurl will reuse connections
LogInit:  - CertBundlePath = nullptr  - Libcurl will use whatever was configured at build time.
LogInit:  - MaxHostConnections = 16  - Libcurl will limit the number of connections to a host
LogInit:  - LocalHostAddr = Default
LogInit: WinSock: version 1.1 (2.2), MaxSocks=32767, MaxUdp=65467
LogInit: WinSock: I am Tanner-PC (10.0.0.175:0)
LogInit: Build: ++UE4+Release-4.19-CL-4033788
LogInit: Engine Version: 4.19.2-4033788+++UE4+Release-4.19
LogInit: Compatible Engine Version: 4.19.0-3944462+++UE4+Release-4.19
LogInit: Net CL: 3944462
LogDevObjectVersion: Number of dev versions registered: 18
LogDevObjectVersion:   Dev-Blueprints (B0D832E4-1F89-4F0D-ACCF-7EB736FD4AA2): 10
LogDevObjectVersion:   Dev-Build (E1C64328-A22C-4D53-A36C-8E866417BD8C): 0
LogDevObjectVersion:   Dev-Core (375EC13C-06E4-48FB-B500-84F0262A717E): 2
LogDevObjectVersion:   Dev-Editor (E4B068ED-F494-42E9-A231-DA0B2E46BB41): 23
LogDevObjectVersion:   Dev-Framework (CFFC743F-43B0-4480-9391-14DF171D2073): 33
LogDevObjectVersion:   Dev-Mobile (B02B49B5-BB20-44E9-A304-32B752E40360): 2
LogDevObjectVersion:   Dev-Networking (A4E4105C-59A1-49B5-A7C5-40C4547EDFEE): 0
LogDevObjectVersion:   Dev-Online (39C831C9-5AE6-47DC-9A44-9C173E1C8E7C): 0
LogDevObjectVersion:   Dev-Physics (78F01B33-EBEA-4F98-B9B4-84EACCB95AA2): 0
LogDevObjectVersion:   Dev-Platform (6631380F-2D4D-43E0-8009-CF276956A95A): 0
LogDevObjectVersion:   Dev-Rendering (12F88B9F-8875-4AFC-A67C-D90C383ABD29): 25
LogDevObjectVersion:   Dev-Sequencer (7B5AE74C-D270-4C10-A958-57980B212A5A): 6
LogDevObjectVersion:   Dev-VR (D7296918-1DD6-4BDD-9DE2-64A83CC13884): 1
LogDevObjectVersion:   Dev-LoadTimes (C2A15278-BFE7-4AFE-6C17-90FF531DF755): 1
LogDevObjectVersion:   Private-Geometry (6EACA3D4-40EC-4CC1-B786-8BED09428FC5): 2
LogDevObjectVersion:   Dev-AnimPhys (29E575DD-E0A3-4627-9D10-D276232CDCEA): 16
LogDevObjectVersion:   Dev-ReflectionCapture (6B266CEC-1EC7-4B8F-A30B-E4D90942FC07): 1
LogDevObjectVersion:   Dev-Automation (0DF73D61-A23F-47EA-B727-89E90C41499A): 1
LogInit: Compiled (64-bit): Apr 27 2018 02:06:57
LogInit: Compiled with Visual C++: 19.00.24215.01
LogInit: Build Configuration: Development
LogInit: Branch Name: ++UE4+Release-4.19
LogInit: Command Line:  
LogInit: Base Directory: C:/Program Files/Epic Games/UE_4.19/Engine/Binaries/Win64/
LogInit: Installed Engine Build: 1
LogStreaming: Display: Took  0.000s to delete old logs.
LogInit: Presizing for max 8388607 objects, including 0 objects not considered by GC, pre-allocating 0 bytes for permanent pool.
LogInit: Object subsystem initialized
[2018.08.15-09.40.48:209][  0]LogInit: Selected Device Profile: [Windows]
[2018.08.15-09.40.48:209][  0]LogInit: Applying CVar settings loaded from the selected device profile: [Windows]
[2018.08.15-09.40.48:234][  0]LogInit: Computer: TANNER-PC
[2018.08.15-09.40.48:234][  0]LogInit: User: Tanner
[2018.08.15-09.40.48:234][  0]LogInit: CPU Page size=4096, Cores=4
[2018.08.15-09.40.48:234][  0]LogInit: High frequency timer resolution =2.648505 MHz
[2018.08.15-09.40.48:235][  0]LogMemory: Memory total: Physical=15.9GB (16GB approx)
[2018.08.15-09.40.48:235][  0]LogMemory: Platform Memory Stats for Windows
[2018.08.15-09.40.48:235][  0]LogMemory: Process Physical Memory: 273.90 MB used, 273.90 MB peak
[2018.08.15-09.40.48:235][  0]LogMemory: Process Virtual Memory: 268.38 MB used, 268.38 MB peak
[2018.08.15-09.40.48:235][  0]LogMemory: Physical Memory: 10906.97 MB used,  5405.11 MB free, 16312.08 MB total
[2018.08.15-09.40.48:235][  0]LogMemory: Virtual Memory: 636.28 MB used,  5405.11 MB free, 8388608.00 MB total
[2018.08.15-09.40.48:354][  0]LogInit: Using OS detected language (en-US).
[2018.08.15-09.40.48:354][  0]LogInit: Using OS detected locale (en-US).
[2018.08.15-09.40.48:361][  0]LogTextLocalizationManager: No specific localization for 'en-US' exists, so the 'en' localization will be used.
[2018.08.15-09.40.48:908][  0]LogStreaming: Display: Took  0.553s to EndInitTextLocalization.
[2018.08.15-09.40.48:909][  0]LogWindows: Failed to load 'shcore.dll' (GetLastError=126)
[2018.08.15-09.40.48:909][  0]LogWindows: File 'shcore.dll' does not exist
[2018.08.15-09.40.48:909][  0]LogInit: Setting process to DPI aware
[2018.08.15-09.40.48:918][  0]LogWindows: Failed to load 'shcore.dll' (GetLastError=126)
[2018.08.15-09.40.48:918][  0]LogWindows: File 'shcore.dll' does not exist
[2018.08.15-09.40.48:918][  0]LogInit: Setting process to DPI aware
[2018.08.15-09.40.48:971][  0]LogSlate: New Slate User Created.  User Index 0, Is Virtual User: 0
[2018.08.15-09.40.48:971][  0]LogSlate: Slate User Registered.  User Index 0, Is Virtual User: 0
[2018.08.15-09.40.49:234][  0]LogD3D11RHI: D3D11 adapters:
[2018.08.15-09.40.49:272][  0]LogD3D11RHI:    0. 'NVIDIA GeForce GTX 1060 6GB' (Feature Level 11_0)
[2018.08.15-09.40.49:272][  0]LogD3D11RHI:       6036/0/7900 MB DedicatedVideo/DedicatedSystem/SharedSystem, Outputs:1, VendorId:0x10de
[2018.08.15-09.40.49:272][  0]LogD3D11RHI: Chosen D3D11 Adapter: 0
[2018.08.15-09.40.49:286][  0]LogD3D11RHI: Creating new Direct3DDevice
[2018.08.15-09.40.49:286][  0]LogD3D11RHI:     GPU DeviceId: 0x1c03 (for the marketing name, search the web for "GPU Device Id")
[2018.08.15-09.40.49:286][  0]LogWindows: EnumDisplayDevices:
[2018.08.15-09.40.49:287][  0]LogWindows:    0. 'NVIDIA GeForce GTX 1060 6GB' (P:1 D:1)
[2018.08.15-09.40.49:287][  0]LogWindows:    1. 'NVIDIA GeForce GTX 1060 6GB' (P:0 D:0)
[2018.08.15-09.40.49:287][  0]LogWindows:    2. 'NVIDIA GeForce GTX 1060 6GB' (P:0 D:0)
[2018.08.15-09.40.49:287][  0]LogWindows:    3. 'NVIDIA GeForce GTX 1060 6GB' (P:0 D:0)
[2018.08.15-09.40.49:287][  0]LogWindows:    4. 'RDPDD Chained DD' (P:0 D:0)
[2018.08.15-09.40.49:287][  0]LogWindows:    5. 'RDP Encoder Mirror Driver' (P:0 D:0)
[2018.08.15-09.40.49:287][  0]LogWindows:    6. 'RDP Reflector Display Driver' (P:0 D:0)
[2018.08.15-09.40.49:287][  0]LogWindows: DebugString: GetVideoDriverDetailsInvalid PrimaryIsNotTheChoosenAdapter GetVideoDriverDetailsInvalid PrimaryIsNotTheChoosenAdapter GetVideoDriverDetailsInvalid PrimaryIsNotTheChoosenAdapter FoundDriverCount:4 
[2018.08.15-09.40.49:287][  0]LogD3D11RHI:     Adapter Name: NVIDIA GeForce GTX 1060 6GB
[2018.08.15-09.40.49:288][  0]LogD3D11RHI:   Driver Version: 391.35 (internal:23.21.13.9135, unified:391.35)
[2018.08.15-09.40.49:288][  0]LogD3D11RHI:      Driver Date: 3-23-2018
[2018.08.15-09.40.49:288][  0]LogRHI: Texture pool is 4225 MB (70% of 6036 MB)
[2018.08.15-09.40.49:309][  0]LogD3D11RHI: [Aftermath] Aftermath enabled and primed
[2018.08.15-09.40.49:309][  0]LogD3D11RHI: [Aftermath] Aftermath enabled and primed
[2018.08.15-09.40.49:309][  0]LogD3D11RHI: Async texture creation enabled
[2018.08.15-09.40.49:342][  0]LogD3D11RHI: GPU Timing Frequency: 1000.000000 (Debug: 2 2)
[2018.08.15-09.40.49:349][  0]LogShaderCompilers: Guid format shader working directory is 15 characters bigger than the processId version (E:/Unreal Projects/Ai_Robo_Game/Intermediate/Shaders/WorkingDirectory/13808/).
[2018.08.15-09.40.49:350][  0]LogShaderCompilers: Cleaned the shader compiler working directory 'C:/Users/Tanner/AppData/Local/Temp/UnrealShaderWorkingDir/A48CE8284F8512EDC041EDB56E7756E7/'.
[2018.08.15-09.40.49:827][  0]LogTemp: Display: Loaded TP AllDesktopTargetPlatform
[2018.08.15-09.40.49:841][  0]LogTemp: Display: Loaded TP MacClientTargetPlatform
[2018.08.15-09.40.49:856][  0]LogTemp: Display: Loaded TP MacNoEditorTargetPlatform
[2018.08.15-09.40.49:869][  0]LogTemp: Display: Loaded TP MacServerTargetPlatform
[2018.08.15-09.40.49:883][  0]LogTemp: Display: Loaded TP MacTargetPlatform
[2018.08.15-09.40.49:899][  0]LogTemp: Display: Loaded TP WindowsClientTargetPlatform
[2018.08.15-09.40.49:913][  0]LogTemp: Display: Loaded TP WindowsNoEditorTargetPlatform
[2018.08.15-09.40.49:928][  0]LogTemp: Display: Loaded TP WindowsServerTargetPlatform
[2018.08.15-09.40.49:935][  0]LogTemp: Display: Loaded TP WindowsTargetPlatform
[2018.08.15-09.40.49:948][  0]LogTemp: Display: Loaded TP Android_ASTCTargetPlatform
[2018.08.15-09.40.49:964][  0]LogTemp: Display: Loaded TP Android_ATCTargetPlatform
[2018.08.15-09.40.49:977][  0]LogTemp: Display: Loaded TP Android_DXTTargetPlatform
[2018.08.15-09.40.49:991][  0]LogTemp: Display: Loaded TP Android_ETC1aTargetPlatform
[2018.08.15-09.40.50:005][  0]LogTemp: Display: Loaded TP Android_ETC1TargetPlatform
[2018.08.15-09.40.50:020][  0]LogTemp: Display: Loaded TP Android_ETC2TargetPlatform
[2018.08.15-09.40.50:049][  0]LogTemp: Display: Loaded TP Android_MultiTargetPlatform
[2018.08.15-09.40.50:049][  0]LogTemp: Display: Loaded TP Android_PVRTCTargetPlatform
[2018.08.15-09.40.50:063][  0]LogTemp: Display: Loaded TP AndroidTargetPlatform
[2018.08.15-09.40.50:065][  0]LogTemp: Display: Loaded TP HTML5TargetPlatform
[2018.08.15-09.40.50:107][  0]LogTemp: Display: Loaded TP IOSTargetPlatform
[2018.08.15-09.40.50:120][  0]LogTemp: Display: Loaded TP TVOSTargetPlatform
[2018.08.15-09.40.50:132][  0]LogTemp: Display: Loaded TP LinuxClientTargetPlatform
[2018.08.15-09.40.50:145][  0]LogTemp: Display: Loaded TP LinuxNoEditorTargetPlatform
[2018.08.15-09.40.50:159][  0]LogTemp: Display: Loaded TP LinuxServerTargetPlatform
[2018.08.15-09.40.50:174][  0]LogTemp: Display: Loaded TP LinuxTargetPlatform
[2018.08.15-09.40.50:174][  0]LogTargetPlatformManager: Display: Building Assets For Windows
[2018.08.15-09.40.50:315][  0]LogXGEController: Cleaning working directory: C:/Users/Tanner/AppData/Local/Temp/UnrealXGEWorkingDir/
[2018.08.15-09.40.50:316][  0]LogXGEController: Cannot use XGE Controller as Incredibuild is not installed on this machine.
[2018.08.15-09.40.50:316][  0]LogShaderCompilers: Cannot use XGE Shader Compiler as Incredibuild is not installed on this machine.
[2018.08.15-09.40.50:316][  0]LogShaderCompilers: Display: Using Local Shader Compiler.
[2018.08.15-09.40.51:192][  0]LogDerivedDataCache: Display: Max Cache Size: 512 MB
[2018.08.15-09.40.51:440][  0]LogDerivedDataCache: Loaded boot cache 0.25s 74MB C:/Users/Tanner/AppData/Local/UnrealEngine/4.19/DerivedDataCache/Boot.ddc.
[2018.08.15-09.40.51:440][  0]LogDerivedDataCache: Display: Loaded Boot cache: C:/Users/Tanner/AppData/Local/UnrealEngine/4.19/DerivedDataCache/Boot.ddc
[2018.08.15-09.40.51:440][  0]LogDerivedDataCache: FDerivedDataBackendGraph:  Pak pak cache file E:/Unreal Projects/Ai_Robo_Game/DerivedDataCache/DDC.ddp not found, will not use a pak cache.
[2018.08.15-09.40.51:440][  0]LogDerivedDataCache: Unable to find inner node Pak for hierarchical cache Hierarchy.
[2018.08.15-09.40.51:440][  0]LogDerivedDataCache: FDerivedDataBackendGraph:  CompressedPak pak cache file E:/Unreal Projects/Ai_Robo_Game/DerivedDataCache/Compressed.ddp not found, will not use a pak cache.
[2018.08.15-09.40.51:440][  0]LogDerivedDataCache: Unable to find inner node CompressedPak for hierarchical cache Hierarchy.
[2018.08.15-09.40.51:463][  0]LogDerivedDataCache: Display: Pak cache opened for reading ../../../Engine/DerivedDataCache/Compressed.ddp.
[2018.08.15-09.40.51:474][  0]LogDerivedDataCache: Using Local data cache path C:/Users/Tanner/AppData/Local/UnrealEngine/Common/DerivedDataCache: Writable
[2018.08.15-09.40.51:474][  0]LogDerivedDataCache: Shared data cache path not found in *engine.ini, will not use an Shared cache.
[2018.08.15-09.40.51:474][  0]LogDerivedDataCache: Unable to find inner node Shared for hierarchical cache Hierarchy.
[2018.08.15-09.40.51:491][  0]LogMaterial: Verifying Global Shaders for PCD3D_SM5
[2018.08.15-09.40.51:497][  0]LogSlate: Using Freetype 2.6.0
[2018.08.15-09.40.51:499][  0]LogSlate: SlateFontCache - WITH_FREETYPE: 1, WITH_HARFBUZZ: 1
[2018.08.15-09.40.51:499][  0]LogSlate: SlateFontCache - WITH_FREETYPE: 1, WITH_HARFBUZZ: 1
[2018.08.15-09.40.51:834][  0]LogAssetRegistry: FAssetRegistry took 0.0283 seconds to start up
[2018.08.15-09.40.52:333][  0]LogInit: Selected Device Profile: [Windows]
[2018.08.15-09.40.52:573][  0]LogSimplygon: Simplygon DLL not present - disabling.
[2018.08.15-09.40.52:579][  0]LogMeshReduction: Using SimplygonSwarm for distributed automatic mesh merging
[2018.08.15-09.40.52:579][  0]LogMeshReduction: Using QuadricMeshReduction for automatic static mesh reduction
[2018.08.15-09.40.52:579][  0]LogMeshReduction: No automatic skeletal mesh reduction module available
[2018.08.15-09.40.52:579][  0]LogMeshReduction: No automatic mesh merging module available
[2018.08.15-09.40.52:579][  0]LogMeshMerging: No automatic mesh merging module available
[2018.08.15-09.40.52:635][  0]LogNetVersion: Ai_Robo_Game , NetCL: 3944462, EngineNetVer: 2, GameNetVer: 0 (Checksum: 2716967238)
[2018.08.15-09.40.53:393][  0]LogPackageLocalizationCache: Processed 9 localized package path(s) for 2 prioritized culture(s) in 0.084037 seconds
[2018.08.15-09.40.53:400][  0]LogUObjectArray: 36728 objects as part of root set at end of initial load.
[2018.08.15-09.40.53:400][  0]LogUObjectAllocator: 7314304 out of 0 bytes used by permanent object pool.
[2018.08.15-09.40.53:400][  0]LogUObjectArray: CloseDisregardForGC: 0/0 objects in disregard for GC pool
[2018.08.15-09.40.55:886][  0]LogTcpMessaging: Initializing TcpMessaging bridge
[2018.08.15-09.40.55:912][  0]LogUdpMessaging: Initializing bridge on interface 0.0.0.0:0 to multicast group 230.0.0.1:6666.
[2018.08.15-09.40.56:260][  0]SourceControl: Source control is disabled
[2018.08.15-09.40.56:260][  0]SourceControl: Source control is disabled
[2018.08.15-09.40.56:283][  0]SourceControl: Source control is disabled
[2018.08.15-09.40.56:298][  0]SourceControl: Source control is disabled
[2018.08.15-09.40.56:725][  0]LogAndroidPermission: UAndroidPermissionCallbackProxy::GetInstance
[2018.08.15-09.40.56:918][  0]LogOcInput: OculusInput pre-init called
[2018.08.15-09.40.57:048][  0]LogEngine: Initializing Engine...
[2018.08.15-09.40.57:051][  0]LogHMD: Failed to initialize OpenVR with code 110
[2018.08.15-09.40.57:054][  0]LogStats: UGameplayTagsManager::ConstructGameplayTagTree: Construct from data asset -  0.000 s
[2018.08.15-09.40.57:054][  0]LogStats: UGameplayTagsManager::ConstructGameplayTagTree: GameplayTagTreeChangedEvent.Broadcast -  0.000 s
[2018.08.15-09.40.57:378][  0]LogAIModule: Creating AISystem for world Untitled
[2018.08.15-09.40.57:409][  0]LogInit: XAudio2 using 'Headphones (2- SteelSeries Arctis 7 Game)' : 2 channels at 44.1 kHz using 16 bits per sample (channel mask 0x3)
[2018.08.15-09.40.57:436][  0]LogInit: FAudioDevice initialized.
[2018.08.15-09.40.57:515][  0]LogDerivedDataCache: Saved boot cache 0.08s 74MB C:/Users/Tanner/AppData/Local/UnrealEngine/4.19/DerivedDataCache/Boot.ddc.
[2018.08.15-09.40.57:525][  0]LogInit: Texture streaming: Enabled
[2018.08.15-09.40.57:544][  0]LogEngineSessionManager: EngineSessionManager initialized
[2018.08.15-09.40.57:562][  0]LogInit: Transaction tracking system initialized
[2018.08.15-09.40.57:612][  0]BlueprintLog: New page: Editor Load
[2018.08.15-09.40.57:767][  0]LocalizationService: Localization service is disabled
[2018.08.15-09.40.57:897][  0]LogConsoleResponse: Display: 
[2018.08.15-09.40.58:133][  0]LogCook: Display: Max memory allowance for cook 16384mb min free memory 0mb
[2018.08.15-09.40.58:133][  0]LogCook: Display: Mobile HDR setting 1
[2018.08.15-09.40.58:133][  0]LogGameplayTags: Display: UGameplayTagsManager::DoneAddingNativeTags. DelegateIsBound: 0
[2018.08.15-09.40.58:133][  0]LogStats: UGameplayTagsManager::ConstructGameplayTagTree: Construct from data asset -  0.000 s
[2018.08.15-09.40.58:133][  0]LogStats: UGameplayTagsManager::ConstructGameplayTagTree: GameplayTagTreeChangedEvent.Broadcast -  0.000 s
[2018.08.15-09.40.58:503][  0]LogFileCache: Scanning file cache for directory 'E:/Unreal Projects/Ai_Robo_Game/Content/' took 0.01s
[2018.08.15-09.40.58:503][  0]SourceControl: Source control is disabled
[2018.08.15-09.40.58:504][  0]Cmd: MAP LOAD FILE="E:/Unreal Projects/Ai_Robo_Game/Content/StarterContent/Maps/Minimal_Default.umap" TEMPLATE=0 SHOWPROGRESS=1 FEATURELEVEL=3
[2018.08.15-09.40.58:505][  0]LightingResults: New page: Lighting Build
[2018.08.15-09.40.58:513][  0]MapCheck: New page: Map Check
[2018.08.15-09.40.58:513][  0]LightingResults: New page: Lighting Build
[2018.08.15-09.40.59:437][  0]LogAIModule: Creating AISystem for world Minimal_Default
[2018.08.15-09.40.59:463][  0]LogEditorServer: Finished looking for orphan Actors (0.000 secs)
[2018.08.15-09.40.59:483][  0]Cmd: MAP CHECKDEP NOCLEARLOG
[2018.08.15-09.40.59:519][  0]MapCheck: Map check complete: 0 Error(s), 0 Warning(s), took 36.182ms to complete.
[2018.08.15-09.40.59:519][  0]LogFileHelpers: Loading map 'Minimal_Default' took 1.015
[2018.08.15-09.40.59:714][  0]LogCollectionManager: Loaded 0 collections in 0.001443 seconds
[2018.08.15-09.40.59:776][  0]LogFileCache: Scanning file cache for directory 'E:/Unreal Projects/Ai_Robo_Game/Saved/Collections/' took 0.01s
[2018.08.15-09.40.59:776][  0]LogFileCache: Scanning file cache for directory 'E:/Unreal Projects/Ai_Robo_Game/Content/Developers/Tanner/Collections/' took 0.01s
[2018.08.15-09.40.59:776][  0]LogFileCache: Scanning file cache for directory 'E:/Unreal Projects/Ai_Robo_Game/Content/Collections/' took 0.01s
[2018.08.15-09.40.59:776][  0]LogCollectionManager: Rebuilt the GUID cache for 0 collections in 0.000014 seconds
[2018.08.15-09.40.59:788][  0]LogContentBrowser: Native class hierarchy populated in 0.0101 seconds. Added 2452 classes and 558 folders.
[2018.08.15-09.40.59:800][  0]LogContentBrowser: Native class hierarchy updated for 'WidgetCarousel' in 0.0002 seconds. Added 0 classes and 0 folders.
[2018.08.15-09.40.59:906][  0]LogContentBrowser: Native class hierarchy updated for 'AddContentDialog' in 0.0003 seconds. Added 0 classes and 0 folders.
[2018.08.15-09.40.59:918][  0]LogContentBrowser: Native class hierarchy updated for 'SceneOutliner' in 0.0002 seconds. Added 1 classes and 2 folders.
[2018.08.15-09.41.00:084][  0]LogSlate: Took 0.000877 seconds to synchronously load lazily loaded font '../../../Engine/Content/Slate/Fonts/Roboto-Regular.ttf' (155K)
[2018.08.15-09.41.00:087][  0]LogSlate: Took 0.000915 seconds to synchronously load lazily loaded font '../../../Engine/Content/Slate/Fonts/Roboto-Bold.ttf' (160K)
[2018.08.15-09.41.00:094][  0]LogSlate: Took 0.001056 seconds to synchronously load lazily loaded font '../../../Engine/Content/Editor/Slate/Fonts/FontAwesome.ttf' (139K)
[2018.08.15-09.41.00:220][  0]LogRenderer: Reallocating scene render targets to support 1080x636 Format 10 NumSamples 1 (Frame:1).
[2018.08.15-09.41.00:434][  0]LogContentBrowser: Native class hierarchy updated for 'HierarchicalLODOutliner' in 0.0002 seconds. Added 0 classes and 0 folders.
[2018.08.15-09.41.00:434][  0]LogLoad: (Engine Initialization) Total time: 14.92 seconds
[2018.08.15-09.41.00:434][  0]LogLoad: (Engine Initialization) Total Blueprint compile time: 0.00 seconds
[2018.08.15-09.41.00:466][  0]LogContentStreaming: Texture pool size now 1000 MB
[2018.08.15-09.41.00:497][  0]LogSlate: Took 0.000976 seconds to synchronously load lazily loaded font '../../../Engine/Content/Slate/Fonts/Roboto-Light.ttf' (167K)
[2018.08.15-09.41.00:508][  1]LogAssetRegistry: Asset discovery search completed in 8.6954 seconds
[2018.08.15-09.41.00:510][  1]LogCollectionManager: Rebuilt the object cache for 0 collections in 0.000000 seconds (found 0 objects)
[2018.08.15-09.41.00:510][  1]LogCollectionManager: Fixed up redirectors for 0 collections in 0.000043 seconds (updated 0 objects)
[2018.08.15-09.41.03:385][199]LogSlate: FSceneViewport::OnFocusLost() reason 0
[2018.08.15-09.41.13:914][884]LogSlate: Took 0.000211 seconds to synchronously load lazily loaded font '../../../Engine/Content/Slate/Fonts/Roboto-Light.ttf' (167K)
[2018.08.15-09.41.15:165][884]LogSlate: Window 'Save Content' being destroyed
[2018.08.15-09.41.15:222][884]Cmd: OBJ SAVEPACKAGE PACKAGE="/Game/Prototype_Level" FILE="E:/Unreal Projects/Ai_Robo_Game/Content/Prototype_Level.umap" SILENT=true AUTOSAVING=false KEEPDIRTY=false
[2018.08.15-09.41.15:242][884]LogSavePackage: Save=5.36ms
[2018.08.15-09.41.15:242][884]LogSavePackage: Moving 'E:/Unreal Projects/Ai_Robo_Game/Saved/Prototype_LevelF08698C1445A05215CA86E9DE1A43428.tmp' to 'E:/Unreal Projects/Ai_Robo_Game/Content/Prototype_Level.umap'
[2018.08.15-09.41.15:245][884]LogSavePackage: Display: Finished SavePackage E:/Unreal Projects/Ai_Robo_Game/Content/Prototype_Level.umap
[2018.08.15-09.41.15:246][884]LogFileHelpers: Saving map 'Prototype_Level' took 0.070
[2018.08.15-09.41.15:249][884]Cmd: MAP LOAD FILE="E:/Unreal Projects/Ai_Robo_Game/Content/Prototype_Level.umap" TEMPLATE=0 SHOWPROGRESS=1 FEATURELEVEL=3
[2018.08.15-09.41.15:249][884]LightingResults: New page: Lighting Build
[2018.08.15-09.41.15:249][884]LoadErrors: New page: Loading map: Prototype_Level.umap
[2018.08.15-09.41.15:253][884]MapCheck: New page: Map Check
[2018.08.15-09.41.15:253][884]LightingResults: New page: Lighting Build
[2018.08.15-09.41.15:321][884]LogEditorServer: Finished looking for orphan Actors (0.000 secs)
[2018.08.15-09.41.15:321][884]LogAIModule: Creating AISystem for world Prototype_Level
[2018.08.15-09.41.15:346][884]Cmd: MAP CHECKDEP NOCLEARLOG
[2018.08.15-09.41.15:382][884]MapCheck: Map check complete: 0 Error(s), 0 Warning(s), took 36.129ms to complete.
[2018.08.15-09.41.15:383][884]LogFileHelpers: Loading map 'Prototype_Level' took 0.136
[2018.08.15-09.41.23:482][497]LogSlate: FSceneViewport::OnFocusLost() reason 0
[2018.08.15-09.41.25:246][618]LogSlate: FSceneViewport::OnFocusLost() reason 0
[2018.08.15-09.41.30:819][ 23]LogEditorViewport: Clicking on Actor (LMB): BP_Sky_Sphere_C (BP_Sky_Sphere)
[2018.08.15-09.41.34:381][251]LogSlate: FSceneViewport::OnFocusLost() reason 0
[2018.08.15-09.41.46:469][522]LogSlate: FSceneViewport::OnFocusLost() reason 0
[2018.08.15-09.41.48:241][629]Cmd: OBJ SAVEPACKAGE PACKAGE="/Game/Prototype_Level" FILE="E:/Unreal Projects/Ai_Robo_Game/Content/Prototype_Level.umap" SILENT=true AUTOSAVING=false KEEPDIRTY=false
[2018.08.15-09.41.48:264][629]LogSavePackage: Save=7.64ms
[2018.08.15-09.41.48:265][629]LogSavePackage: Moving 'E:/Unreal Projects/Ai_Robo_Game/Saved/Prototype_LevelBC496669418E4B39AA2C03A61206877D.tmp' to 'E:/Unreal Projects/Ai_Robo_Game/Content/Prototype_Level.umap'
[2018.08.15-09.41.48:267][629]LogSavePackage: Display: Finished SavePackage E:/Unreal Projects/Ai_Robo_Game/Content/Prototype_Level.umap
[2018.08.15-09.43.30:281][867]LogWindows: Warning: CreateProc failed: The system cannot find the file specified. (0x00000002)
[2018.08.15-09.43.30:281][867]LogWindows: Warning: URL: E:\Unreal Projects\Ai_Robo_Game version
[2018.08.15-09.43.35:638][ 31]LogWindows: Warning: CreateProc failed: The system cannot find the file specified. (0x00000002)
[2018.08.15-09.43.35:638][ 31]LogWindows: Warning: URL: E:\Unreal Projects\Ai_Robo_Game version
[2018.08.15-09.43.35:638][ 31]SourceControl: Error: Failed to enable Git source control. You need to install Git and specify a valid path to git executable.
[2018.08.15-09.45.57:674][ 87]LogWindows: Warning: CreateProc failed: The system cannot find the file specified. (0x00000002)
[2018.08.15-09.45.57:674][ 87]LogWindows: Warning: URL: E:\Unreal Projects\Ai_Robo_Game version
[2018.08.15-09.45.57:674][ 87]SourceControl: Error: Failed to enable Git source control. You need to install Git and specify a valid path to git executable.
[2018.08.15-09.46.01:098][292]SourceControl: Source control is disabled
[2018.08.15-09.46.01:098][292]LogSlate: Window 'Source Control Login' being destroyed
[2018.08.15-09.46.06:493][588]LogWindows: Warning: CreateProc failed: The system cannot find the file specified. (0x00000002)
[2018.08.15-09.46.06:494][588]LogWindows: Warning: URL: E:\Unreal Projects\Ai_Robo_Game version
[2018.08.15-09.46.08:122][675]LogWindows: Warning: CreateProc failed: The system cannot find the file specified. (0x00000002)
[2018.08.15-09.46.08:122][675]LogWindows: Warning: URL: E:\Unreal Projects\Ai_Robo_Game version
[2018.08.15-09.46.08:122][675]SourceControl: Error: Failed to enable Git source control. You need to install Git and specify a valid path to git executable.
[2018.08.15-09.46.10:830][830]SourceControl: Source control is disabled
[2018.08.15-09.46.10:830][830]LogSlate: Window 'Source Control Login' being destroyed
[2018.08.15-09.46.20:109][248]LogTexture: Display: Building textures: Texture2D_2 (G8, 128X128)
[2018.08.15-09.46.25:239][554]Cmd: BRUSH ADD SELECTNEWBRUSH
[2018.08.15-09.46.27:122][704]LogSlate: FSceneViewport::OnFocusLost() reason 0
[2018.08.15-09.46.27:257][712]Cmd: OBJ SAVEPACKAGE PACKAGE="/Game/Prototype_Level" FILE="E:/Unreal Projects/Ai_Robo_Game/Content/Prototype_Level.umap" SILENT=true AUTOSAVING=false KEEPDIRTY=false
[2018.08.15-09.46.27:282][712]LogSavePackage: Save=11.70ms
[2018.08.15-09.46.27:282][712]LogSavePackage: Moving 'E:/Unreal Projects/Ai_Robo_Game/Saved/Prototype_LevelC0FFA7CF475D6E5226F5418DC6C31F01.tmp' to 'E:/Unreal Projects/Ai_Robo_Game/Content/Prototype_Level.umap'
[2018.08.15-09.46.27:285][712]LogSavePackage: Display: Finished SavePackage E:/Unreal Projects/Ai_Robo_Game/Content/Prototype_Level.umap
[2018.08.15-09.46.28:517][795]LogSlate: Window 'Ai_Robo_Game - Unreal Editor' being destroyed
[2018.08.15-09.46.28:690][796]Cmd: QUIT_EDITOR
[2018.08.15-09.46.28:744][796]LogSlate: Slate User Destroyed.  User Index 0, Is Virtual User: 0
[2018.08.15-09.46.28:745][796]LogExit: Preparing to exit.
[2018.08.15-09.46.29:009][796]LogExit: Editor shut down
[2018.08.15-09.46.29:017][796]LogExit: Transaction tracking system shut down
[2018.08.15-09.46.29:179][796]LogDirectoryWatcher: A directory notification for '../../../Engine/Content/' was aborted.
[2018.08.15-09.46.29:179][796]LogDirectoryWatcher: A directory notification for 'E:/Unreal Projects/Ai_Robo_Game/Content/' was aborted.
[2018.08.15-09.46.29:179][796]LogDirectoryWatcher: A directory notification for '../../Plugins/2D/Paper2D/Content/' was aborted.
[2018.08.15-09.46.29:179][796]LogDirectoryWatcher: A directory notification for '../../Plugins/Enterprise/DatasmithContent/Content/' was aborted.
[2018.08.15-09.46.29:179][796]LogDirectoryWatcher: A directory notification for '../../Plugins/Media/MediaCompositing/Content/' was aborted.
[2018.08.15-09.46.29:179][796]LogDirectoryWatcher: A directory notification for '../../Plugins/Runtime/AppleARKit/Content/' was aborted.
[2018.08.15-09.46.29:179][796]LogDirectoryWatcher: A directory notification for '../../Plugins/Runtime/Oculus/OculusVR/Content/' was aborted.
[2018.08.15-09.46.29:179][796]LogDirectoryWatcher: A directory notification for '../../Plugins/Runtime/Steam/SteamVR/Content/' was aborted.
[2018.08.15-09.46.29:253][796]LogExit: Object subsystem successfully closed.
[2018.08.15-09.46.29:267][796]LogShaderCompilers: Display: Shaders left to compile 0
[2018.08.15-09.46.29:271][796]LogD3D11RHI: Shutdown
[2018.08.15-09.46.29:271][796]LogD3D11RHI: CleanupD3DDevice
[2018.08.15-09.46.29:273][796]LogD3D11RHI: ~FD3D11DynamicRHI
[2018.08.15-09.46.29:290][796]LogModuleManager: Shutting down and abandoning module HierarchicalLODOutliner (574)
[2018.08.15-09.46.29:290][796]LogModuleManager: Shutting down and abandoning module SceneOutliner (572)
[2018.08.15-09.46.29:290][796]LogModuleManager: Shutting down and abandoning module AddContentDialog (570)
[2018.08.15-09.46.29:290][796]LogDirectoryWatcher: A directory notification for 'C:/Program Files/Epic Games/UE_4.19/FeaturePacks/' was aborted.
[2018.08.15-09.46.29:291][796]LogModuleManager: Shutting down and abandoning module WidgetCarousel (569)
[2018.08.15-09.46.29:291][796]LogModuleManager: Shutting down and abandoning module EditorWidgets (566)
[2018.08.15-09.46.29:291][796]LogModuleManager: Shutting down and abandoning module CollectionManager (564)
[2018.08.15-09.46.29:291][796]LogDirectoryWatcher: A directory notification for 'E:/Unreal Projects/Ai_Robo_Game/Content/Collections/' was aborted.
[2018.08.15-09.46.29:291][796]LogDirectoryWatcher: A directory notification for 'E:/Unreal Projects/Ai_Robo_Game/Content/Developers/Tanner/Collections/' was aborted.
[2018.08.15-09.46.29:291][796]LogDirectoryWatcher: A directory notification for 'E:/Unreal Projects/Ai_Robo_Game/Saved/Collections/' was aborted.
[2018.08.15-09.46.29:291][796]LogModuleManager: Shutting down and abandoning module StatsViewer (562)
[2018.08.15-09.46.29:291][796]LogModuleManager: Shutting down and abandoning module FoliageEdit (560)
[2018.08.15-09.46.29:291][796]LogModuleManager: Shutting down and abandoning module LandscapeEditor (558)
[2018.08.15-09.46.29:292][796]LogModuleManager: Shutting down and abandoning module MeshPaintMode (556)
[2018.08.15-09.46.29:292][796]LogModuleManager: Shutting down and abandoning module SceneDepthPickerMode (554)
[2018.08.15-09.46.29:292][796]LogModuleManager: Shutting down and abandoning module ActorPickerMode (552)
[2018.08.15-09.46.29:292][796]LogModuleManager: Shutting down and abandoning module GeometryMode (550)
[2018.08.15-09.46.29:292][796]LogModuleManager: Shutting down and abandoning module TextureAlignMode (548)
[2018.08.15-09.46.29:292][796]LogModuleManager: Shutting down and abandoning module BspMode (546)
[2018.08.15-09.46.29:292][796]LogModuleManager: Shutting down and abandoning module PIEPreviewDeviceProfileSelector (544)
[2018.08.15-09.46.29:292][796]LogModuleManager: Shutting down and abandoning module HardwareSurvey (542)
[2018.08.15-09.46.29:292][796]LogModuleManager: Shutting down and abandoning module SequenceRecorderSections (540)
[2018.08.15-09.46.29:292][796]LogModuleManager: Shutting down and abandoning module AutomationWorker (538)
[2018.08.15-09.46.29:292][796]LogModuleManager: Shutting down and abandoning module AudioCaptureEditor (536)
[2018.08.15-09.46.29:292][796]LogModuleManager: Shutting down and abandoning module SequenceRecorder (535)
[2018.08.15-09.46.29:292][796]LogModuleManager: Shutting down and abandoning module MatineeToLevelSequence (532)
[2018.08.15-09.46.29:292][796]LogModuleManager: Shutting down and abandoning module LevelSequenceEditor (530)
[2018.08.15-09.46.29:292][796]LogModuleManager: Shutting down and abandoning module PlacementMode (529)
[2018.08.15-09.46.29:293][796]LogModuleManager: Shutting down and abandoning module MaterialEditor (528)
[2018.08.15-09.46.29:293][796]LogModuleManager: Shutting down and abandoning module WmfMediaFactory (524)
[2018.08.15-09.46.29:293][796]LogModuleManager: Shutting down and abandoning module WmfMediaEditor (522)
[2018.08.15-09.46.29:293][796]LogModuleManager: Shutting down and abandoning module MediaPlayerEditor (520)
[2018.08.15-09.46.29:293][796]LogModuleManager: Shutting down and abandoning module OpenExrWrapper (518)
[2018.08.15-09.46.29:293][796]LogModuleManager: Shutting down and abandoning module ImgMediaFactory (516)
[2018.08.15-09.46.29:293][796]LogModuleManager: Shutting down and abandoning module ImgMediaEditor (514)
[2018.08.15-09.46.29:293][796]LogModuleManager: Shutting down and abandoning module AvfMediaFactory (512)
[2018.08.15-09.46.29:293][796]LogModuleManager: Shutting down and abandoning module AvfMediaEditor (510)
[2018.08.15-09.46.29:293][796]LogModuleManager: Shutting down and abandoning module AndroidMediaFactory (508)
[2018.08.15-09.46.29:293][796]LogModuleManager: Shutting down and abandoning module AndroidMediaEditor (506)
[2018.08.15-09.46.29:293][796]LogModuleManager: Shutting down and abandoning module CharacterAI (504)
[2018.08.15-09.46.29:293][796]LogModuleManager: Shutting down and abandoning module SmartSnapping (502)
[2018.08.15-09.46.29:293][796]LogModuleManager: Shutting down and abandoning module SessionServices (500)
[2018.08.15-09.46.29:293][796]LogModuleManager: Shutting down and abandoning module ViewportSnapping (498)
[2018.08.15-09.46.29:293][796]LogModuleManager: Shutting down and abandoning module ViewportInteraction (496)
[2018.08.15-09.46.29:293][796]LogModuleManager: Shutting down and abandoning module ClothPainter (494)
[2018.08.15-09.46.29:293][796]LogModuleManager: Shutting down and abandoning module SkeletalMeshEditor (493)
[2018.08.15-09.46.29:294][796]LogModuleManager: Shutting down and abandoning module LogVisualizer (490)
[2018.08.15-09.46.29:294][796]LogModuleManager: Shutting down and abandoning module IntroTutorials (488)
[2018.08.15-09.46.29:295][796]LogModuleManager: Shutting down and abandoning module GameProjectGeneration (487)
[2018.08.15-09.46.29:295][796]LogModuleManager: Shutting down and abandoning module IOSPlatformEditor (484)
[2018.08.15-09.46.29:295][796]LogModuleManager: Shutting down and abandoning module HTML5PlatformEditor (482)
[2018.08.15-09.46.29:295][796]LogModuleManager: Shutting down and abandoning module AndroidPlatformEditor (480)
[2018.08.15-09.46.29:295][796]LogModuleManager: Shutting down and abandoning module AndroidDeviceDetection (479)
[2018.08.15-09.46.29:826][796]LogModuleManager: Shutting down and abandoning module WindowsPlatformEditor (476)
[2018.08.15-09.46.29:826][796]LogModuleManager: Shutting down and abandoning module IOSRuntimeSettings (474)
[2018.08.15-09.46.29:826][796]LogModuleManager: Shutting down and abandoning module AndroidRuntimeSettings (472)
[2018.08.15-09.46.29:826][796]LogModuleManager: Shutting down and abandoning module InputBindingEditor (470)
[2018.08.15-09.46.29:826][796]LogModuleManager: Shutting down and abandoning module MergeActors (468)
[2018.08.15-09.46.29:827][796]LogModuleManager: Shutting down and abandoning module LocalizationDashboard (466)
[2018.08.15-09.46.29:827][796]LogModuleManager: Shutting down and abandoning module LocalizationService (465)
[2018.08.15-09.46.29:827][796]LogModuleManager: Shutting down and abandoning module HardwareTargeting (462)
[2018.08.15-09.46.29:828][796]LogModuleManager: Shutting down and abandoning module DeviceProfileEditor (460)
[2018.08.15-09.46.29:828][796]LogModuleManager: Shutting down and abandoning module UndoHistory (458)
[2018.08.15-09.46.29:828][796]LogModuleManager: Shutting down and abandoning module XmlParser (456)
[2018.08.15-09.46.29:828][796]LogModuleManager: Shutting down and abandoning module Blutility (454)
[2018.08.15-09.46.29:828][796]LogModuleManager: Shutting down and abandoning module ProjectSettingsViewer (452)
[2018.08.15-09.46.29:828][796]LogModuleManager: Shutting down and abandoning module ProjectTargetPlatformEditor (451)
[2018.08.15-09.46.29:828][796]LogModuleManager: Shutting down and abandoning module EditorSettingsViewer (448)
[2018.08.15-09.46.29:828][796]LogModuleManager: Shutting down and abandoning module SettingsEditor (446)
[2018.08.15-09.46.29:829][796]LogModuleManager: Shutting down and abandoning module ProjectLauncher (444)
[2018.08.15-09.46.29:829][796]LogModuleManager: Shutting down and abandoning module SessionFrontend (442)
[2018.08.15-09.46.29:829][796]LogModuleManager: Shutting down and abandoning module ProfilerClient (440)
[2018.08.15-09.46.29:830][796]LogModuleManager: Shutting down and abandoning module DeviceManager (438)
[2018.08.15-09.46.29:830][796]LogModuleManager: Shutting down and abandoning module TargetDeviceServices (437)
[2018.08.15-09.46.29:880][796]LogModuleManager: Shutting down and abandoning module AutomationController (434)
[2018.08.15-09.46.29:880][796]LogModuleManager: Shutting down and abandoning module AutomationWindow (432)
[2018.08.15-09.46.29:881][796]LogModuleManager: Shutting down and abandoning module Layers (430)
[2018.08.15-09.46.29:881][796]LogModuleManager: Shutting down and abandoning module ComponentVisualizers (428)
[2018.08.15-09.46.29:881][796]LogModuleManager: Shutting down and abandoning module DetailCustomizations (426)
[2018.08.15-09.46.29:882][796]LogModuleManager: Shutting down and abandoning module PackagesDialog (424)
[2018.08.15-09.46.29:882][796]LogModuleManager: Shutting down and abandoning module Persona (422)
[2018.08.15-09.46.29:883][796]LogModuleManager: Shutting down and abandoning module AdvancedPreviewScene (421)
[2018.08.15-09.46.29:883][796]LogModuleManager: Shutting down and abandoning module AnimGraph (419)
[2018.08.15-09.46.29:883][796]LogModuleManager: Shutting down and abandoning module Kismet (416)
[2018.08.15-09.46.29:884][796]LogModuleManager: Shutting down and abandoning module GraphEditor (414)
[2018.08.15-09.46.29:884][796]LogModuleManager: Shutting down and abandoning module ClassViewer (412)
[2018.08.15-09.46.29:884][796]LogModuleManager: Shutting down and abandoning module Toolbox (410)
[2018.08.15-09.46.29:884][796]LogModuleManager: Shutting down and abandoning module ModuleUI (408)
[2018.08.15-09.46.29:885][796]LogModuleManager: Shutting down and abandoning module MovieSceneTools (406)
[2018.08.15-09.46.29:885][796]LogModuleManager: Shutting down and abandoning module OutputLog (404)
[2018.08.15-09.46.29:885][796]LogModuleManager: Shutting down and abandoning module GammaUI (402)
[2018.08.15-09.46.29:886][796]LogModuleManager: Shutting down and abandoning module Documentation (400)
[2018.08.15-09.46.29:886][796]LogModuleManager: Shutting down and abandoning module MovieSceneTracks (398)
[2018.08.15-09.46.29:886][796]LogModuleManager: Shutting down and abandoning module MovieScene (396)
[2018.08.15-09.46.29:886][796]LogModuleManager: Shutting down and abandoning module StreamingPauseRendering (394)
[2018.08.15-09.46.29:886][796]LogModuleManager: Shutting down and abandoning module LauncherPlatform (392)
[2018.08.15-09.46.29:886][796]LogModuleManager: Shutting down and abandoning module AnalyticsET (390)
[2018.08.15-09.46.29:886][796]LogModuleManager: Shutting down and abandoning module PortalServices (388)
[2018.08.15-09.46.29:886][796]LogModuleManager: Shutting down and abandoning module PortalRpc (386)
[2018.08.15-09.46.29:886][796]LogModuleManager: Shutting down and abandoning module MessagingRpc (384)
[2018.08.15-09.46.29:886][796]LogModuleManager: Shutting down and abandoning module AIModule (382)
[2018.08.15-09.46.29:887][796]LogModuleManager: Shutting down and abandoning module GameplayDebugger (381)
[2018.08.15-09.46.29:887][796]LogModuleManager: Shutting down and abandoning module AITestSuite (379)
[2018.08.15-09.46.29:887][796]LogModuleManager: Shutting down and abandoning module DesktopPlatform (376)
[2018.08.15-09.46.29:887][796]LogModuleManager: Shutting down and abandoning module ProfilerService (374)
[2018.08.15-09.46.29:987][796]LogModuleManager: Shutting down and abandoning module TaskGraph (372)
[2018.08.15-09.46.29:987][796]LogModuleManager: Shutting down and abandoning module SteamVRController (370)
[2018.08.15-09.46.29:987][796]LogModuleManager: Shutting down and abandoning module ProceduralMeshComponentEditor (368)
[2018.08.15-09.46.29:987][796]LogModuleManager: Shutting down and abandoning module ProceduralMeshComponent (366)
[2018.08.15-09.46.29:987][796]LogModuleManager: Shutting down and abandoning module OculusInput (364)
[2018.08.15-09.46.29:987][796]LogModuleManager: Shutting down and abandoning module MobilePatchingUtils (362)
[2018.08.15-09.46.29:987][796]LogModuleManager: Shutting down and abandoning module CustomMeshComponent (360)
[2018.08.15-09.46.29:987][796]LogModuleManager: Shutting down and abandoning module CableComponent (358)
[2018.08.15-09.46.29:988][796]LogModuleManager: Shutting down and abandoning module AudioCapture (356)
[2018.08.15-09.46.29:988][796]LogModuleManager: Shutting down and abandoning module ArchVisCharacter (354)
[2018.08.15-09.46.29:988][796]LogModuleManager: Shutting down and abandoning module AndroidPermission (352)
[2018.08.15-09.46.29:988][796]LogModuleManager: Shutting down and abandoning module NUTUnrealEngine4 (348)
[2018.08.15-09.46.29:988][796]LogModuleManager: Shutting down and abandoning module NetcodeUnitTest (346)
[2018.08.15-09.46.29:988][796]LogModuleManager: Shutting down and abandoning module MediaCompositingEditor (344)
[2018.08.15-09.46.29:989][796]LogModuleManager: Shutting down and abandoning module MediaCompositing (342)
[2018.08.15-09.46.29:989][796]LogModuleManager: Shutting down and abandoning module LinearTimecode (340)
[2018.08.15-09.46.29:989][796]LogModuleManager: Shutting down and abandoning module ImgMedia (338)
[2018.08.15-09.46.29:997][796]LogModuleManager: Shutting down and abandoning module HTML5Networking (336)
[2018.08.15-09.46.29:997][796]LogModuleManager: Shutting down and abandoning module AlembicImporter (334)
[2018.08.15-09.46.29:997][796]LogModuleManager: Shutting down and abandoning module AlembicLibrary (333)
[2018.08.15-09.46.29:998][796]LogModuleManager: Shutting down and abandoning module GeometryCache (332)
[2018.08.15-09.46.29:998][796]LogModuleManager: Shutting down and abandoning module GeometryCacheEd (331)
[2018.08.15-09.46.29:998][796]LogModuleManager: Shutting down and abandoning module DatasmithContent (326)
[2018.08.15-09.46.29:998][796]LogModuleManager: Shutting down and abandoning module SpeedTreeImporter (324)
[2018.08.15-09.46.29:998][796]LogModuleManager: Shutting down and abandoning module PluginBrowser (322)
[2018.08.15-09.46.29:998][796]LogModuleManager: Shutting down and abandoning module MobileLauncherProfileWizard (320)
[2018.08.15-09.46.29:999][796]LogModuleManager: Shutting down and abandoning module CryptoKeysOpenSSL (318)
[2018.08.15-09.46.29:999][796]LogModuleManager: Shutting down and abandoning module CryptoKeys (316)
[2018.08.15-09.46.29:999][796]LogModuleManager: Shutting down and abandoning module VisualStudioSourceCodeAccess (314)
[2018.08.15-09.46.29:999][796]LogModuleManager: Shutting down and abandoning module VisualStudioCodeSourceCodeAccess (312)
[2018.08.15-09.46.29:999][796]LogModuleManager: Shutting down and abandoning module UObjectPlugin (310)
[2018.08.15-09.46.29:999][796]LogModuleManager: Shutting down and abandoning module SubversionSourceControl (308)
[2018.08.15-09.46.29:999][796]LogModuleManager: Shutting down and abandoning module PerforceSourceControl (306)
[2018.08.15-09.46.29:999][796]LogModuleManager: Shutting down and abandoning module GitSourceControl (304)
[2018.08.15-09.46.29:999][796]LogModuleManager: Shutting down and abandoning module SourceControl (303)
[2018.08.15-09.46.29:999][796]LogModuleManager: Shutting down and abandoning module CLionSourceCodeAccess (300)
[2018.08.15-09.46.29:999][796]LogModuleManager: Shutting down and abandoning module LightPropagationVolumeEditor (298)
[2018.08.15-09.46.30:000][796]LogModuleManager: Shutting down and abandoning module PaperTiledImporter (296)
[2018.08.15-09.46.30:000][796]LogModuleManager: Shutting down and abandoning module PaperSpriteSheetImporter (294)
[2018.08.15-09.46.30:000][796]LogModuleManager: Shutting down and abandoning module Paper2DEditor (292)
[2018.08.15-09.46.30:000][796]LogModuleManager: Shutting down and abandoning module MeshPaint (291)
[2018.08.15-09.46.30:000][796]LogModuleManager: Shutting down and abandoning module RuntimePhysXCooking (288)
[2018.08.15-09.46.30:000][796]LogModuleManager: Shutting down and abandoning module PhysXVehiclesEditor (286)
[2018.08.15-09.46.30:001][796]LogModuleManager: Shutting down and abandoning module PhysXVehicles (284)
[2018.08.15-09.46.30:001][796]LogModuleManager: Shutting down and abandoning module OculusEditor (282)
[2018.08.15-09.46.30:001][796]LogModuleManager: Shutting down and abandoning module LocationServicesBPLibrary (280)
[2018.08.15-09.46.30:001][796]LogModuleManager: Shutting down and abandoning module ImmediatePhysicsEditor (278)
[2018.08.15-09.46.30:001][796]LogModuleManager: Shutting down and abandoning module ImmediatePhysics (276)
[2018.08.15-09.46.30:001][796]LogModuleManager: Shutting down and abandoning module ActorSequence (274)
[2018.08.15-09.46.30:001][796]LogModuleManager: Shutting down and abandoning module UdpMessaging (272)
[2018.08.15-09.46.30:101][796]LogModuleManager: Shutting down and abandoning module TcpMessaging (270)
[2018.08.15-09.46.30:201][796]LogModuleManager: Shutting down and abandoning module GameplayTagsEditor (268)
[2018.08.15-09.46.30:201][796]LogModuleManager: Shutting down and abandoning module FacialAnimationEditor (266)
[2018.08.15-09.46.30:201][796]LogModuleManager: Shutting down and abandoning module FacialAnimation (264)
[2018.08.15-09.46.30:201][796]LogModuleManager: Shutting down and abandoning module DataValidation (262)
[2018.08.15-09.46.30:202][796]LogModuleManager: Shutting down and abandoning module AssetManagerEditor (260)
[2018.08.15-09.46.30:202][796]LogModuleManager: Shutting down and abandoning module LevelEditor (259)
[2018.08.15-09.46.30:204][796]LogModuleManager: Shutting down and abandoning module PixelInspectorModule (258)
[2018.08.15-09.46.30:204][796]LogModuleManager: Shutting down and abandoning module CommonMenuExtensions (256)
[2018.08.15-09.46.30:204][796]LogModuleManager: Shutting down and abandoning module MainFrame (254)
[2018.08.15-09.46.30:204][796]LogModuleManager: Shutting down and abandoning module HotReload (253)
[2018.08.15-09.46.30:205][796]LogModuleManager: Shutting down and abandoning module ContentBrowser (249)
[2018.08.15-09.46.30:206][796]LogModuleManager: Shutting down and abandoning module TreeMap (247)
[2018.08.15-09.46.30:206][796]LogModuleManager: Shutting down and abandoning module LightPropagationVolumeRuntime (244)
[2018.08.15-09.46.30:207][796]LogModuleManager: Shutting down and abandoning module LiveLinkEditor (242)
[2018.08.15-09.46.30:207][796]LogModuleManager: Shutting down and abandoning module LiveLink (240)
[2018.08.15-09.46.30:504][796]LogModuleManager: Shutting down and abandoning module Paper2D (238)
[2018.08.15-09.46.30:504][796]LogModuleManager: Shutting down and abandoning module WindowsMoviePlayer (236)
[2018.08.15-09.46.30:504][796]LogModuleManager: Shutting down and abandoning module WmfMedia (234)
[2018.08.15-09.46.30:506][796]LogModuleManager: Shutting down and abandoning module Media (233)
[2018.08.15-09.46.30:512][796]LogModuleManager: Shutting down and abandoning module PacketHandler (230)
[2018.08.15-09.46.30:512][796]LogModuleManager: Shutting down and abandoning module ClothingSystemEditor (228)
[2018.08.15-09.46.30:512][796]LogModuleManager: Shutting down and abandoning module ClothingSystemRuntime (226)
[2018.08.15-09.46.30:513][796]LogModuleManager: Shutting down and abandoning module MediaAssets (224)
[2018.08.15-09.46.30:513][796]LogModuleManager: Shutting down and abandoning module Overlay (222)
[2018.08.15-09.46.30:513][796]LogModuleManager: Shutting down and abandoning module OverlayEditor (221)
[2018.08.15-09.46.30:513][796]LogModuleManager: Shutting down and abandoning module VREditor (218)
[2018.08.15-09.46.30:513][796]LogModuleManager: Shutting down and abandoning module StringTableEditor (216)
[2018.08.15-09.46.30:513][796]LogModuleManager: Shutting down and abandoning module GameplayTasksEditor (214)
[2018.08.15-09.46.30:513][796]LogModuleManager: Shutting down and abandoning module BehaviorTreeEditor (212)
[2018.08.15-09.46.30:515][796]LogModuleManager: Shutting down and abandoning module FunctionalTesting (210)
[2018.08.15-09.46.30:515][796]LogModuleManager: Shutting down and abandoning module CollisionAnalyzer (208)
[2018.08.15-09.46.30:515][796]LogModuleManager: Shutting down and abandoning module WorkspaceMenuStructure (207)
[2018.08.15-09.46.30:515][796]LogModuleManager: Shutting down and abandoning module UMG (204)
[2018.08.15-09.46.30:515][796]LogModuleManager: Shutting down and abandoning module UMGEditor (203)
[2018.08.15-09.46.30:515][796]LogModuleManager: Shutting down and abandoning module Sequencer (202)
[2018.08.15-09.46.30:515][796]LogModuleManager: Shutting down and abandoning module MessageLog (199)
[2018.08.15-09.46.30:515][796]LogModuleManager: Shutting down and abandoning module SlateReflector (194)
[2018.08.15-09.46.30:517][796]LogModuleManager: Shutting down and abandoning module Slate (192)
[2018.08.15-09.46.30:517][796]LogModuleManager: Shutting down and abandoning module EditorStyle (190)
[2018.08.15-09.46.30:522][796]LogModuleManager: Shutting down and abandoning module MRMesh (188)
[2018.08.15-09.46.30:522][796]LogModuleManager: Shutting down and abandoning module SourceCodeAccess (186)
[2018.08.15-09.46.30:523][796]LogModuleManager: Shutting down and abandoning module HeadMountedDisplay (184)
[2018.08.15-09.46.30:523][796]LogModuleManager: Shutting down and abandoning module XAudio2 (182)
[2018.08.15-09.46.30:523][796]LogModuleManager: Shutting down and abandoning module Networking (180)
[2018.08.15-09.46.30:523][796]LogModuleManager: Shutting down and abandoning module Core (178)
[2018.08.15-09.46.30:523][796]LogModuleManager: Shutting down and abandoning module LevelSequence (176)
[2018.08.15-09.46.30:523][796]LogModuleManager: Shutting down and abandoning module KismetCompiler (174)
[2018.08.15-09.46.30:523][796]LogModuleManager: Shutting down and abandoning module MeshUtilities (172)
[2018.08.15-09.46.30:523][796]LogModuleManager: Shutting down and abandoning module MeshMergeUtilities (171)
[2018.08.15-09.46.30:523][796]LogModuleManager: Shutting down and abandoning module MeshReductionInterface (170)
[2018.08.15-09.46.30:523][796]LogModuleManager: Shutting down and abandoning module SimplygonSwarm (169)
[2018.08.15-09.46.30:523][796]LogModuleManager: Shutting down and abandoning module SimplygonMeshReduction (167)
[2018.08.15-09.46.30:523][796]LogModuleManager: Shutting down and abandoning module QuadricMeshReduction (165)
[2018.08.15-09.46.30:523][796]LogModuleManager: Shutting down and abandoning module MaterialBaking (161)
[2018.08.15-09.46.30:523][796]LogModuleManager: Shutting down and abandoning module DirectoryWatcher (157)
[2018.08.15-09.46.30:525][796]LogModuleManager: Shutting down and abandoning module DerivedDataCache (154)
[2018.08.15-09.46.30:569][796]LogDerivedDataCache: Shutdown
[2018.08.15-09.46.30:569][796]LogModuleManager: Shutting down and abandoning module XGEController (152)
[2018.08.15-09.46.30:569][796]LogXGEController: Cleaning working directory: C:/Users/Tanner/AppData/Local/Temp/UnrealXGEWorkingDir/
[2018.08.15-09.46.30:569][796]LogModuleManager: Shutting down and abandoning module TargetPlatform (150)
[2018.08.15-09.46.30:569][796]LogModuleManager: Shutting down and abandoning module VulkanShaderFormat (149)
[2018.08.15-09.46.30:569][796]LogModuleManager: Shutting down and abandoning module ShaderFormatVectorVM (147)
[2018.08.15-09.46.30:570][796]LogModuleManager: Shutting down and abandoning module ShaderFormatOpenGL (145)
[2018.08.15-09.46.30:570][796]LogModuleManager: Shutting down and abandoning module ShaderFormatD3D (143)
[2018.08.15-09.46.30:570][796]LogModuleManager: Shutting down and abandoning module MetalShaderFormat (141)
[2018.08.15-09.46.30:570][796]LogModuleManager: Shutting down and abandoning module TextureFormatUncompressed (139)
[2018.08.15-09.46.30:570][796]LogModuleManager: Shutting down and abandoning module TextureFormatPVR (137)
[2018.08.15-09.46.30:570][796]LogModuleManager: Shutting down and abandoning module TextureFormatDXT (135)
[2018.08.15-09.46.30:570][796]LogModuleManager: Shutting down and abandoning module TextureFormatIntelISPCTexComp (133)
[2018.08.15-09.46.30:571][796]LogModuleManager: Shutting down and abandoning module TextureFormatASTC (131)
[2018.08.15-09.46.30:571][796]LogModuleManager: Shutting down and abandoning module ImageWrapper (130)
[2018.08.15-09.46.30:571][796]LogModuleManager: Shutting down and abandoning module TextureFormatAndroid (127)
[2018.08.15-09.46.30:571][796]LogModuleManager: Shutting down and abandoning module AudioFormatOpus (125)
[2018.08.15-09.46.30:571][796]LogModuleManager: Shutting down and abandoning module AudioFormatOgg (123)
[2018.08.15-09.46.30:571][796]LogModuleManager: Shutting down and abandoning module AudioFormatADPCM (121)
[2018.08.15-09.46.30:571][796]LogModuleManager: Shutting down and abandoning module LinuxTargetPlatform (119)
[2018.08.15-09.46.30:571][796]LogModuleManager: Shutting down and abandoning module LinuxServerTargetPlatform (117)
[2018.08.15-09.46.30:571][796]LogModuleManager: Shutting down and abandoning module LinuxNoEditorTargetPlatform (115)
[2018.08.15-09.46.30:571][796]LogModuleManager: Shutting down and abandoning module LinuxClientTargetPlatform (113)
[2018.08.15-09.46.30:571][796]LogModuleManager: Shutting down and abandoning module TVOSTargetPlatform (111)
[2018.08.15-09.46.30:571][796]LogModuleManager: Shutting down and abandoning module Messaging (109)
[2018.08.15-09.46.30:571][796]LogModuleManager: Shutting down and abandoning module IOSTargetPlatform (107)
[2018.08.15-09.46.30:571][796]LogModuleManager: Shutting down and abandoning module HTML5TargetPlatform (105)
[2018.08.15-09.46.30:571][796]LogModuleManager: Shutting down and abandoning module AndroidTargetPlatform (103)
[2018.08.15-09.46.30:571][796]LogModuleManager: Shutting down and abandoning module Android_PVRTCTargetPlatform (101)
[2018.08.15-09.46.30:571][796]LogModuleManager: Shutting down and abandoning module Android_MultiTargetPlatform (99)
[2018.08.15-09.46.30:571][796]LogModuleManager: Shutting down and abandoning module Android_ETC2TargetPlatform (97)
[2018.08.15-09.46.30:571][796]LogModuleManager: Shutting down and abandoning module Android_ETC1TargetPlatform (95)
[2018.08.15-09.46.30:571][796]LogModuleManager: Shutting down and abandoning module Android_ETC1aTargetPlatform (93)
[2018.08.15-09.46.30:572][796]LogModuleManager: Shutting down and abandoning module Android_DXTTargetPlatform (91)
[2018.08.15-09.46.30:572][796]LogModuleManager: Shutting down and abandoning module Android_ATCTargetPlatform (89)
[2018.08.15-09.46.30:572][796]LogModuleManager: Shutting down and abandoning module Android_ASTCTargetPlatform (87)
[2018.08.15-09.46.30:572][796]LogModuleManager: Shutting down and abandoning module WindowsTargetPlatform (85)
[2018.08.15-09.46.30:572][796]LogModuleManager: Shutting down and abandoning module WindowsServerTargetPlatform (83)
[2018.08.15-09.46.30:572][796]LogModuleManager: Shutting down and abandoning module WindowsNoEditorTargetPlatform (81)
[2018.08.15-09.46.30:572][796]LogModuleManager: Shutting down and abandoning module WindowsClientTargetPlatform (79)
[2018.08.15-09.46.30:572][796]LogModuleManager: Shutting down and abandoning module MacTargetPlatform (77)
[2018.08.15-09.46.30:572][796]LogModuleManager: Shutting down and abandoning module MacServerTargetPlatform (75)
[2018.08.15-09.46.30:572][796]LogModuleManager: Shutting down and abandoning module MacNoEditorTargetPlatform (73)
[2018.08.15-09.46.30:572][796]LogModuleManager: Shutting down and abandoning module MacClientTargetPlatform (71)
[2018.08.15-09.46.30:572][796]LogModuleManager: Shutting down and abandoning module AllDesktopTargetPlatform (69)
[2018.08.15-09.46.30:572][796]LogModuleManager: Shutting down and abandoning module InputCore (66)
[2018.08.15-09.46.30:572][796]LogModuleManager: Shutting down and abandoning module Settings (64)
[2018.08.15-09.46.30:572][796]LogModuleManager: Shutting down and abandoning module PhysXCooking (62)
[2018.08.15-09.46.30:572][796]LogModuleManager: Shutting down and abandoning module SteamVR (60)
[2018.08.15-09.46.30:572][796]LogModuleManager: Shutting down and abandoning module OculusHMD (58)
[2018.08.15-09.46.30:572][796]LogModuleManager: Shutting down and abandoning module ExampleDeviceProfileSelector (56)
[2018.08.15-09.46.30:572][796]LogModuleManager: Shutting down and abandoning module AppleARKit (54)
[2018.08.15-09.46.30:573][796]LogModuleManager: Shutting down and abandoning module AugmentedReality (51)
[2018.08.15-09.46.30:573][796]LogModuleManager: Shutting down and abandoning module OnlineBlueprintSupport (48)
[2018.08.15-09.46.30:573][796]LogModuleManager: Shutting down and abandoning module OnlineSubsystem (44)
[2018.08.15-09.46.30:573][796]LogModuleManager: Shutting down and abandoning module XMPP (43)
[2018.08.15-09.46.30:573][796]LogModuleManager: Shutting down and abandoning module HTTP (41)
[2018.08.15-09.46.30:573][796]LogHttp: Display: Http module shutting down, but needs to wait on 1 outstanding Http requests:
[2018.08.15-09.46.30:574][796]LogHttp: Display: 	verb=[POST] url=[https://datarouter.ol.epicgames.com/datarouter/api/v1/public/data?SessionID=%7B3A42B3FB-489B-A8DA-EE19-D8BAFEFD7917%7D&AppID=UEEditor.Rocket.Release&AppVersion=4.19.2-4033788%2B%2B%2BUE4%2BRelease-4.19&UserID=0fbf42da45d44436b7b2ef8116cd8b08%7Ccc06558a2023481aa1147a04b84ae9a3%7C93f3269c-7001-46db-944d-8eea0328620f&AppEnvironment=datacollector-binary&UploadType=eteventstream] status=Processing
[2018.08.15-09.46.30:601][796]LogModuleManager: Shutting down and abandoning module SSL (40)
[2018.08.15-09.46.30:603][796]LogModuleManager: Shutting down and abandoning module AnimationModifiers (36)
[2018.08.15-09.46.30:603][796]LogModuleManager: Shutting down and abandoning module PropertyEditor (35)
[2018.08.15-09.46.30:603][796]LogModuleManager: Shutting down and abandoning module AudioEditor (32)
[2018.08.15-09.46.30:604][796]LogModuleManager: Shutting down and abandoning module TextureCompressor (30)
[2018.08.15-09.46.30:604][796]LogModuleManager: Shutting down and abandoning module ShaderCore (28)
[2018.08.15-09.46.30:605][796]LogModuleManager: Shutting down and abandoning module Landscape (26)
[2018.08.15-09.46.30:605][796]LogModuleManager: Shutting down and abandoning module SlateRHIRenderer (24)
[2018.08.15-09.46.30:606][796]LogModuleManager: Shutting down and abandoning module OpenGLDrv (22)
[2018.08.15-09.46.30:607][796]LogModuleManager: Shutting down and abandoning module D3D11RHI (20)
[2018.08.15-09.46.30:607][796]LogModuleManager: Shutting down and abandoning module AnimGraphRuntime (18)
[2018.08.15-09.46.30:607][796]LogModuleManager: Shutting down and abandoning module Renderer (16)
[2018.08.15-09.46.30:607][796]LogModuleManager: Shutting down and abandoning module Engine (14)
[2018.08.15-09.46.30:607][796]LogModuleManager: Shutting down and abandoning module CoreUObject (12)
[2018.08.15-09.46.30:607][796]LogModuleManager: Shutting down and abandoning module NetworkFile (10)
[2018.08.15-09.46.30:607][796]LogModuleManager: Shutting down and abandoning module CookedIterativeFile (8)
[2018.08.15-09.46.30:607][796]LogModuleManager: Shutting down and abandoning module StreamingFile (6)
[2018.08.15-09.46.30:607][796]LogModuleManager: Shutting down and abandoning module SandboxFile (4)
[2018.08.15-09.46.30:607][796]LogModuleManager: Shutting down and abandoning module PakFile (2)
[2018.08.15-09.46.30:614][796]LogExit: Exiting.
[2018.08.15-09.46.30:623][796]Log file closed, 08/15/18 04:46:30
