Log file open, 08/20/18 15:34:30
LogWindows: Failed to load 'aqProf.dll' (GetLastError=126)
LogWindows: File 'aqProf.dll' does not exist
LogWindows: Failed to load 'VtuneApi.dll' (GetLastError=126)
LogWindows: File 'VtuneApi.dll' does not exist
LogWindows: Failed to load 'VtuneApi32e.dll' (GetLastError=126)
LogWindows: File 'VtuneApi32e.dll' does not exist
LogInit: Display: Running engine for game: Ai_Robo_Game
LogPlatformFile: Not using cached read wrapper
LogInit: Display: RandInit(-1406520987) SRandInit(-1406520987).
LogInit: Read version file with build ID '3944462'
LogInit: Overriding engine version to CL 4033788, compatible CL 3944462
LogInit: Registered custom module enumerator with build ID '3944462'
LogTaskGraph: Started task graph with 5 named threads and 14 total threads with 3 sets of task threads.
LogStats: Stats thread started at 0.176093
LogD3D11RHI: Aftermath initialized
LogICUInternationalization: Display: ICU TimeZone Detection - Raw Offset: -6:00, Platform Override: ''
LogModuleManager: Display: Found up-to-date module file ../../../Engine/Plugins/2D/Paper2D/Binaries/Win64/UE4Editor-Paper2D.dll (API version 3944462).
LogModuleManager: Display: Found up-to-date module file ../../../Engine/Plugins/2D/Paper2D/Binaries/Win64/UE4Editor-Paper2DEditor.dll (API version 3944462).
LogModuleManager: Display: Found up-to-date module file ../../../Engine/Plugins/2D/Paper2D/Binaries/Win64/UE4Editor-PaperSpriteSheetImporter.dll (API version 3944462).
LogModuleManager: Display: Found up-to-date module file ../../../Engine/Plugins/2D/Paper2D/Binaries/Win64/UE4Editor-PaperTiledImporter.dll (API version 3944462).
LogModuleManager: Display: Found up-to-date module file ../../../Engine/Plugins/2D/Paper2D/Binaries/Win64/UE4Editor-SmartSnapping.dll (API version 3944462).
LogModuleManager: Display: Found up-to-date module file ../../../Engine/Plugins/Blendables/LightPropagationVolume/Binaries/Win64/UE4Editor-LightPropagationVolumeRuntime.dll (API version 3944462).
LogModuleManager: Display: Found up-to-date module file ../../../Engine/Plugins/Blendables/LightPropagationVolume/Binaries/Win64/UE4Editor-LightPropagationVolumeEditor.dll (API version 3944462).
LogModuleManager: Display: Found up-to-date module file ../../../Engine/Plugins/Developer/CLionSourceCodeAccess/Binaries/Win64/UE4Editor-CLionSourceCodeAccess.dll (API version 3944462).
LogModuleManager: Display: Found up-to-date module file ../../../Engine/Plugins/Developer/GitSourceControl/Binaries/Win64/UE4Editor-GitSourceControl.dll (API version 3944462).
LogModuleManager: Display: Found up-to-date module file ../../../Engine/Plugins/Developer/PerforceSourceControl/Binaries/Win64/UE4Editor-PerforceSourceControl.dll (API version 3944462).
LogModuleManager: Display: Found up-to-date module file ../../../Engine/Plugins/Developer/SubversionSourceControl/Binaries/Win64/UE4Editor-SubversionSourceControl.dll (API version 3944462).
LogModuleManager: Display: Found up-to-date module file ../../../Engine/Plugins/Developer/UObjectPlugin/Binaries/Win64/UE4Editor-UObjectPlugin.dll (API version 3944462).
LogModuleManager: Display: Found up-to-date module file ../../../Engine/Plugins/Developer/VisualStudioCodeSourceCodeAccess/Binaries/Win64/UE4Editor-VisualStudioCodeSourceCodeAccess.dll (API version 3944462).
LogModuleManager: Display: Found up-to-date module file ../../../Engine/Plugins/Developer/VisualStudioSourceCodeAccess/Binaries/Win64/UE4Editor-VisualStudioSourceCodeAccess.dll (API version 3944462).
LogModuleManager: Display: Found up-to-date module file ../../../Engine/Plugins/Editor/AssetManagerEditor/Binaries/Win64/UE4Editor-AssetManagerEditor.dll (API version 3944462).
LogModuleManager: Display: Found up-to-date module file ../../../Engine/Plugins/Editor/CryptoKeys/Binaries/Win64/UE4Editor-CryptoKeys.dll (API version 3944462).
LogModuleManager: Display: Found up-to-date module file ../../../Engine/Plugins/Editor/CryptoKeys/Binaries/Win64/UE4Editor-CryptoKeysOpenSSL.dll (API version 3944462).
LogModuleManager: Display: Found up-to-date module file ../../../Engine/Plugins/Editor/DataValidation/Binaries/Win64/UE4Editor-DataValidation.dll (API version 3944462).
LogModuleManager: Display: Found up-to-date module file ../../../Engine/Plugins/Editor/FacialAnimation/Binaries/Win64/UE4Editor-FacialAnimation.dll (API version 3944462).
LogModuleManager: Display: Found up-to-date module file ../../../Engine/Plugins/Editor/FacialAnimation/Binaries/Win64/UE4Editor-FacialAnimationEditor.dll (API version 3944462).
LogModuleManager: Display: Found up-to-date module file ../../../Engine/Plugins/Editor/GameplayTagsEditor/Binaries/Win64/UE4Editor-GameplayTagsEditor.dll (API version 3944462).
LogModuleManager: Display: Found up-to-date module file ../../../Engine/Plugins/Editor/MobileLauncherProfileWizard/Binaries/Win64/UE4Editor-MobileLauncherProfileWizard.dll (API version 3944462).
LogModuleManager: Display: Found up-to-date module file ../../../Engine/Plugins/Editor/PluginBrowser/Binaries/Win64/UE4Editor-PluginBrowser.dll (API version 3944462).
LogModuleManager: Display: Found up-to-date module file ../../../Engine/Plugins/Editor/SpeedTreeImporter/Binaries/Win64/UE4Editor-SpeedTreeImporter.dll (API version 3944462).
LogModuleManager: Display: Found up-to-date module file ../../../Engine/Plugins/Enterprise/DatasmithContent/Binaries/Win64/UE4Editor-DatasmithContent.dll (API version 3944462).
LogModuleManager: Display: Found up-to-date module file ../../../Engine/Plugins/Experimental/AlembicImporter/Binaries/Win64/UE4Editor-AlembicImporter.dll (API version 3944462).
LogModuleManager: Display: Found up-to-date module file ../../../Engine/Plugins/Experimental/AlembicImporter/Binaries/Win64/UE4Editor-AlembicLibrary.dll (API version 3944462).
LogModuleManager: Display: Found up-to-date module file ../../../Engine/Plugins/Experimental/CharacterAI/Binaries/Win64/UE4Editor-CharacterAI.dll (API version 3944462).
LogModuleManager: Display: Found up-to-date module file ../../../Engine/Plugins/Experimental/HTML5Networking/Binaries/Win64/UE4Editor-HTML5Networking.dll (API version 3944462).
LogModuleManager: Display: Found up-to-date module file ../../../Engine/Plugins/Media/AndroidMedia/Binaries/Win64/UE4Editor-AndroidMediaEditor.dll (API version 3944462).
LogModuleManager: Display: Found up-to-date module file ../../../Engine/Plugins/Media/AndroidMedia/Binaries/Win64/UE4Editor-AndroidMediaFactory.dll (API version 3944462).
LogModuleManager: Display: Found up-to-date module file ../../../Engine/Plugins/Media/AvfMedia/Binaries/Win64/UE4Editor-AvfMediaEditor.dll (API version 3944462).
LogModuleManager: Display: Found up-to-date module file ../../../Engine/Plugins/Media/AvfMedia/Binaries/Win64/UE4Editor-AvfMediaFactory.dll (API version 3944462).
LogModuleManager: Display: Found up-to-date module file ../../../Engine/Plugins/Media/AvfMedia/Binaries/Win64/UE4Editor-AvfMediaFactory.dll (API version 3944462).
LogModuleManager: Display: Found up-to-date module file ../../../Engine/Plugins/Media/ImgMedia/Binaries/Win64/UE4Editor-ImgMedia.dll (API version 3944462).
LogModuleManager: Display: Found up-to-date module file ../../../Engine/Plugins/Media/ImgMedia/Binaries/Win64/UE4Editor-ImgMediaEditor.dll (API version 3944462).
LogModuleManager: Display: Found up-to-date module file ../../../Engine/Plugins/Media/ImgMedia/Binaries/Win64/UE4Editor-ImgMediaFactory.dll (API version 3944462).
LogModuleManager: Display: Found up-to-date module file ../../../Engine/Plugins/Media/ImgMedia/Binaries/Win64/UE4Editor-ImgMediaFactory.dll (API version 3944462).
LogModuleManager: Display: Found up-to-date module file ../../../Engine/Plugins/Media/ImgMedia/Binaries/Win64/UE4Editor-OpenExrWrapper.dll (API version 3944462).
LogModuleManager: Display: Found up-to-date module file ../../../Engine/Plugins/Media/LinearTimecode/Binaries/Win64/UE4Editor-LinearTimecode.dll (API version 3944462).
LogModuleManager: Display: Found up-to-date module file ../../../Engine/Plugins/Media/MediaCompositing/Binaries/Win64/UE4Editor-MediaCompositing.dll (API version 3944462).
LogModuleManager: Display: Found up-to-date module file ../../../Engine/Plugins/Media/MediaCompositing/Binaries/Win64/UE4Editor-MediaCompositingEditor.dll (API version 3944462).
LogModuleManager: Display: Found up-to-date module file ../../../Engine/Plugins/Media/MediaPlayerEditor/Binaries/Win64/UE4Editor-MediaPlayerEditor.dll (API version 3944462).
LogModuleManager: Display: Found up-to-date module file ../../../Engine/Plugins/Media/WmfMedia/Binaries/Win64/UE4Editor-WmfMedia.dll (API version 3944462).
LogModuleManager: Display: Found up-to-date module file ../../../Engine/Plugins/Media/WmfMedia/Binaries/Win64/UE4Editor-WmfMediaEditor.dll (API version 3944462).
LogModuleManager: Display: Found up-to-date module file ../../../Engine/Plugins/Media/WmfMedia/Binaries/Win64/UE4Editor-WmfMediaFactory.dll (API version 3944462).
LogModuleManager: Display: Found up-to-date module file ../../../Engine/Plugins/Media/WmfMedia/Binaries/Win64/UE4Editor-WmfMediaFactory.dll (API version 3944462).
LogModuleManager: Display: Found up-to-date module file ../../../Engine/Plugins/Messaging/TcpMessaging/Binaries/Win64/UE4Editor-TcpMessaging.dll (API version 3944462).
LogModuleManager: Display: Found up-to-date module file ../../../Engine/Plugins/Messaging/UdpMessaging/Binaries/Win64/UE4Editor-UdpMessaging.dll (API version 3944462).
LogModuleManager: Display: Found up-to-date module file ../../../Engine/Plugins/MovieScene/ActorSequence/Binaries/Win64/UE4Editor-ActorSequence.dll (API version 3944462).
LogModuleManager: Display: Found up-to-date module file ../../../Engine/Plugins/MovieScene/LevelSequenceEditor/Binaries/Win64/UE4Editor-LevelSequenceEditor.dll (API version 3944462).
LogModuleManager: Display: Found up-to-date module file ../../../Engine/Plugins/MovieScene/MatineeToLevelSequence/Binaries/Win64/UE4Editor-MatineeToLevelSequence.dll (API version 3944462).
LogModuleManager: Display: Found up-to-date module file ../../../Engine/Plugins/NetcodeUnitTest/NetcodeUnitTest/Binaries/Win64/UE4Editor-NetcodeUnitTest.dll (API version 3944462).
LogModuleManager: Display: Found up-to-date module file ../../../Engine/Plugins/NetcodeUnitTest/NUTUnrealEngine4/Binaries/Win64/UE4Editor-NUTUnrealEngine4.dll (API version 3944462).
LogModuleManager: Display: Found up-to-date module file ../../../Engine/Plugins/Online/OnlineSubsystem/Binaries/Win64/UE4Editor-OnlineSubsystem.dll (API version 3944462).
LogModuleManager: Display: Found up-to-date module file ../../../Engine/Plugins/Runtime/AndroidPermission/Binaries/Win64/UE4Editor-AndroidPermission.dll (API version 3944462).
LogModuleManager: Display: Found up-to-date module file ../../../Engine/Plugins/Online/OnlineSubsystemNull/Binaries/Win64/UE4Editor-OnlineSubsystemNull.dll (API version 3944462).
LogModuleManager: Display: Found up-to-date module file ../../../Engine/Plugins/Online/OnlineSubsystemUtils/Binaries/Win64/UE4Editor-OnlineSubsystemUtils.dll (API version 3944462).
LogModuleManager: Display: Found up-to-date module file ../../../Engine/Plugins/Online/OnlineSubsystemUtils/Binaries/Win64/UE4Editor-OnlineBlueprintSupport.dll (API version 3944462).
LogModuleManager: Display: Found up-to-date module file ../../../Engine/Plugins/Runtime/AndroidDeviceProfileSelector/Binaries/Win64/UE4Editor-AndroidDeviceProfileSelector.dll (API version 3944462).
LogModuleManager: Display: Found up-to-date module file ../../../Engine/Plugins/Runtime/AppleARKit/Binaries/Win64/UE4Editor-AppleARKit.dll (API version 3944462).
LogModuleManager: Display: Found up-to-date module file ../../../Engine/Plugins/Runtime/ProceduralMeshComponent/Binaries/Win64/UE4Editor-ProceduralMeshComponent.dll (API version 3944462).
LogModuleManager: Display: Found up-to-date module file ../../../Engine/Plugins/Runtime/ProceduralMeshComponent/Binaries/Win64/UE4Editor-ProceduralMeshComponentEditor.dll (API version 3944462).
LogModuleManager: Display: Found up-to-date module file ../../../Engine/Plugins/Animation/LiveLink/Binaries/Win64/UE4Editor-LiveLink.dll (API version 3944462).
LogModuleManager: Display: Found up-to-date module file ../../../Engine/Plugins/Animation/LiveLink/Binaries/Win64/UE4Editor-LiveLinkEditor.dll (API version 3944462).
LogModuleManager: Display: Found up-to-date module file ../../../Engine/Plugins/Runtime/ArchVisCharacter/Binaries/Win64/UE4Editor-ArchVisCharacter.dll (API version 3944462).
LogModuleManager: Display: Found up-to-date module file ../../../Engine/Plugins/Runtime/AudioCapture/Binaries/Win64/UE4Editor-AudioCapture.dll (API version 3944462).
LogModuleManager: Display: Found up-to-date module file ../../../Engine/Plugins/Runtime/AudioCapture/Binaries/Win64/UE4Editor-AudioCaptureEditor.dll (API version 3944462).
LogModuleManager: Display: Found up-to-date module file ../../../Engine/Plugins/Runtime/CableComponent/Binaries/Win64/UE4Editor-CableComponent.dll (API version 3944462).
LogModuleManager: Display: Found up-to-date module file ../../../Engine/Plugins/Runtime/CustomMeshComponent/Binaries/Win64/UE4Editor-CustomMeshComponent.dll (API version 3944462).
LogModuleManager: Display: Found up-to-date module file ../../../Engine/Plugins/Runtime/ExampleDeviceProfileSelector/Binaries/Win64/UE4Editor-ExampleDeviceProfileSelector.dll (API version 3944462).
LogModuleManager: Display: Found up-to-date module file ../../../Engine/Plugins/Runtime/ImmediatePhysics/Binaries/Win64/UE4Editor-ImmediatePhysics.dll (API version 3944462).
LogModuleManager: Display: Found up-to-date module file ../../../Engine/Plugins/Runtime/ImmediatePhysics/Binaries/Win64/UE4Editor-ImmediatePhysicsEditor.dll (API version 3944462).
LogModuleManager: Display: Found up-to-date module file ../../../Engine/Plugins/Runtime/LocationServicesBPLibrary/Binaries/Win64/UE4Editor-LocationServicesBPLibrary.dll (API version 3944462).
LogModuleManager: Display: Found up-to-date module file ../../../Engine/Plugins/Runtime/MobilePatchingUtils/Binaries/Win64/UE4Editor-MobilePatchingUtils.dll (API version 3944462).
LogModuleManager: Display: Found up-to-date module file ../../../Engine/Plugins/Runtime/Oculus/OculusVR/Binaries/Win64/UE4Editor-OculusHMD.dll (API version 3944462).
LogModuleManager: Display: Found up-to-date module file ../../../Engine/Plugins/Runtime/Oculus/OculusVR/Binaries/Win64/UE4Editor-OculusInput.dll (API version 3944462).
LogModuleManager: Display: Found up-to-date module file ../../../Engine/Plugins/Runtime/Oculus/OculusVR/Binaries/Win64/UE4Editor-OculusEditor.dll (API version 3944462).
LogModuleManager: Display: Found up-to-date module file ../../../Engine/Plugins/Runtime/PhysXVehicles/Binaries/Win64/UE4Editor-PhysXVehicles.dll (API version 3944462).
LogModuleManager: Display: Found up-to-date module file ../../../Engine/Plugins/Runtime/PhysXVehicles/Binaries/Win64/UE4Editor-PhysXVehiclesEditor.dll (API version 3944462).
LogModuleManager: Display: Found up-to-date module file ../../../Engine/Plugins/Runtime/RuntimePhysXCooking/Binaries/Win64/UE4Editor-RuntimePhysXCooking.dll (API version 3944462).
LogModuleManager: Display: Found up-to-date module file ../../../Engine/Plugins/Runtime/Steam/SteamVR/Binaries/Win64/UE4Editor-SteamVR.dll (API version 3944462).
LogModuleManager: Display: Found up-to-date module file ../../../Engine/Plugins/Runtime/Steam/SteamVR/Binaries/Win64/UE4Editor-SteamVRController.dll (API version 3944462).
LogModuleManager: Display: Found up-to-date module file ../../../Engine/Plugins/Runtime/WindowsMoviePlayer/Binaries/Win64/UE4Editor-WindowsMoviePlayer.dll (API version 3944462).
LogPluginManager: Mounting plugin Paper2D
LogPluginManager: Mounting plugin LiveLink
LogPluginManager: Mounting plugin LightPropagationVolume
LogPluginManager: Mounting plugin CLionSourceCodeAccess
LogPluginManager: Mounting plugin CodeLiteSourceCodeAccess
LogPluginManager: Mounting plugin GitSourceControl
LogPluginManager: Mounting plugin KDevelopSourceCodeAccess
LogPluginManager: Mounting plugin NullSourceCodeAccess
LogPluginManager: Mounting plugin PerforceSourceControl
LogPluginManager: Mounting plugin SubversionSourceControl
LogPluginManager: Mounting plugin UObjectPlugin
LogPluginManager: Mounting plugin VisualStudioCodeSourceCodeAccess
LogPluginManager: Mounting plugin VisualStudioSourceCodeAccess
LogPluginManager: Mounting plugin XCodeSourceCodeAccess
LogPluginManager: Mounting plugin AssetManagerEditor
LogPluginManager: Mounting plugin CryptoKeys
LogPluginManager: Mounting plugin DataValidation
LogPluginManager: Mounting plugin FacialAnimation
LogPluginManager: Mounting plugin GameplayTagsEditor
LogPluginManager: Mounting plugin MobileLauncherProfileWizard
LogPluginManager: Mounting plugin PluginBrowser
LogPluginManager: Mounting plugin SpeedTreeImporter
LogPluginManager: Mounting plugin DatasmithContent
LogPluginManager: Mounting plugin AlembicImporter
LogPluginManager: Mounting plugin CharacterAI
LogPluginManager: Mounting plugin HTML5Networking
LogPluginManager: Mounting plugin AndroidMedia
LogPluginManager: Mounting plugin AvfMedia
LogPluginManager: Mounting plugin ImgMedia
LogPluginManager: Mounting plugin LinearTimecode
LogPluginManager: Mounting plugin MediaCompositing
LogPluginManager: Mounting plugin MediaPlayerEditor
LogPluginManager: Mounting plugin WmfMedia
LogPluginManager: Mounting plugin TcpMessaging
LogPluginManager: Mounting plugin UdpMessaging
LogPluginManager: Mounting plugin ActorSequence
LogPluginManager: Mounting plugin LevelSequenceEditor
LogPluginManager: Mounting plugin MatineeToLevelSequence
LogPluginManager: Mounting plugin NetcodeUnitTest
LogPluginManager: Mounting plugin NUTUnrealEngine4
LogPluginManager: Mounting plugin OnlineSubsystemGooglePlay
LogPluginManager: Mounting plugin OnlineSubsystemIOS
LogPluginManager: Mounting plugin OnlineSubsystem
LogPluginManager: Mounting plugin OnlineSubsystemNull
LogPluginManager: Mounting plugin OnlineSubsystemUtils
LogPluginManager: Mounting plugin AndroidDeviceProfileSelector
LogPluginManager: Mounting plugin AndroidMoviePlayer
LogPluginManager: Mounting plugin AndroidPermission
LogPluginManager: Mounting plugin AppleARKit
LogPluginManager: Mounting plugin AppleMoviePlayer
LogPluginManager: Mounting plugin ArchVisCharacter
LogPluginManager: Mounting plugin AudioCapture
LogPluginManager: Mounting plugin CableComponent
LogPluginManager: Mounting plugin CustomMeshComponent
LogPluginManager: Mounting plugin ExampleDeviceProfileSelector
LogPluginManager: Mounting plugin GoogleCloudMessaging
LogPluginManager: Mounting plugin ImmediatePhysics
LogPluginManager: Mounting plugin IOSDeviceProfileSelector
LogPluginManager: Mounting plugin LinuxDeviceProfileSelector
LogPluginManager: Mounting plugin LocationServicesBPLibrary
LogPluginManager: Mounting plugin MobilePatchingUtils
LogPluginManager: Mounting plugin OculusVR
LogPluginManager: Plugin shader directory ../../../Engine/Plugins/Runtime/Oculus/OculusVR/Shaders found
LogPluginManager: Mapping shader source directory ../../../Engine/Plugins/Runtime/Oculus/OculusVR/Shaders to virtual directory /Plugin/OculusVR
LogPluginManager: Mounting plugin PhysXVehicles
LogPluginManager: Mounting plugin ProceduralMeshComponent
LogPluginManager: Mounting plugin RuntimePhysXCooking
LogPluginManager: Mounting plugin SteamVR
LogPluginManager: Mounting plugin WindowsMoviePlayer
LogStreaming: Display: Took  0.755s to configure plugins.
LogInit: Using libcurl 7.47.1
LogInit:  - built for x86_64-pc-win32
LogInit:  - supports SSL with OpenSSL/1.0.2g
LogInit:  - supports HTTP deflate (compression) using libz 1.2.8
LogInit:  - other features:
LogInit:      CURL_VERSION_SSL
LogInit:      CURL_VERSION_LIBZ
LogInit:      CURL_VERSION_IPV6
LogInit:      CURL_VERSION_ASYNCHDNS
LogInit:      CURL_VERSION_LARGEFILE
LogInit:      CURL_VERSION_IDN
LogInit:  CurlRequestOptions (configurable via config and command line):
LogInit:  - bVerifyPeer = false  - Libcurl will NOT verify peer certificate
LogInit:  - bUseHttpProxy = false  - Libcurl will NOT use HTTP proxy
LogInit:  - bDontReuseConnections = false  - Libcurl will reuse connections
LogInit:  - CertBundlePath = nullptr  - Libcurl will use whatever was configured at build time.
LogInit:  - MaxHostConnections = 16  - Libcurl will limit the number of connections to a host
LogInit:  - LocalHostAddr = Default
LogInit: WinSock: version 1.1 (2.2), MaxSocks=32767, MaxUdp=65467
LogInit: WinSock: I am Tanner-PC (10.0.0.175:0)
LogInit: Build: ++UE4+Release-4.19-CL-4033788
LogInit: Engine Version: 4.19.2-4033788+++UE4+Release-4.19
LogInit: Compatible Engine Version: 4.19.0-3944462+++UE4+Release-4.19
LogInit: Net CL: 3944462
LogDevObjectVersion: Number of dev versions registered: 18
LogDevObjectVersion:   Dev-Blueprints (B0D832E4-1F89-4F0D-ACCF-7EB736FD4AA2): 10
LogDevObjectVersion:   Dev-Build (E1C64328-A22C-4D53-A36C-8E866417BD8C): 0
LogDevObjectVersion:   Dev-Core (375EC13C-06E4-48FB-B500-84F0262A717E): 2
LogDevObjectVersion:   Dev-Editor (E4B068ED-F494-42E9-A231-DA0B2E46BB41): 23
LogDevObjectVersion:   Dev-Framework (CFFC743F-43B0-4480-9391-14DF171D2073): 33
LogDevObjectVersion:   Dev-Mobile (B02B49B5-BB20-44E9-A304-32B752E40360): 2
LogDevObjectVersion:   Dev-Networking (A4E4105C-59A1-49B5-A7C5-40C4547EDFEE): 0
LogDevObjectVersion:   Dev-Online (39C831C9-5AE6-47DC-9A44-9C173E1C8E7C): 0
LogDevObjectVersion:   Dev-Physics (78F01B33-EBEA-4F98-B9B4-84EACCB95AA2): 0
LogDevObjectVersion:   Dev-Platform (6631380F-2D4D-43E0-8009-CF276956A95A): 0
LogDevObjectVersion:   Dev-Rendering (12F88B9F-8875-4AFC-A67C-D90C383ABD29): 25
LogDevObjectVersion:   Dev-Sequencer (7B5AE74C-D270-4C10-A958-57980B212A5A): 6
LogDevObjectVersion:   Dev-VR (D7296918-1DD6-4BDD-9DE2-64A83CC13884): 1
LogDevObjectVersion:   Dev-LoadTimes (C2A15278-BFE7-4AFE-6C17-90FF531DF755): 1
LogDevObjectVersion:   Private-Geometry (6EACA3D4-40EC-4CC1-B786-8BED09428FC5): 2
LogDevObjectVersion:   Dev-AnimPhys (29E575DD-E0A3-4627-9D10-D276232CDCEA): 16
LogDevObjectVersion:   Dev-ReflectionCapture (6B266CEC-1EC7-4B8F-A30B-E4D90942FC07): 1
LogDevObjectVersion:   Dev-Automation (0DF73D61-A23F-47EA-B727-89E90C41499A): 1
LogInit: Compiled (64-bit): Apr 27 2018 02:06:57
LogInit: Compiled with Visual C++: 19.00.24215.01
LogInit: Build Configuration: Development
LogInit: Branch Name: ++UE4+Release-4.19
LogInit: Command Line:  
LogInit: Base Directory: C:/Program Files/Epic Games/UE_4.19/Engine/Binaries/Win64/
LogInit: Installed Engine Build: 1
LogStreaming: Display: Took  0.004s to delete old logs.
LogInit: Presizing for max 8388607 objects, including 0 objects not considered by GC, pre-allocating 0 bytes for permanent pool.
LogInit: Object subsystem initialized
[2018.08.20-20.34.31:205][  0]LogInit: Selected Device Profile: [Windows]
[2018.08.20-20.34.31:205][  0]LogInit: Applying CVar settings loaded from the selected device profile: [Windows]
[2018.08.20-20.34.31:217][  0]LogInit: Computer: TANNER-PC
[2018.08.20-20.34.31:217][  0]LogInit: User: Tanner
[2018.08.20-20.34.31:217][  0]LogInit: CPU Page size=4096, Cores=4
[2018.08.20-20.34.31:217][  0]LogInit: High frequency timer resolution =2.648457 MHz
[2018.08.20-20.34.31:218][  0]LogMemory: Memory total: Physical=15.9GB (16GB approx)
[2018.08.20-20.34.31:218][  0]LogMemory: Platform Memory Stats for Windows
[2018.08.20-20.34.31:218][  0]LogMemory: Process Physical Memory: 275.85 MB used, 275.85 MB peak
[2018.08.20-20.34.31:218][  0]LogMemory: Process Virtual Memory: 267.37 MB used, 267.37 MB peak
[2018.08.20-20.34.31:218][  0]LogMemory: Physical Memory: 9866.56 MB used,  6445.52 MB free, 16312.08 MB total
[2018.08.20-20.34.31:218][  0]LogMemory: Virtual Memory: 635.98 MB used,  6445.52 MB free, 8388608.00 MB total
[2018.08.20-20.34.31:255][  0]LogInit: Using OS detected language (en-US).
[2018.08.20-20.34.31:256][  0]LogInit: Using OS detected locale (en-US).
[2018.08.20-20.34.31:258][  0]LogTextLocalizationManager: No specific localization for 'en-US' exists, so the 'en' localization will be used.
[2018.08.20-20.34.31:765][  0]LogStreaming: Display: Took  0.510s to EndInitTextLocalization.
[2018.08.20-20.34.31:766][  0]LogWindows: Failed to load 'shcore.dll' (GetLastError=126)
[2018.08.20-20.34.31:766][  0]LogWindows: File 'shcore.dll' does not exist
[2018.08.20-20.34.31:766][  0]LogInit: Setting process to DPI aware
[2018.08.20-20.34.31:768][  0]LogWindows: Failed to load 'shcore.dll' (GetLastError=126)
[2018.08.20-20.34.31:768][  0]LogWindows: File 'shcore.dll' does not exist
[2018.08.20-20.34.31:768][  0]LogInit: Setting process to DPI aware
[2018.08.20-20.34.31:781][  0]LogSlate: New Slate User Created.  User Index 0, Is Virtual User: 0
[2018.08.20-20.34.31:781][  0]LogSlate: Slate User Registered.  User Index 0, Is Virtual User: 0
[2018.08.20-20.34.31:931][  0]LogD3D11RHI: D3D11 adapters:
[2018.08.20-20.34.31:967][  0]LogD3D11RHI:    0. 'NVIDIA GeForce GTX 1060 6GB' (Feature Level 11_0)
[2018.08.20-20.34.31:967][  0]LogD3D11RHI:       6036/0/7900 MB DedicatedVideo/DedicatedSystem/SharedSystem, Outputs:1, VendorId:0x10de
[2018.08.20-20.34.31:967][  0]LogD3D11RHI: Chosen D3D11 Adapter: 0
[2018.08.20-20.34.31:973][  0]LogD3D11RHI: Creating new Direct3DDevice
[2018.08.20-20.34.31:973][  0]LogD3D11RHI:     GPU DeviceId: 0x1c03 (for the marketing name, search the web for "GPU Device Id")
[2018.08.20-20.34.31:973][  0]LogWindows: EnumDisplayDevices:
[2018.08.20-20.34.31:973][  0]LogWindows:    0. 'NVIDIA GeForce GTX 1060 6GB' (P:1 D:1)
[2018.08.20-20.34.31:974][  0]LogWindows:    1. 'NVIDIA GeForce GTX 1060 6GB' (P:0 D:0)
[2018.08.20-20.34.31:974][  0]LogWindows:    2. 'NVIDIA GeForce GTX 1060 6GB' (P:0 D:0)
[2018.08.20-20.34.31:974][  0]LogWindows:    3. 'NVIDIA GeForce GTX 1060 6GB' (P:0 D:0)
[2018.08.20-20.34.31:974][  0]LogWindows:    4. 'RDPDD Chained DD' (P:0 D:0)
[2018.08.20-20.34.31:974][  0]LogWindows:    5. 'RDP Encoder Mirror Driver' (P:0 D:0)
[2018.08.20-20.34.31:974][  0]LogWindows:    6. 'RDP Reflector Display Driver' (P:0 D:0)
[2018.08.20-20.34.31:974][  0]LogWindows: DebugString: GetVideoDriverDetailsInvalid PrimaryIsNotTheChoosenAdapter GetVideoDriverDetailsInvalid PrimaryIsNotTheChoosenAdapter GetVideoDriverDetailsInvalid PrimaryIsNotTheChoosenAdapter FoundDriverCount:4 
[2018.08.20-20.34.31:974][  0]LogD3D11RHI:     Adapter Name: NVIDIA GeForce GTX 1060 6GB
[2018.08.20-20.34.31:974][  0]LogD3D11RHI:   Driver Version: 391.35 (internal:23.21.13.9135, unified:391.35)
[2018.08.20-20.34.31:974][  0]LogD3D11RHI:      Driver Date: 3-23-2018
[2018.08.20-20.34.31:974][  0]LogRHI: Texture pool is 4225 MB (70% of 6036 MB)
[2018.08.20-20.34.31:990][  0]LogD3D11RHI: [Aftermath] Aftermath enabled and primed
[2018.08.20-20.34.31:990][  0]LogD3D11RHI: [Aftermath] Aftermath enabled and primed
[2018.08.20-20.34.31:990][  0]LogD3D11RHI: Async texture creation enabled
[2018.08.20-20.34.32:012][  0]LogD3D11RHI: GPU Timing Frequency: 1000.000000 (Debug: 2 3)
[2018.08.20-20.34.32:013][  0]LogShaderCompilers: Guid format shader working directory is -4 characters bigger than the processId version (E:/Unreal Projects/Robot_Ai_Game_Repo/Ai_Robo_Game/Intermediate/Shaders/WorkingDirectory/10956/).
[2018.08.20-20.34.32:013][  0]LogShaderCompilers: Cleaned the shader compiler working directory 'C:/Users/Tanner/AppData/Local/Temp/UnrealShaderWorkingDir/BA2F00454EBBE2A66375EF8E632AB45D/'.
[2018.08.20-20.34.32:195][  0]LogTemp: Display: Loaded TP AllDesktopTargetPlatform
[2018.08.20-20.34.32:210][  0]LogTemp: Display: Loaded TP MacClientTargetPlatform
[2018.08.20-20.34.32:225][  0]LogTemp: Display: Loaded TP MacNoEditorTargetPlatform
[2018.08.20-20.34.32:239][  0]LogTemp: Display: Loaded TP MacServerTargetPlatform
[2018.08.20-20.34.32:254][  0]LogTemp: Display: Loaded TP MacTargetPlatform
[2018.08.20-20.34.32:268][  0]LogTemp: Display: Loaded TP WindowsClientTargetPlatform
[2018.08.20-20.34.32:283][  0]LogTemp: Display: Loaded TP WindowsNoEditorTargetPlatform
[2018.08.20-20.34.32:297][  0]LogTemp: Display: Loaded TP WindowsServerTargetPlatform
[2018.08.20-20.34.32:304][  0]LogTemp: Display: Loaded TP WindowsTargetPlatform
[2018.08.20-20.34.32:317][  0]LogTemp: Display: Loaded TP Android_ASTCTargetPlatform
[2018.08.20-20.34.32:330][  0]LogTemp: Display: Loaded TP Android_ATCTargetPlatform
[2018.08.20-20.34.32:343][  0]LogTemp: Display: Loaded TP Android_DXTTargetPlatform
[2018.08.20-20.34.32:356][  0]LogTemp: Display: Loaded TP Android_ETC1aTargetPlatform
[2018.08.20-20.34.32:369][  0]LogTemp: Display: Loaded TP Android_ETC1TargetPlatform
[2018.08.20-20.34.32:382][  0]LogTemp: Display: Loaded TP Android_ETC2TargetPlatform
[2018.08.20-20.34.32:408][  0]LogTemp: Display: Loaded TP Android_MultiTargetPlatform
[2018.08.20-20.34.32:409][  0]LogTemp: Display: Loaded TP Android_PVRTCTargetPlatform
[2018.08.20-20.34.32:422][  0]LogTemp: Display: Loaded TP AndroidTargetPlatform
[2018.08.20-20.34.32:423][  0]LogTemp: Display: Loaded TP HTML5TargetPlatform
[2018.08.20-20.34.32:458][  0]LogTemp: Display: Loaded TP IOSTargetPlatform
[2018.08.20-20.34.32:471][  0]LogTemp: Display: Loaded TP TVOSTargetPlatform
[2018.08.20-20.34.32:484][  0]LogTemp: Display: Loaded TP LinuxClientTargetPlatform
[2018.08.20-20.34.32:497][  0]LogTemp: Display: Loaded TP LinuxNoEditorTargetPlatform
[2018.08.20-20.34.32:510][  0]LogTemp: Display: Loaded TP LinuxServerTargetPlatform
[2018.08.20-20.34.32:524][  0]LogTemp: Display: Loaded TP LinuxTargetPlatform
[2018.08.20-20.34.32:524][  0]LogTargetPlatformManager: Display: Building Assets For Windows
[2018.08.20-20.34.32:618][  0]LogXGEController: Cleaning working directory: C:/Users/Tanner/AppData/Local/Temp/UnrealXGEWorkingDir/
[2018.08.20-20.34.32:618][  0]LogXGEController: Cannot use XGE Controller as Incredibuild is not installed on this machine.
[2018.08.20-20.34.32:618][  0]LogShaderCompilers: Cannot use XGE Shader Compiler as Incredibuild is not installed on this machine.
[2018.08.20-20.34.32:618][  0]LogShaderCompilers: Display: Using Local Shader Compiler.
[2018.08.20-20.34.33:396][  0]LogDerivedDataCache: Display: Max Cache Size: 512 MB
[2018.08.20-20.34.33:499][  0]LogDerivedDataCache: Loaded boot cache 0.10s 74MB C:/Users/Tanner/AppData/Local/UnrealEngine/4.19/DerivedDataCache/Boot.ddc.
[2018.08.20-20.34.33:499][  0]LogDerivedDataCache: Display: Loaded Boot cache: C:/Users/Tanner/AppData/Local/UnrealEngine/4.19/DerivedDataCache/Boot.ddc
[2018.08.20-20.34.33:499][  0]LogDerivedDataCache: FDerivedDataBackendGraph:  Pak pak cache file E:/Unreal Projects/Robot_Ai_Game_Repo/Ai_Robo_Game/DerivedDataCache/DDC.ddp not found, will not use a pak cache.
[2018.08.20-20.34.33:499][  0]LogDerivedDataCache: Unable to find inner node Pak for hierarchical cache Hierarchy.
[2018.08.20-20.34.33:499][  0]LogDerivedDataCache: FDerivedDataBackendGraph:  CompressedPak pak cache file E:/Unreal Projects/Robot_Ai_Game_Repo/Ai_Robo_Game/DerivedDataCache/Compressed.ddp not found, will not use a pak cache.
[2018.08.20-20.34.33:499][  0]LogDerivedDataCache: Unable to find inner node CompressedPak for hierarchical cache Hierarchy.
[2018.08.20-20.34.33:518][  0]LogDerivedDataCache: Display: Pak cache opened for reading ../../../Engine/DerivedDataCache/Compressed.ddp.
[2018.08.20-20.34.33:530][  0]LogDerivedDataCache: Using Local data cache path C:/Users/Tanner/AppData/Local/UnrealEngine/Common/DerivedDataCache: Writable
[2018.08.20-20.34.33:530][  0]LogDerivedDataCache: Shared data cache path not found in *engine.ini, will not use an Shared cache.
[2018.08.20-20.34.33:530][  0]LogDerivedDataCache: Unable to find inner node Shared for hierarchical cache Hierarchy.
[2018.08.20-20.34.33:544][  0]LogMaterial: Verifying Global Shaders for PCD3D_SM5
[2018.08.20-20.34.33:546][  0]LogSlate: Using Freetype 2.6.0
[2018.08.20-20.34.33:547][  0]LogSlate: SlateFontCache - WITH_FREETYPE: 1, WITH_HARFBUZZ: 1
[2018.08.20-20.34.33:547][  0]LogSlate: SlateFontCache - WITH_FREETYPE: 1, WITH_HARFBUZZ: 1
[2018.08.20-20.34.33:659][  0]LogAssetRegistry: FAssetRegistry took 0.0248 seconds to start up
[2018.08.20-20.34.34:004][  0]LogInit: Selected Device Profile: [Windows]
[2018.08.20-20.34.34:153][  0]LogSimplygon: Simplygon DLL not present - disabling.
[2018.08.20-20.34.34:156][  0]LogMeshReduction: Using SimplygonSwarm for distributed automatic mesh merging
[2018.08.20-20.34.34:156][  0]LogMeshReduction: Using QuadricMeshReduction for automatic static mesh reduction
[2018.08.20-20.34.34:156][  0]LogMeshReduction: No automatic skeletal mesh reduction module available
[2018.08.20-20.34.34:156][  0]LogMeshReduction: No automatic mesh merging module available
[2018.08.20-20.34.34:156][  0]LogMeshMerging: No automatic mesh merging module available
[2018.08.20-20.34.34:217][  0]LogNetVersion: Ai_Robo_Game , NetCL: 3944462, EngineNetVer: 2, GameNetVer: 0 (Checksum: 2716967238)
[2018.08.20-20.34.34:778][  0]LogPackageLocalizationCache: Processed 9 localized package path(s) for 2 prioritized culture(s) in 0.116316 seconds
[2018.08.20-20.34.34:784][  0]LogUObjectArray: 36728 objects as part of root set at end of initial load.
[2018.08.20-20.34.34:785][  0]LogUObjectAllocator: 7314304 out of 0 bytes used by permanent object pool.
[2018.08.20-20.34.34:785][  0]LogUObjectArray: CloseDisregardForGC: 0/0 objects in disregard for GC pool
[2018.08.20-20.34.36:405][  0]LogTcpMessaging: Initializing TcpMessaging bridge
[2018.08.20-20.34.36:429][  0]LogUdpMessaging: Initializing bridge on interface 0.0.0.0:0 to multicast group 230.0.0.1:6666.
[2018.08.20-20.34.36:690][  0]SourceControl: Source control is disabled
[2018.08.20-20.34.36:690][  0]SourceControl: Source control is disabled
[2018.08.20-20.34.36:702][  0]SourceControl: Source control is disabled
[2018.08.20-20.34.36:714][  0]SourceControl: Source control is disabled
[2018.08.20-20.34.37:059][  0]LogAndroidPermission: UAndroidPermissionCallbackProxy::GetInstance
[2018.08.20-20.34.37:232][  0]LogOcInput: OculusInput pre-init called
[2018.08.20-20.34.37:328][  0]LogEngine: Initializing Engine...
[2018.08.20-20.34.37:329][  0]LogHMD: Failed to initialize OpenVR with code 110
[2018.08.20-20.34.37:330][  0]LogStats: UGameplayTagsManager::ConstructGameplayTagTree: Construct from data asset -  0.000 s
[2018.08.20-20.34.37:330][  0]LogStats: UGameplayTagsManager::ConstructGameplayTagTree: GameplayTagTreeChangedEvent.Broadcast -  0.000 s
[2018.08.20-20.34.37:637][  0]LogAIModule: Creating AISystem for world Untitled
[2018.08.20-20.34.37:652][  0]LogInit: XAudio2 using 'Speakers (Realtek High Definition Audio)' : 2 channels at 48 kHz using 32 bits per sample (channel mask 0x3)
[2018.08.20-20.34.37:678][  0]LogInit: FAudioDevice initialized.
[2018.08.20-20.34.37:760][  0]LogDerivedDataCache: Saved boot cache 0.08s 74MB C:/Users/Tanner/AppData/Local/UnrealEngine/4.19/DerivedDataCache/Boot.ddc.
[2018.08.20-20.34.37:773][  0]LogInit: Texture streaming: Enabled
[2018.08.20-20.34.37:788][  0]LogEngineSessionManager: EngineSessionManager initialized
[2018.08.20-20.34.37:800][  0]LogInit: Transaction tracking system initialized
[2018.08.20-20.34.37:822][  0]BlueprintLog: New page: Editor Load
[2018.08.20-20.34.37:898][  0]LocalizationService: Localization service is disabled
[2018.08.20-20.34.37:988][  0]LogConsoleResponse: Display: 
[2018.08.20-20.34.38:179][  0]LogCook: Display: Max memory allowance for cook 16384mb min free memory 0mb
[2018.08.20-20.34.38:179][  0]LogCook: Display: Mobile HDR setting 1
[2018.08.20-20.34.38:179][  0]LogGameplayTags: Display: UGameplayTagsManager::DoneAddingNativeTags. DelegateIsBound: 0
[2018.08.20-20.34.38:179][  0]LogStats: UGameplayTagsManager::ConstructGameplayTagTree: Construct from data asset -  0.000 s
[2018.08.20-20.34.38:179][  0]LogStats: UGameplayTagsManager::ConstructGameplayTagTree: GameplayTagTreeChangedEvent.Broadcast -  0.000 s
[2018.08.20-20.34.38:444][  0]LogFileCache: Scanning file cache for directory 'E:/Unreal Projects/Robot_Ai_Game_Repo/Ai_Robo_Game/Content/' took 0.01s
[2018.08.20-20.34.38:444][  0]SourceControl: Source control is disabled
[2018.08.20-20.34.38:444][  0]Cmd: MAP LOAD FILE="E:/Unreal Projects/Robot_Ai_Game_Repo/Ai_Robo_Game/Content/Maps/Main_Level.umap" TEMPLATE=0 SHOWPROGRESS=1 FEATURELEVEL=3
[2018.08.20-20.34.38:444][  0]LightingResults: New page: Lighting Build
[2018.08.20-20.34.38:448][  0]MapCheck: New page: Map Check
[2018.08.20-20.34.38:448][  0]LightingResults: New page: Lighting Build
[2018.08.20-20.34.38:481][  0]LogUObjectGlobals: Created PersistentFrame Addr=0x00000000476ea680, Size=64, Default__Normal_C Function /Game/Robots/Normal.Normal_C:ExecuteUbergraph_Normal
[2018.08.20-20.34.38:487][  0]LogUObjectGlobals: Destroyed PersistentFrame Addr=0x00000000476ea680, Size=64
[2018.08.20-20.34.38:487][  0]LogUObjectGlobals: Created PersistentFrame Addr=0x00000000476ea880, Size=64, Default__Normal_C Function /Engine/Transient.REINST_Normal_C_1:ExecuteUbergraph_Normal
[2018.08.20-20.34.38:491][  0]LogUObjectGlobals: Created PersistentFrame Addr=0x00000000476e8700, Size=64, Default__Normal_C Function /Game/Robots/Normal.Normal_C:ExecuteUbergraph_Normal
[2018.08.20-20.34.38:500][  0]LogUObjectGlobals: Created PersistentFrame Addr=0x00000000476e81c0, Size=64, Default__Runner_C Function /Game/Robots/Runner.Runner_C:ExecuteUbergraph_Runner
[2018.08.20-20.34.38:504][  0]LogUObjectGlobals: Destroyed PersistentFrame Addr=0x00000000476e81c0, Size=64
[2018.08.20-20.34.38:504][  0]LogUObjectGlobals: Created PersistentFrame Addr=0x00000000473df580, Size=64, Default__Runner_C Function /Engine/Transient.REINST_Runner_C_3:ExecuteUbergraph_Runner
[2018.08.20-20.34.38:507][  0]LogUObjectGlobals: Created PersistentFrame Addr=0x00000000473de7c0, Size=64, Default__Runner_C Function /Game/Robots/Runner.Runner_C:ExecuteUbergraph_Runner
[2018.08.20-20.34.38:515][  0]LogUObjectGlobals: Created PersistentFrame Addr=0x00000000473df080, Size=64, Default__Shooter_C Function /Game/Robots/Shooter.Shooter_C:ExecuteUbergraph_Shooter
[2018.08.20-20.34.38:520][  0]LogUObjectGlobals: Destroyed PersistentFrame Addr=0x00000000473df080, Size=64
[2018.08.20-20.34.38:520][  0]LogUObjectGlobals: Created PersistentFrame Addr=0x00000000473deb80, Size=64, Default__Shooter_C Function /Engine/Transient.REINST_Shooter_C_5:ExecuteUbergraph_Shooter
[2018.08.20-20.34.38:523][  0]LogUObjectGlobals: Created PersistentFrame Addr=0x00000000473dcfc0, Size=64, Default__Shooter_C Function /Game/Robots/Shooter.Shooter_C:ExecuteUbergraph_Shooter
[2018.08.20-20.34.38:649][  0]LogUObjectGlobals: Created PersistentFrame Addr=0x0000000028ca3200, Size=1224, Default__Main_Level_C Function /Game/Maps/Main_Level.Main_Level_C:ExecuteUbergraph_Main_Level
[2018.08.20-20.34.38:661][  0]LogUObjectGlobals: Destroyed PersistentFrame Addr=0x0000000028ca3200, Size=1224
[2018.08.20-20.34.38:661][  0]LogUObjectGlobals: Created PersistentFrame Addr=0x000000003163f900, Size=1224, Default__Main_Level_C Function /Engine/Transient.REINST_Main_Level_C_12:ExecuteUbergraph_Main_Level
[2018.08.20-20.34.38:671][  0]LogUObjectGlobals: Created PersistentFrame Addr=0x0000000028ca0800, Size=1224, Default__Main_Level_C Function /Game/Maps/Main_Level.Main_Level_C:ExecuteUbergraph_Main_Level
[2018.08.20-20.34.38:848][  0]LogAIModule: Creating AISystem for world Main_Level
[2018.08.20-20.34.38:857][  0]LogEditorServer: Finished looking for orphan Actors (0.000 secs)
[2018.08.20-20.34.38:871][  0]LogUObjectGlobals: Destroyed PersistentFrame Addr=0x00000000476ea880, Size=64
[2018.08.20-20.34.38:871][  0]LogUObjectGlobals: Destroyed PersistentFrame Addr=0x00000000473df580, Size=64
[2018.08.20-20.34.38:871][  0]LogUObjectGlobals: Destroyed PersistentFrame Addr=0x00000000473deb80, Size=64
[2018.08.20-20.34.38:871][  0]LogUObjectGlobals: Destroyed PersistentFrame Addr=0x000000003163f900, Size=1224
[2018.08.20-20.34.38:873][  0]Cmd: MAP CHECKDEP NOCLEARLOG
[2018.08.20-20.34.38:908][  0]MapCheck: Map check complete: 0 Error(s), 0 Warning(s), took 35.412ms to complete.
[2018.08.20-20.34.38:908][  0]LogFileHelpers: Loading map 'Main_Level' took 0.464
[2018.08.20-20.34.39:029][  0]LogCollectionManager: Loaded 0 collections in 0.001605 seconds
[2018.08.20-20.34.39:067][  0]LogFileCache: Scanning file cache for directory 'E:/Unreal Projects/Robot_Ai_Game_Repo/Ai_Robo_Game/Saved/Collections/' took 0.01s
[2018.08.20-20.34.39:067][  0]LogFileCache: Scanning file cache for directory 'E:/Unreal Projects/Robot_Ai_Game_Repo/Ai_Robo_Game/Content/Developers/Tanner/Collections/' took 0.01s
[2018.08.20-20.34.39:067][  0]LogFileCache: Scanning file cache for directory 'E:/Unreal Projects/Robot_Ai_Game_Repo/Ai_Robo_Game/Content/Collections/' took 0.01s
[2018.08.20-20.34.39:067][  0]LogCollectionManager: Rebuilt the GUID cache for 0 collections in 0.000000 seconds
[2018.08.20-20.34.39:078][  0]LogContentBrowser: Native class hierarchy populated in 0.0109 seconds. Added 2452 classes and 558 folders.
[2018.08.20-20.34.39:085][  0]LogContentBrowser: Native class hierarchy updated for 'WidgetCarousel' in 0.0003 seconds. Added 0 classes and 0 folders.
[2018.08.20-20.34.39:124][  0]LogContentBrowser: Native class hierarchy updated for 'AddContentDialog' in 0.0003 seconds. Added 0 classes and 0 folders.
[2018.08.20-20.34.39:129][  0]LogContentBrowser: Native class hierarchy updated for 'SceneOutliner' in 0.0003 seconds. Added 1 classes and 2 folders.
[2018.08.20-20.34.39:215][  0]LogSlate: Took 0.000233 seconds to synchronously load lazily loaded font '../../../Engine/Content/Slate/Fonts/Roboto-Regular.ttf' (155K)
[2018.08.20-20.34.39:218][  0]LogSlate: Took 0.000135 seconds to synchronously load lazily loaded font '../../../Engine/Content/Slate/Fonts/Roboto-Bold.ttf' (160K)
[2018.08.20-20.34.39:224][  0]LogSlate: Took 0.000190 seconds to synchronously load lazily loaded font '../../../Engine/Content/Editor/Slate/Fonts/FontAwesome.ttf' (139K)
[2018.08.20-20.34.39:334][  0]LogRenderer: Reallocating scene render targets to support 1080x700 Format 10 NumSamples 1 (Frame:1).
[2018.08.20-20.34.39:488][  0]LogContentBrowser: Native class hierarchy updated for 'HierarchicalLODOutliner' in 0.0002 seconds. Added 0 classes and 0 folders.
[2018.08.20-20.34.39:488][  0]LogLoad: (Engine Initialization) Total time: 10.16 seconds
[2018.08.20-20.34.39:488][  0]LogLoad: (Engine Initialization) Total Blueprint compile time: 0.00 seconds
[2018.08.20-20.34.39:848][  0]LogContentStreaming: Texture pool size now 1000 MB
[2018.08.20-20.34.40:167][  1]LogAssetRegistry: Asset discovery search completed in 6.5283 seconds
[2018.08.20-20.34.40:170][  1]LogCollectionManager: Rebuilt the object cache for 0 collections in 0.000000 seconds (found 0 objects)
[2018.08.20-20.34.40:170][  1]LogCollectionManager: Fixed up redirectors for 0 collections in 0.000083 seconds (updated 0 objects)
[2018.08.20-20.34.40:830][  3]LogSlate: Took 0.000204 seconds to synchronously load lazily loaded font '../../../Engine/Content/Slate/Fonts/Roboto-Light.ttf' (167K)
[2018.08.20-20.34.44:166][ 13]LogSlate: Took 0.000205 seconds to synchronously load lazily loaded font '../../../Engine/Content/Slate/Fonts/Roboto-Light.ttf' (167K)
[2018.08.20-20.35.59:783][333]LogSlate: FSceneViewport::OnFocusLost() reason 0
[2018.08.20-20.36.01:227][406]LogSlate: FSceneViewport::OnFocusLost() reason 0
[2018.08.20-20.36.11:292][873]LogContentBrowser: Native class hierarchy updated for 'BlueprintGraph' in 0.0007 seconds. Added 116 classes and 0 folders.
[2018.08.20-20.36.11:621][873]LogUObjectGlobals: Created PersistentFrame Addr=0x00000000790c9978, Size=4, Default__SKEL_PROTO_BP_AnimBlueprint_0_C Function /Engine/Transient.SKEL_PROTO_BP_AnimBlueprint_0_C:ExecuteUbergraph_PROTO_BP_AnimBlueprint_0
[2018.08.20-20.36.11:622][873]LogUObjectGlobals: Created PersistentFrame Addr=0x00000000790c9970, Size=4, Default__PROTO_BP_AnimBlueprint_0_C Function /Engine/Transient.PROTO_BP_AnimBlueprint_0_C:ExecuteUbergraph_PROTO_BP_AnimBlueprint_0
[2018.08.20-20.36.12:036][873]LogSlate: Took 0.000159 seconds to synchronously load lazily loaded font '../../../Engine/Content/Slate/Fonts/Roboto-BoldCondensed.ttf' (158K)
[2018.08.20-20.36.12:236][874]LogSlate: Took 0.000171 seconds to synchronously load lazily loaded font '../../../Engine/Content/Slate/Fonts/Roboto-Italic.ttf' (157K)
[2018.08.20-20.36.16:365][ 32]LogSlate: Window 'Main_Level - Level Blueprint Editor' being destroyed
[2018.08.20-20.36.16:368][ 32]LogSlate: Window 'Main_Level - Level Blueprint Editor' being destroyed
[2018.08.20-20.36.21:987][305]Cmd: MAP LOAD FILE="E:/Unreal Projects/Robot_Ai_Game_Repo/Ai_Robo_Game/Content/Maps/Main_Level.umap" TEMPLATE=0 SHOWPROGRESS=1 FEATURELEVEL=3
[2018.08.20-20.36.21:987][305]LightingResults: New page: Lighting Build
[2018.08.20-20.36.21:988][305]LoadErrors: New page: Loading map: Main_Level.umap
[2018.08.20-20.36.21:989][305]MapCheck: New page: Map Check
[2018.08.20-20.36.21:989][305]LightingResults: New page: Lighting Build
[2018.08.20-20.36.22:009][305]LogUObjectGlobals: Destroyed PersistentFrame Addr=0x0000000028ca0800, Size=1224
[2018.08.20-20.36.22:021][305]LogUObjectGlobals: Created PersistentFrame Addr=0x0000000033488800, Size=1224, Default__Main_Level_C Function /Game/Maps/Main_Level.Main_Level_C:ExecuteUbergraph_Main_Level
[2018.08.20-20.36.22:031][305]LogUObjectGlobals: Destroyed PersistentFrame Addr=0x0000000033488800, Size=1224
[2018.08.20-20.36.22:031][305]LogUObjectGlobals: Created PersistentFrame Addr=0x0000000028ca1600, Size=1224, Default__Main_Level_C Function /Engine/Transient.REINST_Main_Level_C_28:ExecuteUbergraph_Main_Level
[2018.08.20-20.36.22:039][305]LogUObjectGlobals: Created PersistentFrame Addr=0x000000003163cf00, Size=1224, Default__Main_Level_C Function /Game/Maps/Main_Level.Main_Level_C:ExecuteUbergraph_Main_Level
[2018.08.20-20.36.22:075][305]LogAIModule: Creating AISystem for world Main_Level
[2018.08.20-20.36.22:155][305]LogEditorServer: Finished looking for orphan Actors (0.000 secs)
[2018.08.20-20.36.22:180][305]LogUObjectGlobals: Destroyed PersistentFrame Addr=0x0000000028ca1600, Size=1224
[2018.08.20-20.36.22:204][305]Cmd: MAP CHECKDEP NOCLEARLOG
[2018.08.20-20.36.22:245][305]MapCheck: Map check complete: 0 Error(s), 0 Warning(s), took 40.092ms to complete.
[2018.08.20-20.36.22:245][305]LogFileHelpers: Loading map 'Main_Level' took 0.259
[2018.08.20-20.36.25:552][474]LogSlate: FSceneViewport::OnFocusLost() reason 0
[2018.08.20-20.36.27:641][579]Cmd: BRUSH ADD SELECTNEWBRUSH
[2018.08.20-20.36.32:171][806]LogSlate: FSceneViewport::OnFocusLost() reason 0
[2018.08.20-20.36.47:456][610]LogSlate: FSceneViewport::OnFocusLost() reason 0
[2018.08.20-20.37.15:743][103]Cmd: SELECT NONE
[2018.08.20-20.37.27:229][705]LogSlate: FSceneViewport::OnFocusLost() reason 0
[2018.08.20-20.37.36:779][211]LogSlate: FSceneViewport::OnFocusLost() reason 0
[2018.08.20-20.37.47:408][762]Cmd: SELECT NONE
[2018.08.20-20.37.58:515][302]LogSlate: FSceneViewport::OnFocusLost() reason 0
[2018.08.20-20.38.02:463][516]LogEditorViewport: Clicking on Actor (LMB): Brush (Box Brush5)
[2018.08.20-20.38.06:244][705]LogSlate: FSceneViewport::OnFocusLost() reason 0
[2018.08.20-20.38.19:251][412]Cmd: SELECT NONE
[2018.08.20-20.38.29:785][950]LogSlate: FSceneViewport::OnFocusLost() reason 0
[2018.08.20-20.38.36:131][290]LogEditorViewport: Clicking on Actor (LMB): StaticMeshActor (Floor)
[2018.08.20-20.38.46:602][826]Cmd: SELECT NONE
[2018.08.20-20.38.59:091][489]Cmd: SELECT NONE
[2018.08.20-20.39.04:936][800]LogSlate: FSceneViewport::OnFocusLost() reason 0
[2018.08.20-20.39.06:244][804]LogSlate: Window 'Save Content' being destroyed
[2018.08.20-20.39.06:304][804]Cmd: OBJ SAVEPACKAGE PACKAGE="/Game/Maps/Main_Level" FILE="E:/Unreal Projects/Robot_Ai_Game_Repo/Ai_Robo_Game/Content/Maps/Main_Level.umap" SILENT=true AUTOSAVING=false KEEPDIRTY=false
[2018.08.20-20.39.06:376][804]LogUObjectGlobals: Destroyed PersistentFrame Addr=0x000000003163cf00, Size=1224
[2018.08.20-20.39.06:376][804]LogUObjectGlobals: Created PersistentFrame Addr=0x000000007b98b200, Size=1224, Default__Main_Level_C Function /Engine/Transient.REINST_Main_Level_C_32:ExecuteUbergraph_Main_Level
[2018.08.20-20.39.06:385][804]LogUObjectGlobals: Created PersistentFrame Addr=0x000000007bb3eb00, Size=1224, Default__Main_Level_C Function /Game/Maps/Main_Level.Main_Level_C:ExecuteUbergraph_Main_Level
[2018.08.20-20.39.06:624][804]LogSavePackage: Save=294.14ms
[2018.08.20-20.39.06:624][804]LogSavePackage: Moving 'E:/Unreal Projects/Robot_Ai_Game_Repo/Ai_Robo_Game/Saved/Main_Level061257FF4D0B12FF50EE27893F9E8EF3.tmp' to 'E:/Unreal Projects/Robot_Ai_Game_Repo/Ai_Robo_Game/Content/Maps/Main_Level.umap'
[2018.08.20-20.39.06:627][804]LogSavePackage: Display: Finished SavePackage E:/Unreal Projects/Robot_Ai_Game_Repo/Ai_Robo_Game/Content/Maps/Main_Level.umap
[2018.08.20-20.39.06:649][804]LogFileHelpers: Saving map 'Main_Level' took 0.386
[2018.08.20-20.39.35:084][255]Cmd: OBJ SAVEPACKAGE PACKAGE="/Game/Maps/Main_Level" FILE="E:/Unreal Projects/Robot_Ai_Game_Repo/Ai_Robo_Game/Content/Maps/Main_Level.umap" SILENT=true AUTOSAVING=false KEEPDIRTY=false
[2018.08.20-20.39.35:107][255]LogUObjectGlobals: Destroyed PersistentFrame Addr=0x000000007b98b200, Size=1224
[2018.08.20-20.39.35:155][255]LogUObjectGlobals: Destroyed PersistentFrame Addr=0x000000007bb3eb00, Size=1224
[2018.08.20-20.39.35:156][255]LogUObjectGlobals: Created PersistentFrame Addr=0x000000007d393900, Size=1224, Default__Main_Level_C Function /Engine/Transient.REINST_Main_Level_C_36:ExecuteUbergraph_Main_Level
[2018.08.20-20.39.35:164][255]LogUObjectGlobals: Created PersistentFrame Addr=0x000000003348ab00, Size=1224, Default__Main_Level_C Function /Game/Maps/Main_Level.Main_Level_C:ExecuteUbergraph_Main_Level
[2018.08.20-20.39.35:366][255]LogSavePackage: Save=256.73ms
[2018.08.20-20.39.35:366][255]LogSavePackage: Moving 'E:/Unreal Projects/Robot_Ai_Game_Repo/Ai_Robo_Game/Saved/Main_Level98865BDB40A3B4C59AE22FBDC6584A12.tmp' to 'E:/Unreal Projects/Robot_Ai_Game_Repo/Ai_Robo_Game/Content/Maps/Main_Level.umap'
[2018.08.20-20.39.35:372][255]LogSavePackage: Display: Finished SavePackage E:/Unreal Projects/Robot_Ai_Game_Repo/Ai_Robo_Game/Content/Maps/Main_Level.umap
[2018.08.20-20.39.35:400][255]Cmd: OBJ SAVEPACKAGE PACKAGE="/Game/Maps/Main_Level_BuiltData" FILE="E:/Unreal Projects/Robot_Ai_Game_Repo/Ai_Robo_Game/Content/Maps/Main_Level_BuiltData.uasset" SILENT=true
[2018.08.20-20.39.35:433][255]LogSavePackage: Save=14.25ms
[2018.08.20-20.39.35:433][255]LogSavePackage: Moving 'E:/Unreal Projects/Robot_Ai_Game_Repo/Ai_Robo_Game/Saved/Main_Level_BuiltData0DAE95B6442F3550AFD8FF8489F45F9B.tmp' to 'E:/Unreal Projects/Robot_Ai_Game_Repo/Ai_Robo_Game/Content/Maps/Main_Level_BuiltData.uasset'
[2018.08.20-20.39.35:437][255]LogSavePackage: Display: Finished SavePackage E:/Unreal Projects/Robot_Ai_Game_Repo/Ai_Robo_Game/Content/Maps/Main_Level_BuiltData.uasset
