Log file open, 08/23/18 16:22:41
LogWindows: Failed to load 'aqProf.dll' (GetLastError=126)
LogWindows: File 'aqProf.dll' does not exist
LogWindows: Failed to load 'VtuneApi.dll' (GetLastError=126)
LogWindows: File 'VtuneApi.dll' does not exist
LogWindows: Failed to load 'VtuneApi32e.dll' (GetLastError=126)
LogWindows: File 'VtuneApi32e.dll' does not exist
LogInit: Display: Running engine for game: Ai_Robo_Game
LogPlatformFile: Not using cached read wrapper
LogInit: Display: RandInit(-56286553) SRandInit(-56286553).
LogInit: Read version file with build ID '3944462'
LogInit: Overriding engine version to CL 4033788, compatible CL 3944462
LogInit: Registered custom module enumerator with build ID '3944462'
LogTaskGraph: Started task graph with 5 named threads and 23 total threads with 3 sets of task threads.
LogStats: Stats thread started at 0.257973
LogD3D11RHI: Aftermath initialized
LogICUInternationalization: Display: ICU TimeZone Detection - Raw Offset: +10:00, Platform Override: ''
LogModuleManager: Display: Found up-to-date module file ../../../Engine/Plugins/2D/Paper2D/Binaries/Win64/UE4Editor-Paper2D.dll (API version 3944462).
LogModuleManager: Display: Found up-to-date module file ../../../Engine/Plugins/2D/Paper2D/Binaries/Win64/UE4Editor-Paper2DEditor.dll (API version 3944462).
LogModuleManager: Display: Found up-to-date module file ../../../Engine/Plugins/2D/Paper2D/Binaries/Win64/UE4Editor-PaperSpriteSheetImporter.dll (API version 3944462).
LogModuleManager: Display: Found up-to-date module file ../../../Engine/Plugins/2D/Paper2D/Binaries/Win64/UE4Editor-PaperTiledImporter.dll (API version 3944462).
LogModuleManager: Display: Found up-to-date module file ../../../Engine/Plugins/2D/Paper2D/Binaries/Win64/UE4Editor-SmartSnapping.dll (API version 3944462).
LogModuleManager: Display: Found up-to-date module file ../../../Engine/Plugins/Blendables/LightPropagationVolume/Binaries/Win64/UE4Editor-LightPropagationVolumeRuntime.dll (API version 3944462).
LogModuleManager: Display: Found up-to-date module file ../../../Engine/Plugins/Blendables/LightPropagationVolume/Binaries/Win64/UE4Editor-LightPropagationVolumeEditor.dll (API version 3944462).
LogModuleManager: Display: Found up-to-date module file ../../../Engine/Plugins/Developer/CLionSourceCodeAccess/Binaries/Win64/UE4Editor-CLionSourceCodeAccess.dll (API version 3944462).
LogModuleManager: Display: Found up-to-date module file ../../../Engine/Plugins/Developer/GitSourceControl/Binaries/Win64/UE4Editor-GitSourceControl.dll (API version 3944462).
LogModuleManager: Display: Found up-to-date module file ../../../Engine/Plugins/Developer/PerforceSourceControl/Binaries/Win64/UE4Editor-PerforceSourceControl.dll (API version 3944462).
LogModuleManager: Display: Found up-to-date module file ../../../Engine/Plugins/Developer/SubversionSourceControl/Binaries/Win64/UE4Editor-SubversionSourceControl.dll (API version 3944462).
LogModuleManager: Display: Found up-to-date module file ../../../Engine/Plugins/Developer/UObjectPlugin/Binaries/Win64/UE4Editor-UObjectPlugin.dll (API version 3944462).
LogModuleManager: Display: Found up-to-date module file ../../../Engine/Plugins/Developer/VisualStudioCodeSourceCodeAccess/Binaries/Win64/UE4Editor-VisualStudioCodeSourceCodeAccess.dll (API version 3944462).
LogModuleManager: Display: Found up-to-date module file ../../../Engine/Plugins/Developer/VisualStudioSourceCodeAccess/Binaries/Win64/UE4Editor-VisualStudioSourceCodeAccess.dll (API version 3944462).
LogModuleManager: Display: Found up-to-date module file ../../../Engine/Plugins/Editor/AssetManagerEditor/Binaries/Win64/UE4Editor-AssetManagerEditor.dll (API version 3944462).
LogModuleManager: Display: Found up-to-date module file ../../../Engine/Plugins/Editor/CryptoKeys/Binaries/Win64/UE4Editor-CryptoKeys.dll (API version 3944462).
LogModuleManager: Display: Found up-to-date module file ../../../Engine/Plugins/Editor/CryptoKeys/Binaries/Win64/UE4Editor-CryptoKeysOpenSSL.dll (API version 3944462).
LogModuleManager: Display: Found up-to-date module file ../../../Engine/Plugins/Editor/DataValidation/Binaries/Win64/UE4Editor-DataValidation.dll (API version 3944462).
LogModuleManager: Display: Found up-to-date module file ../../../Engine/Plugins/Editor/FacialAnimation/Binaries/Win64/UE4Editor-FacialAnimation.dll (API version 3944462).
LogModuleManager: Display: Found up-to-date module file ../../../Engine/Plugins/Editor/FacialAnimation/Binaries/Win64/UE4Editor-FacialAnimationEditor.dll (API version 3944462).
LogModuleManager: Display: Found up-to-date module file ../../../Engine/Plugins/Editor/GameplayTagsEditor/Binaries/Win64/UE4Editor-GameplayTagsEditor.dll (API version 3944462).
LogModuleManager: Display: Found up-to-date module file ../../../Engine/Plugins/Editor/MobileLauncherProfileWizard/Binaries/Win64/UE4Editor-MobileLauncherProfileWizard.dll (API version 3944462).
LogModuleManager: Display: Found up-to-date module file ../../../Engine/Plugins/Editor/PluginBrowser/Binaries/Win64/UE4Editor-PluginBrowser.dll (API version 3944462).
LogModuleManager: Display: Found up-to-date module file ../../../Engine/Plugins/Editor/SpeedTreeImporter/Binaries/Win64/UE4Editor-SpeedTreeImporter.dll (API version 3944462).
LogModuleManager: Display: Found up-to-date module file ../../../Engine/Plugins/Enterprise/DatasmithContent/Binaries/Win64/UE4Editor-DatasmithContent.dll (API version 3944462).
LogModuleManager: Display: Found up-to-date module file ../../../Engine/Plugins/Experimental/AlembicImporter/Binaries/Win64/UE4Editor-AlembicImporter.dll (API version 3944462).
LogModuleManager: Display: Found up-to-date module file ../../../Engine/Plugins/Experimental/AlembicImporter/Binaries/Win64/UE4Editor-AlembicLibrary.dll (API version 3944462).
LogModuleManager: Display: Found up-to-date module file ../../../Engine/Plugins/Experimental/CharacterAI/Binaries/Win64/UE4Editor-CharacterAI.dll (API version 3944462).
LogModuleManager: Display: Found up-to-date module file ../../../Engine/Plugins/Experimental/HTML5Networking/Binaries/Win64/UE4Editor-HTML5Networking.dll (API version 3944462).
LogModuleManager: Display: Found up-to-date module file ../../../Engine/Plugins/Media/AndroidMedia/Binaries/Win64/UE4Editor-AndroidMediaEditor.dll (API version 3944462).
LogModuleManager: Display: Found up-to-date module file ../../../Engine/Plugins/Media/AndroidMedia/Binaries/Win64/UE4Editor-AndroidMediaFactory.dll (API version 3944462).
LogModuleManager: Display: Found up-to-date module file ../../../Engine/Plugins/Media/AvfMedia/Binaries/Win64/UE4Editor-AvfMediaEditor.dll (API version 3944462).
LogModuleManager: Display: Found up-to-date module file ../../../Engine/Plugins/Media/AvfMedia/Binaries/Win64/UE4Editor-AvfMediaFactory.dll (API version 3944462).
LogModuleManager: Display: Found up-to-date module file ../../../Engine/Plugins/Media/AvfMedia/Binaries/Win64/UE4Editor-AvfMediaFactory.dll (API version 3944462).
LogModuleManager: Display: Found up-to-date module file ../../../Engine/Plugins/Media/ImgMedia/Binaries/Win64/UE4Editor-ImgMedia.dll (API version 3944462).
LogModuleManager: Display: Found up-to-date module file ../../../Engine/Plugins/Media/ImgMedia/Binaries/Win64/UE4Editor-ImgMediaEditor.dll (API version 3944462).
LogModuleManager: Display: Found up-to-date module file ../../../Engine/Plugins/Media/ImgMedia/Binaries/Win64/UE4Editor-ImgMediaFactory.dll (API version 3944462).
LogModuleManager: Display: Found up-to-date module file ../../../Engine/Plugins/Media/ImgMedia/Binaries/Win64/UE4Editor-ImgMediaFactory.dll (API version 3944462).
LogModuleManager: Display: Found up-to-date module file ../../../Engine/Plugins/Media/ImgMedia/Binaries/Win64/UE4Editor-OpenExrWrapper.dll (API version 3944462).
LogModuleManager: Display: Found up-to-date module file ../../../Engine/Plugins/Media/LinearTimecode/Binaries/Win64/UE4Editor-LinearTimecode.dll (API version 3944462).
LogModuleManager: Display: Found up-to-date module file ../../../Engine/Plugins/Media/MediaCompositing/Binaries/Win64/UE4Editor-MediaCompositing.dll (API version 3944462).
LogModuleManager: Display: Found up-to-date module file ../../../Engine/Plugins/Media/MediaCompositing/Binaries/Win64/UE4Editor-MediaCompositingEditor.dll (API version 3944462).
LogModuleManager: Display: Found up-to-date module file ../../../Engine/Plugins/Media/MediaPlayerEditor/Binaries/Win64/UE4Editor-MediaPlayerEditor.dll (API version 3944462).
LogModuleManager: Display: Found up-to-date module file ../../../Engine/Plugins/Media/WmfMedia/Binaries/Win64/UE4Editor-WmfMedia.dll (API version 3944462).
LogModuleManager: Display: Found up-to-date module file ../../../Engine/Plugins/Media/WmfMedia/Binaries/Win64/UE4Editor-WmfMediaEditor.dll (API version 3944462).
LogModuleManager: Display: Found up-to-date module file ../../../Engine/Plugins/Media/WmfMedia/Binaries/Win64/UE4Editor-WmfMediaFactory.dll (API version 3944462).
LogModuleManager: Display: Found up-to-date module file ../../../Engine/Plugins/Media/WmfMedia/Binaries/Win64/UE4Editor-WmfMediaFactory.dll (API version 3944462).
LogModuleManager: Display: Found up-to-date module file ../../../Engine/Plugins/Messaging/TcpMessaging/Binaries/Win64/UE4Editor-TcpMessaging.dll (API version 3944462).
LogModuleManager: Display: Found up-to-date module file ../../../Engine/Plugins/Messaging/UdpMessaging/Binaries/Win64/UE4Editor-UdpMessaging.dll (API version 3944462).
LogModuleManager: Display: Found up-to-date module file ../../../Engine/Plugins/MovieScene/ActorSequence/Binaries/Win64/UE4Editor-ActorSequence.dll (API version 3944462).
LogModuleManager: Display: Found up-to-date module file ../../../Engine/Plugins/MovieScene/LevelSequenceEditor/Binaries/Win64/UE4Editor-LevelSequenceEditor.dll (API version 3944462).
LogModuleManager: Display: Found up-to-date module file ../../../Engine/Plugins/MovieScene/MatineeToLevelSequence/Binaries/Win64/UE4Editor-MatineeToLevelSequence.dll (API version 3944462).
LogModuleManager: Display: Found up-to-date module file ../../../Engine/Plugins/NetcodeUnitTest/NetcodeUnitTest/Binaries/Win64/UE4Editor-NetcodeUnitTest.dll (API version 3944462).
LogModuleManager: Display: Found up-to-date module file ../../../Engine/Plugins/NetcodeUnitTest/NUTUnrealEngine4/Binaries/Win64/UE4Editor-NUTUnrealEngine4.dll (API version 3944462).
LogModuleManager: Display: Found up-to-date module file ../../../Engine/Plugins/Online/OnlineSubsystem/Binaries/Win64/UE4Editor-OnlineSubsystem.dll (API version 3944462).
LogModuleManager: Display: Found up-to-date module file ../../../Engine/Plugins/Runtime/AndroidPermission/Binaries/Win64/UE4Editor-AndroidPermission.dll (API version 3944462).
LogModuleManager: Display: Found up-to-date module file ../../../Engine/Plugins/Online/OnlineSubsystemNull/Binaries/Win64/UE4Editor-OnlineSubsystemNull.dll (API version 3944462).
LogModuleManager: Display: Found up-to-date module file ../../../Engine/Plugins/Online/OnlineSubsystemUtils/Binaries/Win64/UE4Editor-OnlineSubsystemUtils.dll (API version 3944462).
LogModuleManager: Display: Found up-to-date module file ../../../Engine/Plugins/Online/OnlineSubsystemUtils/Binaries/Win64/UE4Editor-OnlineBlueprintSupport.dll (API version 3944462).
LogModuleManager: Display: Found up-to-date module file ../../../Engine/Plugins/Runtime/AndroidDeviceProfileSelector/Binaries/Win64/UE4Editor-AndroidDeviceProfileSelector.dll (API version 3944462).
LogModuleManager: Display: Found up-to-date module file ../../../Engine/Plugins/Runtime/AppleARKit/Binaries/Win64/UE4Editor-AppleARKit.dll (API version 3944462).
LogModuleManager: Display: Found up-to-date module file ../../../Engine/Plugins/Runtime/ProceduralMeshComponent/Binaries/Win64/UE4Editor-ProceduralMeshComponent.dll (API version 3944462).
LogModuleManager: Display: Found up-to-date module file ../../../Engine/Plugins/Runtime/ProceduralMeshComponent/Binaries/Win64/UE4Editor-ProceduralMeshComponentEditor.dll (API version 3944462).
LogModuleManager: Display: Found up-to-date module file ../../../Engine/Plugins/Animation/LiveLink/Binaries/Win64/UE4Editor-LiveLink.dll (API version 3944462).
LogModuleManager: Display: Found up-to-date module file ../../../Engine/Plugins/Animation/LiveLink/Binaries/Win64/UE4Editor-LiveLinkEditor.dll (API version 3944462).
LogModuleManager: Display: Found up-to-date module file ../../../Engine/Plugins/Runtime/ArchVisCharacter/Binaries/Win64/UE4Editor-ArchVisCharacter.dll (API version 3944462).
LogModuleManager: Display: Found up-to-date module file ../../../Engine/Plugins/Runtime/AudioCapture/Binaries/Win64/UE4Editor-AudioCapture.dll (API version 3944462).
LogModuleManager: Display: Found up-to-date module file ../../../Engine/Plugins/Runtime/AudioCapture/Binaries/Win64/UE4Editor-AudioCaptureEditor.dll (API version 3944462).
LogModuleManager: Display: Found up-to-date module file ../../../Engine/Plugins/Runtime/CableComponent/Binaries/Win64/UE4Editor-CableComponent.dll (API version 3944462).
LogModuleManager: Display: Found up-to-date module file ../../../Engine/Plugins/Runtime/CustomMeshComponent/Binaries/Win64/UE4Editor-CustomMeshComponent.dll (API version 3944462).
LogModuleManager: Display: Found up-to-date module file ../../../Engine/Plugins/Runtime/ExampleDeviceProfileSelector/Binaries/Win64/UE4Editor-ExampleDeviceProfileSelector.dll (API version 3944462).
LogModuleManager: Display: Found up-to-date module file ../../../Engine/Plugins/Runtime/ImmediatePhysics/Binaries/Win64/UE4Editor-ImmediatePhysics.dll (API version 3944462).
LogModuleManager: Display: Found up-to-date module file ../../../Engine/Plugins/Runtime/ImmediatePhysics/Binaries/Win64/UE4Editor-ImmediatePhysicsEditor.dll (API version 3944462).
LogModuleManager: Display: Found up-to-date module file ../../../Engine/Plugins/Runtime/LocationServicesBPLibrary/Binaries/Win64/UE4Editor-LocationServicesBPLibrary.dll (API version 3944462).
LogModuleManager: Display: Found up-to-date module file ../../../Engine/Plugins/Runtime/MobilePatchingUtils/Binaries/Win64/UE4Editor-MobilePatchingUtils.dll (API version 3944462).
LogModuleManager: Display: Found up-to-date module file ../../../Engine/Plugins/Runtime/Oculus/OculusVR/Binaries/Win64/UE4Editor-OculusHMD.dll (API version 3944462).
LogModuleManager: Display: Found up-to-date module file ../../../Engine/Plugins/Runtime/Oculus/OculusVR/Binaries/Win64/UE4Editor-OculusInput.dll (API version 3944462).
LogModuleManager: Display: Found up-to-date module file ../../../Engine/Plugins/Runtime/Oculus/OculusVR/Binaries/Win64/UE4Editor-OculusEditor.dll (API version 3944462).
LogModuleManager: Display: Found up-to-date module file ../../../Engine/Plugins/Runtime/PhysXVehicles/Binaries/Win64/UE4Editor-PhysXVehicles.dll (API version 3944462).
LogModuleManager: Display: Found up-to-date module file ../../../Engine/Plugins/Runtime/PhysXVehicles/Binaries/Win64/UE4Editor-PhysXVehiclesEditor.dll (API version 3944462).
LogModuleManager: Display: Found up-to-date module file ../../../Engine/Plugins/Runtime/RuntimePhysXCooking/Binaries/Win64/UE4Editor-RuntimePhysXCooking.dll (API version 3944462).
LogModuleManager: Display: Found up-to-date module file ../../../Engine/Plugins/Runtime/Steam/SteamVR/Binaries/Win64/UE4Editor-SteamVR.dll (API version 3944462).
LogModuleManager: Display: Found up-to-date module file ../../../Engine/Plugins/Runtime/Steam/SteamVR/Binaries/Win64/UE4Editor-SteamVRController.dll (API version 3944462).
LogModuleManager: Display: Found up-to-date module file ../../../Engine/Plugins/Runtime/WindowsMoviePlayer/Binaries/Win64/UE4Editor-WindowsMoviePlayer.dll (API version 3944462).
LogPluginManager: Mounting plugin Paper2D
LogPluginManager: Mounting plugin LiveLink
LogPluginManager: Mounting plugin LightPropagationVolume
LogPluginManager: Mounting plugin CLionSourceCodeAccess
LogPluginManager: Mounting plugin CodeLiteSourceCodeAccess
LogPluginManager: Mounting plugin GitSourceControl
LogPluginManager: Mounting plugin KDevelopSourceCodeAccess
LogPluginManager: Mounting plugin NullSourceCodeAccess
LogPluginManager: Mounting plugin PerforceSourceControl
LogPluginManager: Mounting plugin SubversionSourceControl
LogPluginManager: Mounting plugin UObjectPlugin
LogPluginManager: Mounting plugin VisualStudioCodeSourceCodeAccess
LogPluginManager: Mounting plugin VisualStudioSourceCodeAccess
LogPluginManager: Mounting plugin XCodeSourceCodeAccess
LogPluginManager: Mounting plugin AssetManagerEditor
LogPluginManager: Mounting plugin CryptoKeys
LogPluginManager: Mounting plugin DataValidation
LogPluginManager: Mounting plugin FacialAnimation
LogPluginManager: Mounting plugin GameplayTagsEditor
LogPluginManager: Mounting plugin MobileLauncherProfileWizard
LogPluginManager: Mounting plugin PluginBrowser
LogPluginManager: Mounting plugin SpeedTreeImporter
LogPluginManager: Mounting plugin DatasmithContent
LogPluginManager: Mounting plugin AlembicImporter
LogPluginManager: Mounting plugin CharacterAI
LogPluginManager: Mounting plugin HTML5Networking
LogPluginManager: Mounting plugin AndroidMedia
LogPluginManager: Mounting plugin AvfMedia
LogPluginManager: Mounting plugin ImgMedia
LogPluginManager: Mounting plugin LinearTimecode
LogPluginManager: Mounting plugin MediaCompositing
LogPluginManager: Mounting plugin MediaPlayerEditor
LogPluginManager: Mounting plugin WmfMedia
LogPluginManager: Mounting plugin TcpMessaging
LogPluginManager: Mounting plugin UdpMessaging
LogPluginManager: Mounting plugin ActorSequence
LogPluginManager: Mounting plugin LevelSequenceEditor
LogPluginManager: Mounting plugin MatineeToLevelSequence
LogPluginManager: Mounting plugin NetcodeUnitTest
LogPluginManager: Mounting plugin NUTUnrealEngine4
LogPluginManager: Mounting plugin OnlineSubsystemGooglePlay
LogPluginManager: Mounting plugin OnlineSubsystemIOS
LogPluginManager: Mounting plugin OnlineSubsystem
LogPluginManager: Mounting plugin OnlineSubsystemNull
LogPluginManager: Mounting plugin OnlineSubsystemUtils
LogPluginManager: Mounting plugin AndroidDeviceProfileSelector
LogPluginManager: Mounting plugin AndroidMoviePlayer
LogPluginManager: Mounting plugin AndroidPermission
LogPluginManager: Mounting plugin AppleARKit
LogPluginManager: Mounting plugin AppleMoviePlayer
LogPluginManager: Mounting plugin ArchVisCharacter
LogPluginManager: Mounting plugin AudioCapture
LogPluginManager: Mounting plugin CableComponent
LogPluginManager: Mounting plugin CustomMeshComponent
LogPluginManager: Mounting plugin ExampleDeviceProfileSelector
LogPluginManager: Mounting plugin GoogleCloudMessaging
LogPluginManager: Mounting plugin ImmediatePhysics
LogPluginManager: Mounting plugin IOSDeviceProfileSelector
LogPluginManager: Mounting plugin LinuxDeviceProfileSelector
LogPluginManager: Mounting plugin LocationServicesBPLibrary
LogPluginManager: Mounting plugin MobilePatchingUtils
LogPluginManager: Mounting plugin OculusVR
LogPluginManager: Plugin shader directory ../../../Engine/Plugins/Runtime/Oculus/OculusVR/Shaders found
LogPluginManager: Mapping shader source directory ../../../Engine/Plugins/Runtime/Oculus/OculusVR/Shaders to virtual directory /Plugin/OculusVR
LogPluginManager: Mounting plugin PhysXVehicles
LogPluginManager: Mounting plugin ProceduralMeshComponent
LogPluginManager: Mounting plugin RuntimePhysXCooking
LogPluginManager: Mounting plugin SteamVR
LogPluginManager: Mounting plugin WindowsMoviePlayer
LogStreaming: Display: Took  0.921s to configure plugins.
LogInit: Using libcurl 7.47.1
LogInit:  - built for x86_64-pc-win32
LogInit:  - supports SSL with OpenSSL/1.0.2g
LogInit:  - supports HTTP deflate (compression) using libz 1.2.8
LogInit:  - other features:
LogInit:      CURL_VERSION_SSL
LogInit:      CURL_VERSION_LIBZ
LogInit:      CURL_VERSION_IPV6
LogInit:      CURL_VERSION_ASYNCHDNS
LogInit:      CURL_VERSION_LARGEFILE
LogInit:      CURL_VERSION_IDN
LogInit:  CurlRequestOptions (configurable via config and command line):
LogInit:  - bVerifyPeer = false  - Libcurl will NOT verify peer certificate
LogInit:  - bUseHttpProxy = false  - Libcurl will NOT use HTTP proxy
LogInit:  - bDontReuseConnections = false  - Libcurl will reuse connections
LogInit:  - CertBundlePath = nullptr  - Libcurl will use whatever was configured at build time.
LogInit:  - MaxHostConnections = 16  - Libcurl will limit the number of connections to a host
LogInit:  - LocalHostAddr = Default
LogInit: WinSock: version 1.1 (2.2), MaxSocks=32767, MaxUdp=65467
LogInit: WinSock: I am Bryce (192.168.1.9:0)
LogInit: Build: ++UE4+Release-4.19-CL-4033788
LogInit: Engine Version: 4.19.2-4033788+++UE4+Release-4.19
LogInit: Compatible Engine Version: 4.19.0-3944462+++UE4+Release-4.19
LogInit: Net CL: 3944462
LogDevObjectVersion: Number of dev versions registered: 18
LogDevObjectVersion:   Dev-Blueprints (B0D832E4-1F89-4F0D-ACCF-7EB736FD4AA2): 10
LogDevObjectVersion:   Dev-Build (E1C64328-A22C-4D53-A36C-8E866417BD8C): 0
LogDevObjectVersion:   Dev-Core (375EC13C-06E4-48FB-B500-84F0262A717E): 2
LogDevObjectVersion:   Dev-Editor (E4B068ED-F494-42E9-A231-DA0B2E46BB41): 23
LogDevObjectVersion:   Dev-Framework (CFFC743F-43B0-4480-9391-14DF171D2073): 33
LogDevObjectVersion:   Dev-Mobile (B02B49B5-BB20-44E9-A304-32B752E40360): 2
LogDevObjectVersion:   Dev-Networking (A4E4105C-59A1-49B5-A7C5-40C4547EDFEE): 0
LogDevObjectVersion:   Dev-Online (39C831C9-5AE6-47DC-9A44-9C173E1C8E7C): 0
LogDevObjectVersion:   Dev-Physics (78F01B33-EBEA-4F98-B9B4-84EACCB95AA2): 0
LogDevObjectVersion:   Dev-Platform (6631380F-2D4D-43E0-8009-CF276956A95A): 0
LogDevObjectVersion:   Dev-Rendering (12F88B9F-8875-4AFC-A67C-D90C383ABD29): 25
LogDevObjectVersion:   Dev-Sequencer (7B5AE74C-D270-4C10-A958-57980B212A5A): 6
LogDevObjectVersion:   Dev-VR (D7296918-1DD6-4BDD-9DE2-64A83CC13884): 1
LogDevObjectVersion:   Dev-LoadTimes (C2A15278-BFE7-4AFE-6C17-90FF531DF755): 1
LogDevObjectVersion:   Private-Geometry (6EACA3D4-40EC-4CC1-B786-8BED09428FC5): 2
LogDevObjectVersion:   Dev-AnimPhys (29E575DD-E0A3-4627-9D10-D276232CDCEA): 16
LogDevObjectVersion:   Dev-ReflectionCapture (6B266CEC-1EC7-4B8F-A30B-E4D90942FC07): 1
LogDevObjectVersion:   Dev-Automation (0DF73D61-A23F-47EA-B727-89E90C41499A): 1
LogInit: Compiled (64-bit): Apr 27 2018 02:06:57
LogInit: Compiled with Visual C++: 19.00.24215.01
LogInit: Build Configuration: Development
LogInit: Branch Name: ++UE4+Release-4.19
LogInit: Command Line:  
LogInit: Base Directory: D:/Epic Games/UE_4.19/Engine/Binaries/Win64/
LogInit: Installed Engine Build: 1
LogStreaming: Display: Took  0.002s to delete old logs.
LogInit: Presizing for max 8388607 objects, including 0 objects not considered by GC, pre-allocating 0 bytes for permanent pool.
LogInit: Object subsystem initialized
[2018.08.23-06.22.42:501][  0]LogInit: Selected Device Profile: [Windows]
[2018.08.23-06.22.42:501][  0]LogInit: Applying CVar settings loaded from the selected device profile: [Windows]
[2018.08.23-06.22.42:513][  0]LogInit: Computer: BRYCE
[2018.08.23-06.22.42:513][  0]LogInit: User: BryceLennox
[2018.08.23-06.22.42:513][  0]LogInit: CPU Page size=4096, Cores=4
[2018.08.23-06.22.42:513][  0]LogInit: High frequency timer resolution =3.914069 MHz
[2018.08.23-06.22.42:513][  0]LogMemory: Memory total: Physical=15.9GB (16GB approx)
[2018.08.23-06.22.42:513][  0]LogMemory: Platform Memory Stats for Windows
[2018.08.23-06.22.42:513][  0]LogMemory: Process Physical Memory: 276.63 MB used, 276.63 MB peak
[2018.08.23-06.22.42:513][  0]LogMemory: Process Virtual Memory: 276.73 MB used, 276.73 MB peak
[2018.08.23-06.22.42:513][  0]LogMemory: Physical Memory: 8360.84 MB used,  7962.84 MB free, 16323.68 MB total
[2018.08.23-06.22.42:513][  0]LogMemory: Virtual Memory: 4807.27 MB used,  7962.84 MB free, 134217728.00 MB total
[2018.08.23-06.22.42:546][  0]LogInit: Using OS detected language (en-US).
[2018.08.23-06.22.42:546][  0]LogInit: Using OS detected locale (en-AU).
[2018.08.23-06.22.42:549][  0]LogTextLocalizationManager: No specific localization for 'en-US' exists, so the 'en' localization will be used.
[2018.08.23-06.22.42:904][  0]LogStreaming: Display: Took  0.358s to EndInitTextLocalization.
[2018.08.23-06.22.42:904][  0]LogInit: Setting process to per monitor DPI aware
[2018.08.23-06.22.42:927][  0]LogSlate: New Slate User Created.  User Index 0, Is Virtual User: 0
[2018.08.23-06.22.42:927][  0]LogSlate: Slate User Registered.  User Index 0, Is Virtual User: 0
[2018.08.23-06.22.43:152][  0]LogD3D11RHI: D3D11 adapters:
[2018.08.23-06.22.43:198][  0]LogD3D11RHI:    0. 'NVIDIA GeForce GTX 1070' (Feature Level 11_0)
[2018.08.23-06.22.43:198][  0]LogD3D11RHI:       8088/0/8161 MB DedicatedVideo/DedicatedSystem/SharedSystem, Outputs:2, VendorId:0x10de
[2018.08.23-06.22.43:200][  0]LogD3D11RHI:    1. 'Microsoft Basic Render Driver' (Feature Level 11_0)
[2018.08.23-06.22.43:200][  0]LogD3D11RHI:       0/0/8161 MB DedicatedVideo/DedicatedSystem/SharedSystem, Outputs:0, VendorId:0x1414
[2018.08.23-06.22.43:200][  0]LogD3D11RHI: Chosen D3D11 Adapter: 0
[2018.08.23-06.22.43:207][  0]LogD3D11RHI: Creating new Direct3DDevice
[2018.08.23-06.22.43:207][  0]LogD3D11RHI:     GPU DeviceId: 0x1b81 (for the marketing name, search the web for "GPU Device Id")
[2018.08.23-06.22.43:207][  0]LogWindows: EnumDisplayDevices:
[2018.08.23-06.22.43:207][  0]LogWindows:    0. 'NVIDIA GeForce GTX 1070' (P:0 D:1)
[2018.08.23-06.22.43:207][  0]LogWindows:    1. 'NVIDIA GeForce GTX 1070' (P:1 D:1)
[2018.08.23-06.22.43:207][  0]LogWindows:    2. 'NVIDIA GeForce GTX 1070' (P:0 D:0)
[2018.08.23-06.22.43:207][  0]LogWindows:    3. 'NVIDIA GeForce GTX 1070' (P:0 D:0)
[2018.08.23-06.22.43:208][  0]LogWindows: DebugString: GetVideoDriverDetailsInvalid PrimaryIsNotTheChoosenAdapter GetVideoDriverDetailsInvalid PrimaryIsNotTheChoosenAdapter GetVideoDriverDetailsInvalid PrimaryIsNotTheChoosenAdapter GetVideoDriverDetailsInvalid PrimaryIsNotTheChoosenAdapter FoundDriverCount:0 
[2018.08.23-06.22.43:208][  0]LogD3D11RHI:     Adapter Name: NVIDIA GeForce GTX 1070
[2018.08.23-06.22.43:208][  0]LogD3D11RHI:   Driver Version: Unknown (internal:Unknown, unified:Unknown)
[2018.08.23-06.22.43:208][  0]LogD3D11RHI:      Driver Date: Unknown
[2018.08.23-06.22.43:208][  0]LogRHI: Texture pool is 5661 MB (70% of 8088 MB)
[2018.08.23-06.22.43:241][  0]LogD3D11RHI: [Aftermath] Aftermath enabled and primed
[2018.08.23-06.22.43:241][  0]LogD3D11RHI: [Aftermath] Aftermath enabled and primed
[2018.08.23-06.22.43:241][  0]LogD3D11RHI: Async texture creation enabled
[2018.08.23-06.22.43:272][  0]LogD3D11RHI: GPU Timing Frequency: 1000.000000 (Debug: 2 2)
[2018.08.23-06.22.43:370][  0]LogShaderCompilers: Guid format shader working directory is -21 characters bigger than the processId version (../../../../../1.Games/1.Project - Upload/Robot_Ai_Game_Repo/Ai_Robo_Game/Intermediate/Shaders/WorkingDirectory/12892/).
[2018.08.23-06.22.43:370][  0]LogShaderCompilers: Cleaned the shader compiler working directory 'C:/Users/Bryce Lennox/AppData/Local/Temp/UnrealShaderWorkingDir/360595164CCCEF02E00BCA99AF5EE022/'.
[2018.08.23-06.22.43:573][  0]LogTemp: Display: Loaded TP AllDesktopTargetPlatform
[2018.08.23-06.22.43:583][  0]LogTemp: Display: Loaded TP MacClientTargetPlatform
[2018.08.23-06.22.43:594][  0]LogTemp: Display: Loaded TP MacNoEditorTargetPlatform
[2018.08.23-06.22.43:605][  0]LogTemp: Display: Loaded TP MacServerTargetPlatform
[2018.08.23-06.22.43:615][  0]LogTemp: Display: Loaded TP MacTargetPlatform
[2018.08.23-06.22.43:626][  0]LogTemp: Display: Loaded TP WindowsClientTargetPlatform
[2018.08.23-06.22.43:636][  0]LogTemp: Display: Loaded TP WindowsNoEditorTargetPlatform
[2018.08.23-06.22.43:647][  0]LogTemp: Display: Loaded TP WindowsServerTargetPlatform
[2018.08.23-06.22.43:652][  0]LogTemp: Display: Loaded TP WindowsTargetPlatform
[2018.08.23-06.22.43:661][  0]LogTemp: Display: Loaded TP Android_ASTCTargetPlatform
[2018.08.23-06.22.43:671][  0]LogTemp: Display: Loaded TP Android_ATCTargetPlatform
[2018.08.23-06.22.43:681][  0]LogTemp: Display: Loaded TP Android_DXTTargetPlatform
[2018.08.23-06.22.43:690][  0]LogTemp: Display: Loaded TP Android_ETC1aTargetPlatform
[2018.08.23-06.22.43:700][  0]LogTemp: Display: Loaded TP Android_ETC1TargetPlatform
[2018.08.23-06.22.43:710][  0]LogTemp: Display: Loaded TP Android_ETC2TargetPlatform
[2018.08.23-06.22.43:730][  0]LogTemp: Display: Loaded TP Android_MultiTargetPlatform
[2018.08.23-06.22.43:730][  0]LogTemp: Display: Loaded TP Android_PVRTCTargetPlatform
[2018.08.23-06.22.43:740][  0]LogTemp: Display: Loaded TP AndroidTargetPlatform
[2018.08.23-06.22.43:741][  0]LogTemp: Display: Loaded TP HTML5TargetPlatform
[2018.08.23-06.22.43:775][  0]LogTemp: Display: Loaded TP IOSTargetPlatform
[2018.08.23-06.22.43:785][  0]LogTemp: Display: Loaded TP TVOSTargetPlatform
[2018.08.23-06.22.43:795][  0]LogTemp: Display: Loaded TP LinuxClientTargetPlatform
[2018.08.23-06.22.43:805][  0]LogTemp: Display: Loaded TP LinuxNoEditorTargetPlatform
[2018.08.23-06.22.43:815][  0]LogTemp: Display: Loaded TP LinuxServerTargetPlatform
[2018.08.23-06.22.43:830][  0]LogTemp: Display: Loaded TP LinuxTargetPlatform
[2018.08.23-06.22.43:830][  0]LogTargetPlatformManager: Display: Building Assets For Windows
[2018.08.23-06.22.43:919][  0]LogXGEController: Cleaning working directory: C:/Users/Bryce Lennox/AppData/Local/Temp/UnrealXGEWorkingDir/
[2018.08.23-06.22.43:919][  0]LogXGEController: Cannot use XGE Controller as Incredibuild is not installed on this machine.
[2018.08.23-06.22.43:919][  0]LogShaderCompilers: Cannot use XGE Shader Compiler as Incredibuild is not installed on this machine.
[2018.08.23-06.22.43:919][  0]LogShaderCompilers: Display: Using Local Shader Compiler.
[2018.08.23-06.22.44:451][  0]LogDerivedDataCache: Display: Max Cache Size: 512 MB
[2018.08.23-06.22.44:513][  0]LogDerivedDataCache: Loaded boot cache 0.06s 74MB C:/Users/Bryce Lennox/AppData/Local/UnrealEngine/4.19/DerivedDataCache/Boot.ddc.
[2018.08.23-06.22.44:513][  0]LogDerivedDataCache: Display: Loaded Boot cache: C:/Users/Bryce Lennox/AppData/Local/UnrealEngine/4.19/DerivedDataCache/Boot.ddc
[2018.08.23-06.22.44:513][  0]LogDerivedDataCache: FDerivedDataBackendGraph:  Pak pak cache file ../../../../../1.Games/1.Project - Upload/Robot_Ai_Game_Repo/Ai_Robo_Game/DerivedDataCache/DDC.ddp not found, will not use a pak cache.
[2018.08.23-06.22.44:513][  0]LogDerivedDataCache: Unable to find inner node Pak for hierarchical cache Hierarchy.
[2018.08.23-06.22.44:513][  0]LogDerivedDataCache: FDerivedDataBackendGraph:  CompressedPak pak cache file ../../../../../1.Games/1.Project - Upload/Robot_Ai_Game_Repo/Ai_Robo_Game/DerivedDataCache/Compressed.ddp not found, will not use a pak cache.
[2018.08.23-06.22.44:513][  0]LogDerivedDataCache: Unable to find inner node CompressedPak for hierarchical cache Hierarchy.
[2018.08.23-06.22.44:526][  0]LogDerivedDataCache: Display: Pak cache opened for reading ../../../Engine/DerivedDataCache/Compressed.ddp.
[2018.08.23-06.22.44:538][  0]LogDerivedDataCache: Using Local data cache path C:/Users/Bryce Lennox/AppData/Local/UnrealEngine/Common/DerivedDataCache: Writable
[2018.08.23-06.22.44:538][  0]LogDerivedDataCache: Shared data cache path not found in *engine.ini, will not use an Shared cache.
[2018.08.23-06.22.44:538][  0]LogDerivedDataCache: Unable to find inner node Shared for hierarchical cache Hierarchy.
[2018.08.23-06.22.44:548][  0]LogMaterial: Verifying Global Shaders for PCD3D_SM5
[2018.08.23-06.22.44:549][  0]LogSlate: Using Freetype 2.6.0
[2018.08.23-06.22.44:550][  0]LogSlate: SlateFontCache - WITH_FREETYPE: 1, WITH_HARFBUZZ: 1
[2018.08.23-06.22.44:550][  0]LogSlate: SlateFontCache - WITH_FREETYPE: 1, WITH_HARFBUZZ: 1
[2018.08.23-06.22.44:663][  0]LogAssetRegistry: FAssetRegistry took 0.0256 seconds to start up
[2018.08.23-06.22.44:923][  0]LogInit: Selected Device Profile: [Windows]
[2018.08.23-06.22.45:041][  0]LogSimplygon: Simplygon DLL not present - disabling.
[2018.08.23-06.22.45:044][  0]LogMeshReduction: Using SimplygonSwarm for distributed automatic mesh merging
[2018.08.23-06.22.45:044][  0]LogMeshReduction: Using QuadricMeshReduction for automatic static mesh reduction
[2018.08.23-06.22.45:044][  0]LogMeshReduction: No automatic skeletal mesh reduction module available
[2018.08.23-06.22.45:044][  0]LogMeshReduction: No automatic mesh merging module available
[2018.08.23-06.22.45:044][  0]LogMeshMerging: No automatic mesh merging module available
[2018.08.23-06.22.45:078][  0]LogNetVersion: Ai_Robo_Game , NetCL: 3944462, EngineNetVer: 2, GameNetVer: 0 (Checksum: 2716967238)
[2018.08.23-06.22.45:572][  0]LogPackageLocalizationCache: Processed 9 localized package path(s) for 2 prioritized culture(s) in 0.124302 seconds
[2018.08.23-06.22.45:578][  0]LogUObjectArray: 36728 objects as part of root set at end of initial load.
[2018.08.23-06.22.45:578][  0]LogUObjectAllocator: 7314304 out of 0 bytes used by permanent object pool.
[2018.08.23-06.22.45:578][  0]LogUObjectArray: CloseDisregardForGC: 0/0 objects in disregard for GC pool
[2018.08.23-06.22.47:119][  0]LogTcpMessaging: Initializing TcpMessaging bridge
[2018.08.23-06.22.47:146][  0]LogUdpMessaging: Initializing bridge on interface 0.0.0.0:0 to multicast group 230.0.0.1:6666.
[2018.08.23-06.22.47:473][  0]SourceControl: Source control is disabled
[2018.08.23-06.22.47:473][  0]SourceControl: Source control is disabled
[2018.08.23-06.22.47:491][  0]SourceControl: Source control is disabled
[2018.08.23-06.22.47:507][  0]SourceControl: Source control is disabled
[2018.08.23-06.22.47:955][  0]LogAndroidPermission: UAndroidPermissionCallbackProxy::GetInstance
[2018.08.23-06.22.48:095][  0]LogOcInput: OculusInput pre-init called
[2018.08.23-06.22.48:187][  0]LogEngine: Initializing Engine...
[2018.08.23-06.22.48:188][  0]LogHMD: Failed to initialize OpenVR with code 110
[2018.08.23-06.22.48:189][  0]LogStats: UGameplayTagsManager::ConstructGameplayTagTree: Construct from data asset -  0.000 s
[2018.08.23-06.22.48:189][  0]LogStats: UGameplayTagsManager::ConstructGameplayTagTree: GameplayTagTreeChangedEvent.Broadcast -  0.000 s
[2018.08.23-06.22.48:371][  0]LogAIModule: Creating AISystem for world Untitled
[2018.08.23-06.22.48:432][  0]LogInit: XAudio2 using 'Speakers (Realtek High Definition Audio)' : 2 channels at 48 kHz using 32 bits per sample (channel mask 0x3)
[2018.08.23-06.22.48:445][  0]LogInit: FAudioDevice initialized.
[2018.08.23-06.22.48:545][  0]LogDerivedDataCache: Saved boot cache 0.10s 74MB C:/Users/Bryce Lennox/AppData/Local/UnrealEngine/4.19/DerivedDataCache/Boot.ddc.
[2018.08.23-06.22.48:558][  0]LogInit: Texture streaming: Enabled
[2018.08.23-06.22.48:569][  0]LogEngineSessionManager: EngineSessionManager initialized
[2018.08.23-06.22.48:580][  0]LogInit: Transaction tracking system initialized
[2018.08.23-06.22.48:594][  0]BlueprintLog: New page: Editor Load
[2018.08.23-06.22.48:639][  0]LocalizationService: Localization service is disabled
[2018.08.23-06.22.48:709][  0]LogLinker: Warning: Can't find file '/Game/ThirdPersonBP/ThirdPersonOverview'
[2018.08.23-06.22.48:709][  0]LogLinker: Warning: Can't find file '/Game/ThirdPersonBP/ThirdPersonOverview'
[2018.08.23-06.22.48:709][  0]LogUObjectGlobals: Warning: Failed to find object 'Class /Game/ThirdPersonBP/ThirdPersonOverview.ThirdPersonOverview_C'
[2018.08.23-06.22.48:724][  0]LogConsoleResponse: Display: 
[2018.08.23-06.22.48:847][  0]LogCook: Display: Max memory allowance for cook 16384mb min free memory 0mb
[2018.08.23-06.22.48:847][  0]LogCook: Display: Mobile HDR setting 1
[2018.08.23-06.22.48:847][  0]LogGameplayTags: Display: UGameplayTagsManager::DoneAddingNativeTags. DelegateIsBound: 0
[2018.08.23-06.22.48:847][  0]LogStats: UGameplayTagsManager::ConstructGameplayTagTree: Construct from data asset -  0.000 s
[2018.08.23-06.22.48:847][  0]LogStats: UGameplayTagsManager::ConstructGameplayTagTree: GameplayTagTreeChangedEvent.Broadcast -  0.000 s
[2018.08.23-06.22.49:043][  0]LogFileCache: Scanning file cache for directory 'D:/1.Games/1.Project - Upload/Robot_Ai_Game_Repo/Ai_Robo_Game/Content/' took 0.01s
[2018.08.23-06.22.49:158][  0]SourceControl: Source control is disabled
[2018.08.23-06.22.49:158][  0]Cmd: MAP LOAD FILE="../../../../../1.Games/1.Project - Upload/Robot_Ai_Game_Repo/Ai_Robo_Game/Content/Maps/Main_Level.umap" TEMPLATE=0 SHOWPROGRESS=1 FEATURELEVEL=3
[2018.08.23-06.22.49:158][  0]LightingResults: New page: Lighting Build
[2018.08.23-06.22.49:160][  0]MapCheck: New page: Map Check
[2018.08.23-06.22.49:160][  0]LightingResults: New page: Lighting Build
[2018.08.23-06.22.49:176][  0]LogUObjectGlobals: Created PersistentFrame Addr=0x000002062cfe6860, Size=104, Default__Normal_C Function /Game/Robots/Normal.Normal_C:ExecuteUbergraph_Normal
[2018.08.23-06.22.49:179][  0]LogUObjectGlobals: Destroyed PersistentFrame Addr=0x000002062cfe6860, Size=104
[2018.08.23-06.22.49:179][  0]LogUObjectGlobals: Created PersistentFrame Addr=0x000002062cfe6860, Size=104, Default__Normal_C Function /Engine/Transient.REINST_Normal_C_1:ExecuteUbergraph_Normal
[2018.08.23-06.22.49:182][  0]LogUObjectGlobals: Created PersistentFrame Addr=0x000002062d5c8e90, Size=104, Default__Normal_C Function /Game/Robots/Normal.Normal_C:ExecuteUbergraph_Normal
[2018.08.23-06.22.49:188][  0]LogUObjectGlobals: Created PersistentFrame Addr=0x000002062c9c3580, Size=360, Default__Runner_C Function /Game/Robots/Runner.Runner_C:ExecuteUbergraph_Runner
[2018.08.23-06.22.49:194][  0]LogUObjectGlobals: Destroyed PersistentFrame Addr=0x000002062c9c3580, Size=360
[2018.08.23-06.22.49:194][  0]LogUObjectGlobals: Created PersistentFrame Addr=0x0000020610569000, Size=360, Default__Runner_C Function /Engine/Transient.REINST_Runner_C_3:ExecuteUbergraph_Runner
[2018.08.23-06.22.49:199][  0]LogUObjectGlobals: Created PersistentFrame Addr=0x000002061051b580, Size=360, Default__Runner_C Function /Game/Robots/Runner.Runner_C:ExecuteUbergraph_Runner
[2018.08.23-06.22.49:218][  0]LogUObjectGlobals: Created PersistentFrame Addr=0x0000020610467e40, Size=416, Default__Shooter_C Function /Game/Robots/Shooter.Shooter_C:ExecuteUbergraph_Shooter
[2018.08.23-06.22.49:222][  0]LogUObjectGlobals: Destroyed PersistentFrame Addr=0x0000020610467e40, Size=416
[2018.08.23-06.22.49:222][  0]LogUObjectGlobals: Created PersistentFrame Addr=0x0000020610467e40, Size=416, Default__Shooter_C Function /Engine/Transient.REINST_Shooter_C_7:ExecuteUbergraph_Shooter
[2018.08.23-06.22.49:227][  0]LogUObjectGlobals: Created PersistentFrame Addr=0x0000020610464640, Size=416, Default__Shooter_C Function /Game/Robots/Shooter.Shooter_C:ExecuteUbergraph_Shooter
[2018.08.23-06.22.49:296][  0]LogUObjectGlobals: Created PersistentFrame Addr=0x0000020610cf1d00, Size=1224, Default__Main_Level_C Function /Game/Maps/Main_Level.Main_Level_C:ExecuteUbergraph_Main_Level
[2018.08.23-06.22.49:304][  0]LogUObjectGlobals: Destroyed PersistentFrame Addr=0x0000020610cf1d00, Size=1224
[2018.08.23-06.22.49:304][  0]LogUObjectGlobals: Created PersistentFrame Addr=0x0000020610a1d600, Size=1224, Default__Main_Level_C Function /Engine/Transient.REINST_Main_Level_C_12:ExecuteUbergraph_Main_Level
[2018.08.23-06.22.49:310][  0]LogUObjectGlobals: Created PersistentFrame Addr=0x000002061097dd00, Size=1224, Default__Main_Level_C Function /Game/Maps/Main_Level.Main_Level_C:ExecuteUbergraph_Main_Level
[2018.08.23-06.22.49:437][  0]LogAIModule: Creating AISystem for world Main_Level
[2018.08.23-06.22.49:444][  0]LogEditorServer: Finished looking for orphan Actors (0.000 secs)
[2018.08.23-06.22.49:454][  0]LogUObjectGlobals: Destroyed PersistentFrame Addr=0x000002062cfe6860, Size=104
[2018.08.23-06.22.49:454][  0]LogUObjectGlobals: Destroyed PersistentFrame Addr=0x0000020610569000, Size=360
[2018.08.23-06.22.49:455][  0]LogUObjectGlobals: Destroyed PersistentFrame Addr=0x0000020610467e40, Size=416
[2018.08.23-06.22.49:455][  0]LogUObjectGlobals: Destroyed PersistentFrame Addr=0x0000020610a1d600, Size=1224
[2018.08.23-06.22.49:455][  0]Cmd: MAP CHECKDEP NOCLEARLOG
[2018.08.23-06.22.49:500][  0]MapCheck: Map check complete: 0 Error(s), 0 Warning(s), took 44.843ms to complete.
[2018.08.23-06.22.49:501][  0]LogFileHelpers: Loading map 'Main_Level' took 0.342
[2018.08.23-06.22.49:620][  0]LogCollectionManager: Loaded 0 collections in 0.000884 seconds
[2018.08.23-06.22.49:663][  0]LogFileCache: Scanning file cache for directory 'D:/1.Games/1.Project - Upload/Robot_Ai_Game_Repo/Ai_Robo_Game/Saved/Collections/' took 0.01s
[2018.08.23-06.22.49:663][  0]LogFileCache: Scanning file cache for directory 'D:/1.Games/1.Project - Upload/Robot_Ai_Game_Repo/Ai_Robo_Game/Content/Developers/BryceLennox/Collections/' took 0.01s
[2018.08.23-06.22.49:663][  0]LogFileCache: Scanning file cache for directory 'D:/1.Games/1.Project - Upload/Robot_Ai_Game_Repo/Ai_Robo_Game/Content/Collections/' took 0.01s
[2018.08.23-06.22.49:663][  0]LogCollectionManager: Rebuilt the GUID cache for 0 collections in 0.000001 seconds
[2018.08.23-06.22.49:670][  0]LogContentBrowser: Native class hierarchy populated in 0.0071 seconds. Added 2452 classes and 558 folders.
[2018.08.23-06.22.49:674][  0]LogContentBrowser: Native class hierarchy updated for 'WidgetCarousel' in 0.0002 seconds. Added 0 classes and 0 folders.
[2018.08.23-06.22.49:720][  0]LogContentBrowser: Native class hierarchy updated for 'AddContentDialog' in 0.0002 seconds. Added 0 classes and 0 folders.
[2018.08.23-06.22.49:724][  0]LogContentBrowser: Native class hierarchy updated for 'SceneOutliner' in 0.0003 seconds. Added 1 classes and 2 folders.
[2018.08.23-06.22.50:772][  0]LogSlate: Only BGRA pngs, bmps or icos are supported in by External Image Picker
[2018.08.23-06.22.50:818][  0]LogContentBrowser: Native class hierarchy updated for 'HierarchicalLODOutliner' in 0.0004 seconds. Added 0 classes and 0 folders.
[2018.08.23-06.22.50:819][  0]LogLoad: (Engine Initialization) Total time: 10.56 seconds
[2018.08.23-06.22.50:819][  0]LogLoad: (Engine Initialization) Total Blueprint compile time: 0.00 seconds
[2018.08.23-06.22.50:829][  0]LogTemp: Executing iPhonePackager certificates Engine -bundlename com.YourCompany.AiRoboGame
[2018.08.23-06.22.50:829][  0]LogTemp: CWD: D:\Epic Games\UE_4.19\Engine\Binaries\DotNET\IOS
[2018.08.23-06.22.50:829][  0]LogTemp: Initial Dir: D:\Epic Games\UE_4.19
[2018.08.23-06.22.50:829][  0]LogTemp: Env CWD: D:\Epic Games\UE_4.19\Engine\Binaries\DotNET\IOS
[2018.08.23-06.22.50:829][  0]LogTemp: BranchPath = BRYCE/D/Epic Games/UE_4.19/Engine/Binaries --- GameBranchPath = BRYCE/D/Epic Games/UE_4.19/Engine/Binaries
[2018.08.23-06.22.50:829][  0]LogWindowsTextInputMethodSystem: Display: IME system now deactivated.
[2018.08.23-06.22.50:841][  0]LogTemp: IPP ERROR: Could not find provision directory 'C:\Users\Bryce Lennox\AppData\Local/Apple Computer/MobileDevice/Provisioning Profiles/'.
[2018.08.23-06.22.50:860][  0]LogContentStreaming: Texture pool size now 1000 MB
[2018.08.23-06.22.50:862][  0]LogSlate: Took 0.000278 seconds to synchronously load lazily loaded font '../../../Engine/Content/Slate/Fonts/Roboto-Regular.ttf' (155K)
[2018.08.23-06.22.50:863][  0]LogSlate: Took 0.000176 seconds to synchronously load lazily loaded font '../../../Engine/Content/Slate/Fonts/Roboto-Bold.ttf' (160K)
[2018.08.23-06.22.50:868][  0]LogSlate: Took 0.000204 seconds to synchronously load lazily loaded font '../../../Engine/Content/Editor/Slate/Fonts/FontAwesome.ttf' (139K)
[2018.08.23-06.22.50:905][  0]LogRenderer: Reallocating scene render targets to support 64x64 Format 10 NumSamples 1 (Frame:1).
[2018.08.23-06.22.50:974][  0]LogRenderer: Reallocating scene render targets to support 804x372 Format 10 NumSamples 1 (Frame:1).
[2018.08.23-06.22.50:974][  0]LogSlate: Took 0.000235 seconds to synchronously load lazily loaded font '../../../Engine/Content/Slate/Fonts/Roboto-Light.ttf' (167K)
[2018.08.23-06.22.51:002][  1]LogAssetRegistry: Asset discovery search completed in 6.3613 seconds
[2018.08.23-06.22.51:005][  1]LogCollectionManager: Rebuilt the object cache for 0 collections in 0.000001 seconds (found 0 objects)
[2018.08.23-06.22.51:005][  1]LogCollectionManager: Fixed up redirectors for 0 collections in 0.000094 seconds (updated 0 objects)
[2018.08.23-06.22.54:233][380]LogSlate: FSceneViewport::OnFocusLost() reason 0
[2018.08.23-06.23.05:124][660]LogSlate: Took 0.000213 seconds to synchronously load lazily loaded font '../../../Engine/Content/Slate/Fonts/Roboto-Light.ttf' (167K)
[2018.08.23-06.23.05:459][660]LogRenderer: Reallocating scene render targets to support 1004x704 Format 10 NumSamples 1 (Frame:1).
[2018.08.23-06.23.08:994][ 74]LogSlate: Window 'TM_HOMEBREW_Inst*' being destroyed
[2018.08.23-06.23.08:999][ 74]LogSlate: Window 'TM_HOMEBREW_Inst*' being destroyed
[2018.08.23-06.23.09:027][ 74]LogMaterial: Missing cached shader map for material FDebugViewModeMaterialProxy TM_HOMEBREW_Inst, compiling. 
[2018.08.23-06.23.09:458][ 74]LogShaderCompilers: Display: Shaders left to compile 1
[2018.08.23-06.23.09:459][ 74]TextureStreamingBuild: Display: Compiling optional shaders took 0.437 seconds.
[2018.08.23-06.23.10:310][167]LogMaterial: Missing cached shader map for material TM_HOMEBREW, compiling. 
[2018.08.23-06.23.10:405][167]LogMaterial: Missing cached shader map for material TM_HOMEBREW, compiling. 
[2018.08.23-06.23.10:412][167]LogMaterial: Missing cached shader map for material TM_HOMEBREW, compiling. 
[2018.08.23-06.23.10:423][167]LogShaderCompilers: Display: Shaders left to compile 16
[2018.08.23-06.23.10:423][167]LogShaderCompilers: Display: Shaders left to compile 15
[2018.08.23-06.23.10:423][167]LogShaderCompilers: Display: Shaders left to compile 14
[2018.08.23-06.23.10:423][167]LogShaderCompilers: Display: Shaders left to compile 13
[2018.08.23-06.23.10:447][167]LogMaterial: Missing cached shader map for material FMatExpressionPreview MaterialExpressionConstant3Vector_0, compiling. 
[2018.08.23-06.23.10:463][167]LogSlate: Took 0.000202 seconds to synchronously load lazily loaded font '../../../Engine/Content/Slate/Fonts/Roboto-BoldCondensed.ttf' (158K)
[2018.08.23-06.23.10:589][168]LogShaderCompilers: Display: Shaders left to compile 14
[2018.08.23-06.23.10:758][180]LogShaderCompilers: Display: Shaders left to compile 13
[2018.08.23-06.23.10:987][197]LogShaderCompilers: Display: Shaders left to compile 12
[2018.08.23-06.23.11:002][198]LogShaderCompilers: Display: Shaders left to compile 11
[2018.08.23-06.23.11:015][199]LogShaderCompilers: Display: Shaders left to compile 10
[2018.08.23-06.23.11:015][199]LogShaderCompilers: Display: Shaders left to compile 9
[2018.08.23-06.23.11:155][210]LogShaderCompilers: Display: Shaders left to compile 8
[2018.08.23-06.23.11:252][217]LogShaderCompilers: Display: Shaders left to compile 7
[2018.08.23-06.23.11:404][227]LogShaderCompilers: Display: Shaders left to compile 6
[2018.08.23-06.23.11:431][229]LogShaderCompilers: Display: Shaders left to compile 5
[2018.08.23-06.23.11:566][239]LogShaderCompilers: Display: Shaders left to compile 4
[2018.08.23-06.23.11:634][244]LogShaderCompilers: Display: Shaders left to compile 3
[2018.08.23-06.23.11:685][248]LogShaderCompilers: Display: Shaders left to compile 2
[2018.08.23-06.23.11:778][255]LogShaderCompilers: Display: Shaders left to compile 1
[2018.08.23-06.23.11:920][266]MaterialEditorStats: Base pass shader: 100 instructions
[2018.08.23-06.23.11:920][266]MaterialEditorStats: Base pass shader with Volumetric Lightmap: 173 instructions
[2018.08.23-06.23.11:920][266]MaterialEditorStats: Vertex shader: 34 instructions
[2018.08.23-06.23.11:920][266]MaterialEditorStats: Texture samplers: 2/16
[2018.08.23-06.23.13:517][446]LogMaterial: Missing cached shader map for material TM_HOMEBREW, compiling. 
[2018.08.23-06.23.13:524][446]LogMaterial: Missing cached shader map for material FMatExpressionPreview MaterialExpressionVectorParameter_0, compiling. 
[2018.08.23-06.23.13:546][446]LogShaderCompilers: Display: Shaders left to compile 16
[2018.08.23-06.23.13:546][446]LogShaderCompilers: Display: Shaders left to compile 15
[2018.08.23-06.23.13:546][446]LogShaderCompilers: Display: Shaders left to compile 14
[2018.08.23-06.23.13:546][446]LogShaderCompilers: Display: Shaders left to compile 13
[2018.08.23-06.23.13:549][446]LogMaterial: Missing cached shader map for material FMatExpressionPreview MaterialExpressionVectorParameter_0, compiling. 
[2018.08.23-06.23.13:582][446]LogMaterial: Missing cached shader map for material TM_HOMEBREW, compiling. 
[2018.08.23-06.23.13:624][446]LogMaterial: Missing cached shader map for material FMatExpressionPreview MaterialExpressionVectorParameter_0, compiling. 
[2018.08.23-06.23.13:718][447]LogShaderCompilers: Display: Shaders left to compile 18
[2018.08.23-06.23.13:718][447]LogShaderCompilers: Display: Shaders left to compile 17
[2018.08.23-06.23.13:719][447]LogShaderCompilers: Display: Shaders left to compile 16
[2018.08.23-06.23.13:719][447]LogSlate: Took 0.030378 seconds to synchronously load lazily loaded font '../../../Engine/Content/Slate/Fonts/Roboto-Italic.ttf' (157K)
[2018.08.23-06.23.13:730][448]LogShaderCompilers: Display: Shaders left to compile 15
[2018.08.23-06.23.13:914][462]LogShaderCompilers: Display: Shaders left to compile 14
[2018.08.23-06.23.13:928][463]LogShaderCompilers: Display: Shaders left to compile 13
[2018.08.23-06.23.13:942][464]LogShaderCompilers: Display: Shaders left to compile 12
[2018.08.23-06.23.13:954][465]LogShaderCompilers: Display: Shaders left to compile 11
[2018.08.23-06.23.14:081][474]LogShaderCompilers: Display: Shaders left to compile 10
[2018.08.23-06.23.14:106][476]LogShaderCompilers: Display: Shaders left to compile 9
[2018.08.23-06.23.14:118][477]LogShaderCompilers: Display: Shaders left to compile 8
[2018.08.23-06.23.14:286][490]LogShaderCompilers: Display: Shaders left to compile 7
[2018.08.23-06.23.14:338][494]LogShaderCompilers: Display: Shaders left to compile 6
[2018.08.23-06.23.14:472][505]LogShaderCompilers: Display: Shaders left to compile 5
[2018.08.23-06.23.14:512][508]LogShaderCompilers: Display: Shaders left to compile 4
[2018.08.23-06.23.14:559][512]LogShaderCompilers: Display: Shaders left to compile 3
[2018.08.23-06.23.14:678][520]LogShaderCompilers: Display: Shaders left to compile 2
[2018.08.23-06.23.14:758][526]LogShaderCompilers: Display: Shaders left to compile 1
[2018.08.23-06.23.14:851][534]MaterialEditorStats: Base pass shader: 101 instructions
[2018.08.23-06.23.14:851][534]MaterialEditorStats: Base pass shader with Volumetric Lightmap: 174 instructions
[2018.08.23-06.23.14:851][534]MaterialEditorStats: Vertex shader: 34 instructions
[2018.08.23-06.23.14:851][534]MaterialEditorStats: Texture samplers: 2/16
[2018.08.23-06.23.19:658][ 98]LogMaterialEditor: Applying material TM_HOMEBREW
[2018.08.23-06.23.20:042][ 98]LogMaterial: Missing cached shader map for material TM_HOMEBREW, compiling. 
[2018.08.23-06.23.20:068][ 98]LogShaderCompilers: Display: Shaders left to compile 16
[2018.08.23-06.23.20:068][ 98]LogShaderCompilers: Display: Shaders left to compile 15
[2018.08.23-06.23.20:068][ 98]LogShaderCompilers: Display: Shaders left to compile 14
[2018.08.23-06.23.20:068][ 98]LogShaderCompilers: Display: Shaders left to compile 13
[2018.08.23-06.23.20:086][ 98]LogMaterial: Missing cached shader map for material TM_HOMEBREW, compiling. 
[2018.08.23-06.23.20:106][ 98]LogMaterial: Missing cached shader map for material TM_HOMEBREW, compiling. 
[2018.08.23-06.23.20:133][ 98]LogMaterial: Missing cached shader map for material FDebugViewModeMaterialProxy TM_HOMEBREW, compiling. 
[2018.08.23-06.23.20:928][ 98]LogShaderCompilers: Display: Shaders left to compile 35
[2018.08.23-06.23.20:929][ 98]LogShaderCompilers: Display: Shaders left to compile 34
[2018.08.23-06.23.20:929][ 98]LogShaderCompilers: Display: Shaders left to compile 33
[2018.08.23-06.23.20:929][ 98]LogShaderCompilers: Display: Shaders left to compile 32
[2018.08.23-06.23.20:929][ 98]LogShaderCompilers: Display: Shaders left to compile 31
[2018.08.23-06.23.20:929][ 98]LogShaderCompilers: Display: Shaders left to compile 30
[2018.08.23-06.23.20:929][ 98]LogShaderCompilers: Display: Shaders left to compile 29
[2018.08.23-06.23.20:929][ 98]LogShaderCompilers: Display: Shaders left to compile 28
[2018.08.23-06.23.20:929][ 98]LogShaderCompilers: Display: Shaders left to compile 27
[2018.08.23-06.23.20:929][ 98]LogShaderCompilers: Display: Shaders left to compile 26
[2018.08.23-06.23.20:929][ 98]LogShaderCompilers: Display: Shaders left to compile 25
[2018.08.23-06.23.20:929][ 98]LogShaderCompilers: Display: Shaders left to compile 24
[2018.08.23-06.23.20:929][ 98]LogShaderCompilers: Display: Shaders left to compile 23
[2018.08.23-06.23.20:929][ 98]LogShaderCompilers: Display: Shaders left to compile 22
[2018.08.23-06.23.20:929][ 98]LogShaderCompilers: Display: Shaders left to compile 12
[2018.08.23-06.23.20:929][ 98]LogShaderCompilers: Display: Shaders left to compile 2
[2018.08.23-06.23.20:930][ 98]TextureStreamingBuild: Display: Compiling optional shaders took 0.803 seconds.
[2018.08.23-06.23.21:489][148]LogMaterialEditor: Saving and Compiling material TM_HOMEBREW
[2018.08.23-06.23.22:809][148]Cmd: OBJ SAVEPACKAGE PACKAGE="/Game/Test_Mats/TM_HOMEBREW" FILE="../../../../../1.Games/1.Project - Upload/Robot_Ai_Game_Repo/Ai_Robo_Game/Content/Test_Mats/TM_HOMEBREW.uasset" SILENT=true
[2018.08.23-06.23.22:851][148]LogSavePackage: Save=16.09ms
[2018.08.23-06.23.22:851][148]LogSavePackage: Moving '../../../../../1.Games/1.Project - Upload/Robot_Ai_Game_Repo/Ai_Robo_Game/Saved/TM_HOMEBREWCA7AFA4D4EE54DFD51BAFBB5218C2E2C.tmp' to '../../../../../1.Games/1.Project - Upload/Robot_Ai_Game_Repo/Ai_Robo_Game/Content/Test_Mats/TM_HOMEBREW.uasset'
[2018.08.23-06.23.22:856][148]LogSavePackage: Display: Finished SavePackage ../../../../../1.Games/1.Project - Upload/Robot_Ai_Game_Repo/Ai_Robo_Game/Content/Test_Mats/TM_HOMEBREW.uasset
[2018.08.23-06.23.22:863][148]MaterialEditorStats: Base pass shader: 101 instructions
[2018.08.23-06.23.22:863][148]MaterialEditorStats: Base pass shader with Volumetric Lightmap: 174 instructions
[2018.08.23-06.23.22:863][148]MaterialEditorStats: Vertex shader: 34 instructions
[2018.08.23-06.23.22:863][148]MaterialEditorStats: Texture samplers: 3/16
[2018.08.23-06.23.32:165][188]LogSlate: Window 'Color Picker' being destroyed
[2018.08.23-06.23.34:192][424]Cmd: OBJ SAVEPACKAGE PACKAGE="/Game/Test_Mats/TM_HOMEBREW_Inst" FILE="../../../../../1.Games/1.Project - Upload/Robot_Ai_Game_Repo/Ai_Robo_Game/Content/Test_Mats/TM_HOMEBREW_Inst.uasset" SILENT=true
[2018.08.23-06.23.34:207][424]LogMaterial: Missing cached shader map for material FDebugViewModeMaterialProxy TM_HOMEBREW_Inst, compiling. 
[2018.08.23-06.23.34:319][424]LogShaderCompilers: Display: Shaders left to compile 1
[2018.08.23-06.23.34:319][424]TextureStreamingBuild: Display: Compiling optional shaders took 0.115 seconds.
[2018.08.23-06.23.34:341][424]LogSavePackage: Save=13.17ms
[2018.08.23-06.23.34:341][424]LogSavePackage: Moving '../../../../../1.Games/1.Project - Upload/Robot_Ai_Game_Repo/Ai_Robo_Game/Saved/TM_HOMEBREW_Inst19EEB5F24368E29E4E10AAB03EC3B8D9.tmp' to '../../../../../1.Games/1.Project - Upload/Robot_Ai_Game_Repo/Ai_Robo_Game/Content/Test_Mats/TM_HOMEBREW_Inst.uasset'
[2018.08.23-06.23.34:345][424]LogSavePackage: Display: Finished SavePackage ../../../../../1.Games/1.Project - Upload/Robot_Ai_Game_Repo/Ai_Robo_Game/Content/Test_Mats/TM_HOMEBREW_Inst.uasset
[2018.08.23-06.23.35:794][595]LogSlate: Window 'TM_HOMEBREW_Inst' being destroyed
[2018.08.23-06.23.35:797][595]LogSlate: Window 'TM_HOMEBREW_Inst' being destroyed
[2018.08.23-06.23.38:030][838]LogUObjectGlobals: Destroyed PersistentFrame Addr=0x000002061097dd00, Size=1224
[2018.08.23-06.23.38:030][838]LogUObjectGlobals: Created PersistentFrame Addr=0x0000020648927200, Size=1224, Default__Main_Level_C Function /Engine/Transient.REINST_Main_Level_C_16:ExecuteUbergraph_Main_Level
[2018.08.23-06.23.38:036][838]LogUObjectGlobals: Created PersistentFrame Addr=0x000002061f06b900, Size=1224, Default__Main_Level_C Function /Game/Maps/Main_Level.Main_Level_C:ExecuteUbergraph_Main_Level
[2018.08.23-06.23.38:185][838]LogSavePackage: Save=187.77ms
[2018.08.23-06.23.38:185][838]LogSavePackage: Moving '../../../../../1.Games/1.Project - Upload/Robot_Ai_Game_Repo/Ai_Robo_Game/Saved/Main_Level0FD9C4D04E7ECAFD62133A9D9D6DCBC3.tmp' to '../../../../../1.Games/1.Project - Upload/Robot_Ai_Game_Repo/Ai_Robo_Game/Content/Maps/Main_Level.umap'
[2018.08.23-06.23.38:191][838]LogSavePackage: Display: Finished SavePackage ../../../../../1.Games/1.Project - Upload/Robot_Ai_Game_Repo/Ai_Robo_Game/Content/Maps/Main_Level.umap
[2018.08.23-06.23.38:223][838]Cmd: OBJ SAVEPACKAGE PACKAGE="/Game/Maps/Main_Level_BuiltData" FILE="../../../../../1.Games/1.Project - Upload/Robot_Ai_Game_Repo/Ai_Robo_Game/Content/Maps/Main_Level_BuiltData.uasset" SILENT=true
[2018.08.23-06.23.38:247][838]LogSavePackage: Save=13.62ms
[2018.08.23-06.23.38:247][838]LogSavePackage: Moving '../../../../../1.Games/1.Project - Upload/Robot_Ai_Game_Repo/Ai_Robo_Game/Saved/Main_Level_BuiltData1E6077EB43A34A4657C463BBD83614FE.tmp' to '../../../../../1.Games/1.Project - Upload/Robot_Ai_Game_Repo/Ai_Robo_Game/Content/Maps/Main_Level_BuiltData.uasset'
[2018.08.23-06.23.38:250][838]LogSavePackage: Display: Finished SavePackage ../../../../../1.Games/1.Project - Upload/Robot_Ai_Game_Repo/Ai_Robo_Game/Content/Maps/Main_Level_BuiltData.uasset
[2018.08.23-06.23.39:228][953]LogUObjectGlobals: Destroyed PersistentFrame Addr=0x0000020648927200, Size=1224
